Log file open, 08/07/19 18:26:39
LogWindows: Failed to load 'aqProf.dll' (GetLastError=126)
LogWindows: File 'aqProf.dll' does not exist
LogWindows: Failed to load 'VtuneApi.dll' (GetLastError=126)
LogWindows: File 'VtuneApi.dll' does not exist
LogWindows: Failed to load 'VtuneApi32e.dll' (GetLastError=126)
LogWindows: File 'VtuneApi32e.dll' does not exist
LogConsoleResponse: Display: Failed to find resolution value strings in scalability ini. Falling back to default.
LogInit: Display: Running engine for game: Prova
LogPakFile: Registered encryption key '00000000000000000000000000000000': 0 pak files mounted, 0 remain pending
LogPlatformFile: Not using cached read wrapper
LogTaskGraph: Started task graph with 5 named threads and 35 total threads with 3 sets of task threads.
LogStats: Stats thread started at 0.393372
LogD3D11RHI: Loaded GFSDK_Aftermath_Lib.x64.dll
LogICUInternationalization: ICU TimeZone Detection - Raw Offset: +1:00, Platform Override: ''
LogPluginManager: Mounting plugin Paper2D
LogPluginManager: Mounting plugin AISupport
LogPluginManager: Mounting plugin LightPropagationVolume
LogPluginManager: Mounting plugin ActorLayerUtilities
LogPluginManager: Mounting plugin AnimationSharing
LogPluginManager: Mounting plugin CLionSourceCodeAccess
LogPluginManager: Mounting plugin CodeLiteSourceCodeAccess
LogPluginManager: Mounting plugin GitSourceControl
LogPluginManager: Mounting plugin KDevelopSourceCodeAccess
LogPluginManager: Mounting plugin NullSourceCodeAccess
LogPluginManager: Mounting plugin PerforceSourceControl
LogPluginManager: Mounting plugin SubversionSourceControl
LogPluginManager: Mounting plugin UObjectPlugin
LogPluginManager: Mounting plugin VisualStudioCodeSourceCodeAccess
LogPluginManager: Mounting plugin VisualStudioSourceCodeAccess
LogPluginManager: Mounting plugin XCodeSourceCodeAccess
LogPluginManager: Mounting plugin AssetManagerEditor
LogPluginManager: Mounting plugin CryptoKeys
LogPluginManager: Mounting plugin DataValidation
LogPluginManager: Mounting plugin FacialAnimation
LogPluginManager: Mounting plugin GameplayTagsEditor
LogPluginManager: Mounting plugin MacGraphicsSwitching
LogPluginManager: Mounting plugin MaterialAnalyzer
LogPluginManager: Mounting plugin MobileLauncherProfileWizard
LogPluginManager: Mounting plugin PluginBrowser
LogPluginManager: Mounting plugin SpeedTreeImporter
LogPluginManager: Mounting plugin DatasmithContent
LogPluginManager: Mounting plugin VariantManagerContent
LogPluginManager: Mounting plugin AlembicImporter
LogPluginManager: Mounting plugin AppleImageUtils
LogPluginManager: Mounting plugin AppleVision
LogPluginManager: Mounting plugin BackChannel
LogPluginManager: Mounting plugin CharacterAI
LogPluginManager: Mounting plugin GeometryCache
LogPluginManager: Mounting plugin HTML5Networking
LogPluginManager: Mounting plugin ProxyLODPlugin
LogPluginManager: Mounting plugin SkeletalReduction
LogPluginManager: Mounting plugin MagicLeap
LogPluginManager: Mounting plugin MagicLeapMedia
LogPluginManager: Mounting plugin AndroidMedia
LogPluginManager: Mounting plugin AvfMedia
LogPluginManager: Mounting plugin ImgMedia
LogPluginManager: Mounting plugin LinearTimecode
LogPluginManager: Mounting plugin MediaCompositing
LogPluginManager: Mounting plugin MediaPlayerEditor
LogPluginManager: Mounting plugin WebMMedia
LogPluginManager: Mounting plugin WmfMedia
LogPluginManager: Mounting plugin TcpMessaging
LogPluginManager: Mounting plugin UdpMessaging
LogPluginManager: Mounting plugin ActorSequence
LogPluginManager: Mounting plugin LevelSequenceEditor
LogPluginManager: Mounting plugin MatineeToLevelSequence
LogPluginManager: Mounting plugin NetcodeUnitTest
LogPluginManager: Mounting plugin NUTUnrealEngine4
LogPluginManager: Mounting plugin OnlineSubsystemGooglePlay
LogPluginManager: Mounting plugin OnlineSubsystemIOS
LogPluginManager: Mounting plugin OnlineSubsystem
LogPluginManager: Mounting plugin OnlineSubsystemNull
LogPluginManager: Mounting plugin OnlineSubsystemUtils
LogPluginManager: Mounting plugin LauncherChunkInstaller
LogPluginManager: Mounting plugin AndroidDeviceProfileSelector
LogPluginManager: Mounting plugin AndroidMoviePlayer
LogPluginManager: Mounting plugin AndroidPermission
LogPluginManager: Mounting plugin AppleMoviePlayer
LogPluginManager: Mounting plugin ArchVisCharacter
LogPluginManager: Mounting plugin AudioCapture
LogPluginManager: Mounting plugin CableComponent
LogPluginManager: Mounting plugin CustomMeshComponent
LogPluginManager: Mounting plugin EditableMesh
LogPluginManager: Mounting plugin ExampleDeviceProfileSelector
LogPluginManager: Mounting plugin Firebase
LogPluginManager: Mounting plugin GoogleCloudMessaging
LogPluginManager: Mounting plugin IOSDeviceProfileSelector
LogPluginManager: Mounting plugin LinuxDeviceProfileSelector
LogPluginManager: Mounting plugin LocationServicesBPLibrary
LogPluginManager: Mounting plugin MobilePatchingUtils
LogPluginManager: Mounting plugin OculusVR
LogPluginManager: Mounting plugin PhysXVehicles
LogPluginManager: Mounting plugin ProceduralMeshComponent
LogPluginManager: Mounting plugin RuntimePhysXCooking
LogPluginManager: Mounting plugin SignificanceManager
LogPluginManager: Mounting plugin SteamVR
LogPluginManager: Mounting plugin WebMMoviePlayer
LogPluginManager: Mounting plugin WindowsMoviePlayer
LogInit: Using libcurl 7.55.1-DEV
LogInit:  - built for x86_64-pc-win32
LogInit:  - supports SSL with OpenSSL/1.1.1
LogInit:  - supports HTTP deflate (compression) using libz 1.2.8
LogInit:  - other features:
LogInit:      CURL_VERSION_SSL
LogInit:      CURL_VERSION_LIBZ
LogInit:      CURL_VERSION_IPV6
LogInit:      CURL_VERSION_ASYNCHDNS
LogInit:      CURL_VERSION_LARGEFILE
LogInit:      CURL_VERSION_IDN
LogInit:  CurlRequestOptions (configurable via config and command line):
LogInit:  - bVerifyPeer = true  - Libcurl will verify peer certificate
LogInit:  - bUseHttpProxy = false  - Libcurl will NOT use HTTP proxy
LogInit:  - bDontReuseConnections = false  - Libcurl will reuse connections
LogInit:  - MaxHostConnections = 16  - Libcurl will limit the number of connections to a host
LogInit:  - LocalHostAddr = Default
LogInit:  - BufferSize = 65536
LogInit: WinSock: version 1.1 (2.2), MaxSocks=32767, MaxUdp=65467
LogInit: Build: ++UE4+Release-4.22-CL-7053642
LogInit: Engine Version: 4.22.3-7053642+++UE4+Release-4.22
LogInit: Compatible Engine Version: 4.22.0-5660361+++UE4+Release-4.22
LogInit: Net CL: 5660361
LogInit: OS: Windows 10 (Release 1903) (), CPU: Intel(R) Core(TM) i7-8750H CPU @ 2.20GHz, GPU: Intel(R) UHD Graphics 630
LogInit: Compiled (64-bit): Jun 18 2019 03:09:11
LogInit: Compiled with Visual C++: 19.16.27025.01
LogInit: Build Configuration: Development
LogInit: Branch Name: ++UE4+Release-4.22
LogInit: Command Line: 
LogInit: Base Directory: C:/Program Files/Epic Games/UE_4.22/Engine/Binaries/Win64/
LogInit: Installed Engine Build: 1
LogDevObjectVersion: Number of dev versions registered: 23
LogDevObjectVersion:   Dev-Blueprints (B0D832E4-1F89-4F0D-ACCF-7EB736FD4AA2): 10
LogDevObjectVersion:   Dev-Build (E1C64328-A22C-4D53-A36C-8E866417BD8C): 0
LogDevObjectVersion:   Dev-Core (375EC13C-06E4-48FB-B500-84F0262A717E): 3
LogDevObjectVersion:   Dev-Editor (E4B068ED-F494-42E9-A231-DA0B2E46BB41): 30
LogDevObjectVersion:   Dev-Framework (CFFC743F-43B0-4480-9391-14DF171D2073): 35
LogDevObjectVersion:   Dev-Mobile (B02B49B5-BB20-44E9-A304-32B752E40360): 2
LogDevObjectVersion:   Dev-Networking (A4E4105C-59A1-49B5-A7C5-40C4547EDFEE): 0
LogDevObjectVersion:   Dev-Online (39C831C9-5AE6-47DC-9A44-9C173E1C8E7C): 0
LogDevObjectVersion:   Dev-Physics (78F01B33-EBEA-4F98-B9B4-84EACCB95AA2): 0
LogDevObjectVersion:   Dev-Platform (6631380F-2D4D-43E0-8009-CF276956A95A): 0
LogDevObjectVersion:   Dev-Rendering (12F88B9F-8875-4AFC-A67C-D90C383ABD29): 28
LogDevObjectVersion:   Dev-Sequencer (7B5AE74C-D270-4C10-A958-57980B212A5A): 11
LogDevObjectVersion:   Dev-VR (D7296918-1DD6-4BDD-9DE2-64A83CC13884): 2
LogDevObjectVersion:   Dev-LoadTimes (C2A15278-BFE7-4AFE-6C17-90FF531DF755): 1
LogDevObjectVersion:   Private-Geometry (6EACA3D4-40EC-4CC1-B786-8BED09428FC5): 3
LogDevObjectVersion:   Dev-AnimPhys (29E575DD-E0A3-4627-9D10-D276232CDCEA): 17
LogDevObjectVersion:   Dev-Anim (AF43A65D-7FD3-4947-9873-3E8ED9C1BB05): 2
LogDevObjectVersion:   Dev-ReflectionCapture (6B266CEC-1EC7-4B8F-A30B-E4D90942FC07): 1
LogDevObjectVersion:   Dev-Automation (0DF73D61-A23F-47EA-B727-89E90C41499A): 1
LogDevObjectVersion:   FortniteMain (601D1886-AC64-4F84-AA16-D3DE0DEAC7D6): 25
LogDevObjectVersion:   Dev-Enterprise (9DFFBCD6-494F-0158-E221-12823C92A888): 6
LogDevObjectVersion:   Dev-Niagara (F2AED0AC-9AFE-416F-8664-AA7FFA26D6FC): 1
LogDevObjectVersion:   Dev-Destruction (174F1F0B-B4C6-45A5-B13F-2EE8D0FB917D): 2
LogInit: Presizing for max 16777216 objects, including 0 objects not considered by GC, pre-allocating 0 bytes for permanent pool.
LogInit: Object subsystem initialized
LogConfig: Setting CVar [[con.DebugEarlyDefault:1]]
LogConfig: Setting CVar [[r.setres:1280x720]]
[2019.08.07-16.26.39:907][  0]LogConfig: Setting CVar [[r.VSync:0]]
[2019.08.07-16.26.39:907][  0]LogConfig: Setting CVar [[r.RHICmdBypass:0]]
[2019.08.07-16.26.39:907][  0]LogConfig: Applying CVar settings from Section [/Script/Engine.RendererSettings] File [C:/Users/tecla/Documents/Unreal Projects/Prova/Saved/Config/Windows/Engine.ini]
[2019.08.07-16.26.39:907][  0]LogConfig: Setting CVar [[r.GPUCrashDebugging:0]]
[2019.08.07-16.26.39:907][  0]LogConfig: Setting CVar [[r.DefaultFeature.AutoExposure.ExtendDefaultLuminanceRange:1]]
[2019.08.07-16.26.39:907][  0]LogConfig: Applying CVar settings from Section [/Script/Engine.RendererOverrideSettings] File [C:/Users/tecla/Documents/Unreal Projects/Prova/Saved/Config/Windows/Engine.ini]
[2019.08.07-16.26.39:907][  0]LogConfig: Applying CVar settings from Section [/Script/Engine.StreamingSettings] File [C:/Users/tecla/Documents/Unreal Projects/Prova/Saved/Config/Windows/Engine.ini]
[2019.08.07-16.26.39:907][  0]LogConfig: Setting CVar [[s.MinBulkDataSizeForAsyncLoading:131072]]
[2019.08.07-16.26.39:907][  0]LogConfig: Setting CVar [[s.AsyncLoadingThreadEnabled:0]]
[2019.08.07-16.26.39:907][  0]LogConfig: Setting CVar [[s.EventDrivenLoaderEnabled:1]]
[2019.08.07-16.26.39:907][  0]LogConfig: Setting CVar [[s.WarnIfTimeLimitExceeded:0]]
[2019.08.07-16.26.39:907][  0]LogConfig: Setting CVar [[s.TimeLimitExceededMultiplier:1.5]]
[2019.08.07-16.26.39:907][  0]LogConfig: Setting CVar [[s.TimeLimitExceededMinTime:0.005]]
[2019.08.07-16.26.39:907][  0]LogConfig: Setting CVar [[s.UseBackgroundLevelStreaming:1]]
[2019.08.07-16.26.39:907][  0]LogConfig: Setting CVar [[s.PriorityAsyncLoadingExtraTime:15.0]]
[2019.08.07-16.26.39:907][  0]LogConfig: Setting CVar [[s.LevelStreamingActorsUpdateTimeLimit:5.0]]
[2019.08.07-16.26.39:907][  0]LogConfig: Setting CVar [[s.PriorityLevelStreamingActorsUpdateExtraTime:5.0]]
[2019.08.07-16.26.39:907][  0]LogConfig: Setting CVar [[s.LevelStreamingComponentsRegistrationGranularity:10]]
[2019.08.07-16.26.39:907][  0]LogConfig: Setting CVar [[s.UnregisterComponentsTimeLimit:1.0]]
[2019.08.07-16.26.39:907][  0]LogConfig: Setting CVar [[s.LevelStreamingComponentsUnregistrationGranularity:5]]
[2019.08.07-16.26.39:907][  0]LogConfig: Applying CVar settings from Section [/Script/Engine.GarbageCollectionSettings] File [C:/Users/tecla/Documents/Unreal Projects/Prova/Saved/Config/Windows/Engine.ini]
[2019.08.07-16.26.39:907][  0]LogConfig: Setting CVar [[gc.MaxObjectsNotConsideredByGC:1]]
[2019.08.07-16.26.39:908][  0]LogConfig: Setting CVar [[gc.SizeOfPermanentObjectPool:0]]
[2019.08.07-16.26.39:908][  0]LogConfig: Setting CVar [[gc.FlushStreamingOnGC:0]]
[2019.08.07-16.26.39:908][  0]LogConfig: Setting CVar [[gc.NumRetriesBeforeForcingGC:10]]
[2019.08.07-16.26.39:908][  0]LogConfig: Setting CVar [[gc.AllowParallelGC:1]]
[2019.08.07-16.26.39:908][  0]LogConfig: Setting CVar [[gc.TimeBetweenPurgingPendingKillObjects:61.1]]
[2019.08.07-16.26.39:908][  0]LogConfig: Setting CVar [[gc.MaxObjectsInEditor:16777216]]
[2019.08.07-16.26.39:908][  0]LogConfig: Setting CVar [[gc.IncrementalBeginDestroyEnabled:1]]
[2019.08.07-16.26.39:908][  0]LogConfig: Setting CVar [[gc.CreateGCClusters:1]]
[2019.08.07-16.26.39:908][  0]LogConfig: Setting CVar [[gc.MinGCClusterSize:5]]
[2019.08.07-16.26.39:908][  0]LogConfig: Setting CVar [[gc.ActorClusteringEnabled:0]]
[2019.08.07-16.26.39:908][  0]LogConfig: Setting CVar [[gc.BlueprintClusteringEnabled:0]]
[2019.08.07-16.26.39:908][  0]LogConfig: Setting CVar [[gc.UseDisregardForGCOnDedicatedServers:0]]
[2019.08.07-16.26.39:908][  0]LogConfig: Applying CVar settings from Section [/Script/Engine.NetworkSettings] File [C:/Users/tecla/Documents/Unreal Projects/Prova/Saved/Config/Windows/Engine.ini]
[2019.08.07-16.26.39:908][  0]LogConfig: Applying CVar settings from Section [/Script/UnrealEd.CookerSettings] File [C:/Users/tecla/Documents/Unreal Projects/Prova/Saved/Config/Windows/Engine.ini]
[2019.08.07-16.26.39:909][  0]LogConfig: Applying CVar settings from Section [ViewDistanceQuality@3] File [C:/Users/tecla/Documents/Unreal Projects/Prova/Saved/Config/Windows/Scalability.ini]
[2019.08.07-16.26.39:909][  0]LogConfig: Setting CVar [[r.SkeletalMeshLODBias:0]]
[2019.08.07-16.26.39:909][  0]LogConfig: Setting CVar [[r.ViewDistanceScale:1.0]]
[2019.08.07-16.26.39:909][  0]LogConfig: Applying CVar settings from Section [AntiAliasingQuality@3] File [C:/Users/tecla/Documents/Unreal Projects/Prova/Saved/Config/Windows/Scalability.ini]
[2019.08.07-16.26.39:909][  0]LogConfig: Setting CVar [[r.PostProcessAAQuality:4]]
[2019.08.07-16.26.39:909][  0]LogConfig: Applying CVar settings from Section [ShadowQuality@3] File [C:/Users/tecla/Documents/Unreal Projects/Prova/Saved/Config/Windows/Scalability.ini]
[2019.08.07-16.26.39:909][  0]LogConfig: Setting CVar [[r.LightFunctionQuality:1]]
[2019.08.07-16.26.39:910][  0]LogConfig: Setting CVar [[r.ShadowQuality:5]]
[2019.08.07-16.26.39:910][  0]LogConfig: Setting CVar [[r.Shadow.CSM.MaxCascades:10]]
[2019.08.07-16.26.39:910][  0]LogConfig: Setting CVar [[r.Shadow.MaxResolution:2048]]
[2019.08.07-16.26.39:910][  0]LogConfig: Setting CVar [[r.Shadow.MaxCSMResolution:2048]]
[2019.08.07-16.26.39:910][  0]LogConfig: Setting CVar [[r.Shadow.RadiusThreshold:0.01]]
[2019.08.07-16.26.39:910][  0]LogConfig: Setting CVar [[r.Shadow.DistanceScale:1.0]]
[2019.08.07-16.26.39:910][  0]LogConfig: Setting CVar [[r.Shadow.CSM.TransitionScale:1.0]]
[2019.08.07-16.26.39:910][  0]LogConfig: Setting CVar [[r.Shadow.PreShadowResolutionFactor:1.0]]
[2019.08.07-16.26.39:910][  0]LogConfig: Setting CVar [[r.DistanceFieldShadowing:1]]
[2019.08.07-16.26.39:910][  0]LogConfig: Setting CVar [[r.DistanceFieldAO:1]]
[2019.08.07-16.26.39:910][  0]LogConfig: Setting CVar [[r.AOQuality:2]]
[2019.08.07-16.26.39:910][  0]LogConfig: Setting CVar [[r.VolumetricFog:1]]
[2019.08.07-16.26.39:910][  0]LogConfig: Setting CVar [[r.VolumetricFog.GridPixelSize:8]]
[2019.08.07-16.26.39:910][  0]LogConfig: Setting CVar [[r.VolumetricFog.GridSizeZ:128]]
[2019.08.07-16.26.39:910][  0]LogConfig: Setting CVar [[r.VolumetricFog.HistoryMissSupersampleCount:4]]
[2019.08.07-16.26.39:910][  0]LogConfig: Setting CVar [[r.LightMaxDrawDistanceScale:1]]
[2019.08.07-16.26.39:910][  0]LogConfig: Setting CVar [[r.CapsuleShadows:1]]
[2019.08.07-16.26.39:910][  0]LogConfig: Applying CVar settings from Section [PostProcessQuality@3] File [C:/Users/tecla/Documents/Unreal Projects/Prova/Saved/Config/Windows/Scalability.ini]
[2019.08.07-16.26.39:910][  0]LogConfig: Setting CVar [[r.MotionBlurQuality:4]]
[2019.08.07-16.26.39:910][  0]LogConfig: Setting CVar [[r.AmbientOcclusionMipLevelFactor:0.4]]
[2019.08.07-16.26.39:910][  0]LogConfig: Setting CVar [[r.AmbientOcclusionMaxQuality:100]]
[2019.08.07-16.26.39:910][  0]LogConfig: Setting CVar [[r.AmbientOcclusionLevels:-1]]
[2019.08.07-16.26.39:910][  0]LogConfig: Setting CVar [[r.AmbientOcclusionRadiusScale:1.0]]
[2019.08.07-16.26.39:910][  0]LogConfig: Setting CVar [[r.DepthOfFieldQuality:2]]
[2019.08.07-16.26.39:910][  0]LogConfig: Setting CVar [[r.RenderTargetPoolMin:400]]
[2019.08.07-16.26.39:910][  0]LogConfig: Setting CVar [[r.LensFlareQuality:2]]
[2019.08.07-16.26.39:910][  0]LogConfig: Setting CVar [[r.SceneColorFringeQuality:1]]
[2019.08.07-16.26.39:910][  0]LogConfig: Setting CVar [[r.EyeAdaptationQuality:2]]
[2019.08.07-16.26.39:910][  0]LogConfig: Setting CVar [[r.BloomQuality:5]]
[2019.08.07-16.26.39:910][  0]LogConfig: Setting CVar [[r.FastBlurThreshold:100]]
[2019.08.07-16.26.39:910][  0]LogConfig: Setting CVar [[r.Upscale.Quality:3]]
[2019.08.07-16.26.39:910][  0]LogConfig: Setting CVar [[r.Tonemapper.GrainQuantization:1]]
[2019.08.07-16.26.39:910][  0]LogConfig: Setting CVar [[r.LightShaftQuality:1]]
[2019.08.07-16.26.39:910][  0]LogConfig: Setting CVar [[r.Filter.SizeScale:1]]
[2019.08.07-16.26.39:910][  0]LogConfig: Setting CVar [[r.Tonemapper.Quality:5]]
[2019.08.07-16.26.39:910][  0]LogConfig: Setting CVar [[r.DOF.Gather.AccumulatorQuality:1        ; higher gathering accumulator quality]]
[2019.08.07-16.26.39:910][  0]LogConfig: Setting CVar [[r.DOF.Gather.PostfilterMethod:1          ; Median3x3 postfilering method]]
[2019.08.07-16.26.39:910][  0]LogConfig: Setting CVar [[r.DOF.Gather.EnableBokehSettings:0       ; no bokeh simulation when gathering]]
[2019.08.07-16.26.39:910][  0]LogConfig: Setting CVar [[r.DOF.Gather.RingCount:4                 ; medium number of samples when gathering]]
[2019.08.07-16.26.39:910][  0]LogConfig: Setting CVar [[r.DOF.Scatter.ForegroundCompositing:1    ; additive foreground scattering]]
[2019.08.07-16.26.39:910][  0]LogConfig: Setting CVar [[r.DOF.Scatter.BackgroundCompositing:2    ; additive background scattering]]
[2019.08.07-16.26.39:910][  0]LogConfig: Setting CVar [[r.DOF.Scatter.EnableBokehSettings:1      ; bokeh simulation when scattering]]
[2019.08.07-16.26.39:910][  0]LogConfig: Setting CVar [[r.DOF.Scatter.MaxSpriteRatio:0.1         ; only a maximum of 10% of scattered bokeh]]
[2019.08.07-16.26.39:910][  0]LogConfig: Setting CVar [[r.DOF.Recombine.Quality:1                ; cheap slight out of focus]]
[2019.08.07-16.26.39:910][  0]LogConfig: Setting CVar [[r.DOF.Recombine.EnableBokehSettings:0    ; no bokeh simulation on slight out of focus]]
[2019.08.07-16.26.39:910][  0]LogConfig: Setting CVar [[r.DOF.TemporalAAQuality:1                ; more stable temporal accumulation]]
[2019.08.07-16.26.39:910][  0]LogConfig: Setting CVar [[r.DOF.Kernel.MaxForegroundRadius:0.025]]
[2019.08.07-16.26.39:910][  0]LogConfig: Setting CVar [[r.DOF.Kernel.MaxBackgroundRadius:0.025]]
[2019.08.07-16.26.39:910][  0]LogConfig: Applying CVar settings from Section [TextureQuality@3] File [C:/Users/tecla/Documents/Unreal Projects/Prova/Saved/Config/Windows/Scalability.ini]
[2019.08.07-16.26.39:910][  0]LogConfig: Setting CVar [[r.Streaming.MipBias:0]]
[2019.08.07-16.26.39:910][  0]LogConfig: Setting CVar [[r.Streaming.AmortizeCPUToGPUCopy:0]]
[2019.08.07-16.26.39:910][  0]LogConfig: Setting CVar [[r.Streaming.MaxNumTexturesToStreamPerFrame:0]]
[2019.08.07-16.26.39:910][  0]LogConfig: Setting CVar [[r.Streaming.Boost:1]]
[2019.08.07-16.26.39:910][  0]LogConfig: Setting CVar [[r.MaxAnisotropy:8]]
[2019.08.07-16.26.39:910][  0]LogConfig: Setting CVar [[r.Streaming.LimitPoolSizeToVRAM:0]]
[2019.08.07-16.26.39:910][  0]LogConfig: Setting CVar [[r.Streaming.PoolSize:1000]]
[2019.08.07-16.26.39:910][  0]LogConfig: Setting CVar [[r.Streaming.MaxEffectiveScreenSize:0]]
[2019.08.07-16.26.39:910][  0]LogConfig: Applying CVar settings from Section [EffectsQuality@3] File [C:/Users/tecla/Documents/Unreal Projects/Prova/Saved/Config/Windows/Scalability.ini]
[2019.08.07-16.26.39:910][  0]LogConfig: Setting CVar [[r.TranslucencyLightingVolumeDim:64]]
[2019.08.07-16.26.39:910][  0]LogConfig: Setting CVar [[r.RefractionQuality:2]]
[2019.08.07-16.26.39:910][  0]LogConfig: Setting CVar [[r.SSR.Quality:3]]
[2019.08.07-16.26.39:910][  0]LogConfig: Setting CVar [[r.SceneColorFormat:4]]
[2019.08.07-16.26.39:910][  0]LogConfig: Setting CVar [[r.DetailMode:2]]
[2019.08.07-16.26.39:910][  0]LogConfig: Setting CVar [[r.TranslucencyVolumeBlur:1]]
[2019.08.07-16.26.39:910][  0]LogConfig: Setting CVar [[r.MaterialQualityLevel:1 ; High quality]]
[2019.08.07-16.26.39:910][  0]LogConfig: Setting CVar [[r.SSS.Scale:1]]
[2019.08.07-16.26.39:910][  0]LogConfig: Setting CVar [[r.SSS.SampleSet:2]]
[2019.08.07-16.26.39:910][  0]LogConfig: Setting CVar [[r.SSS.Quality:1]]
[2019.08.07-16.26.39:910][  0]LogConfig: Setting CVar [[r.SSS.HalfRes:1]]
[2019.08.07-16.26.39:910][  0]LogConfig: Setting CVar [[r.EmitterSpawnRateScale:1.0]]
[2019.08.07-16.26.39:910][  0]LogConfig: Setting CVar [[r.ParticleLightQuality:2]]
[2019.08.07-16.26.39:910][  0]LogConfig: Applying CVar settings from Section [FoliageQuality@3] File [C:/Users/tecla/Documents/Unreal Projects/Prova/Saved/Config/Windows/Scalability.ini]
[2019.08.07-16.26.39:910][  0]LogConfig: Setting CVar [[foliage.DensityScale:1.0]]
[2019.08.07-16.26.39:910][  0]LogConfig: Setting CVar [[grass.DensityScale:1.0]]
[2019.08.07-16.26.39:910][  0]LogInit: Selected Device Profile: [Windows]
[2019.08.07-16.26.39:910][  0]LogInit: Applying CVar settings loaded from the selected device profile: [Windows]
[2019.08.07-16.26.39:917][  0]LogHAL: Display: Platform has ~ 16 GB [17030406144 / 17179869184 / 16], which maps to Larger [LargestMinGB=32, LargerMinGB=12, DefaultMinGB=8, SmallerMinGB=6, SmallestMinGB=0)
[2019.08.07-16.26.39:917][  0]LogConfig: Setting CVar [[r.Vulkan.UseRealUBs:0		; Required until we fix HLR fall-out]]
[2019.08.07-16.26.39:917][  0]LogInit: Going up to parent DeviceProfile []
[2019.08.07-16.26.39:917][  0]LogConfig: Applying CVar settings from Section [ViewDistanceQuality@3] File [C:/Users/tecla/Documents/Unreal Projects/Prova/Saved/Config/Windows/Scalability.ini]
[2019.08.07-16.26.39:917][  0]LogConfig: Setting CVar [[r.SkeletalMeshLODBias:0]]
[2019.08.07-16.26.39:917][  0]LogConfig: Setting CVar [[r.ViewDistanceScale:1.0]]
[2019.08.07-16.26.39:917][  0]LogConfig: Applying CVar settings from Section [AntiAliasingQuality@3] File [C:/Users/tecla/Documents/Unreal Projects/Prova/Saved/Config/Windows/Scalability.ini]
[2019.08.07-16.26.39:917][  0]LogConfig: Setting CVar [[r.PostProcessAAQuality:4]]
[2019.08.07-16.26.39:917][  0]LogConfig: Applying CVar settings from Section [ShadowQuality@3] File [C:/Users/tecla/Documents/Unreal Projects/Prova/Saved/Config/Windows/Scalability.ini]
[2019.08.07-16.26.39:917][  0]LogConfig: Setting CVar [[r.LightFunctionQuality:1]]
[2019.08.07-16.26.39:917][  0]LogConfig: Setting CVar [[r.ShadowQuality:5]]
[2019.08.07-16.26.39:917][  0]LogConfig: Setting CVar [[r.Shadow.CSM.MaxCascades:10]]
[2019.08.07-16.26.39:917][  0]LogConfig: Setting CVar [[r.Shadow.MaxResolution:2048]]
[2019.08.07-16.26.39:917][  0]LogConfig: Setting CVar [[r.Shadow.MaxCSMResolution:2048]]
[2019.08.07-16.26.39:917][  0]LogConfig: Setting CVar [[r.Shadow.RadiusThreshold:0.01]]
[2019.08.07-16.26.39:917][  0]LogConfig: Setting CVar [[r.Shadow.DistanceScale:1.0]]
[2019.08.07-16.26.39:917][  0]LogConfig: Setting CVar [[r.Shadow.CSM.TransitionScale:1.0]]
[2019.08.07-16.26.39:917][  0]LogConfig: Setting CVar [[r.Shadow.PreShadowResolutionFactor:1.0]]
[2019.08.07-16.26.39:917][  0]LogConfig: Setting CVar [[r.DistanceFieldShadowing:1]]
[2019.08.07-16.26.39:917][  0]LogConfig: Setting CVar [[r.DistanceFieldAO:1]]
[2019.08.07-16.26.39:917][  0]LogConfig: Setting CVar [[r.AOQuality:2]]
[2019.08.07-16.26.39:917][  0]LogConfig: Setting CVar [[r.VolumetricFog:1]]
[2019.08.07-16.26.39:917][  0]LogConfig: Setting CVar [[r.VolumetricFog.GridPixelSize:8]]
[2019.08.07-16.26.39:917][  0]LogConfig: Setting CVar [[r.VolumetricFog.GridSizeZ:128]]
[2019.08.07-16.26.39:917][  0]LogConfig: Setting CVar [[r.VolumetricFog.HistoryMissSupersampleCount:4]]
[2019.08.07-16.26.39:917][  0]LogConfig: Setting CVar [[r.LightMaxDrawDistanceScale:1]]
[2019.08.07-16.26.39:917][  0]LogConfig: Setting CVar [[r.CapsuleShadows:1]]
[2019.08.07-16.26.39:917][  0]LogConfig: Applying CVar settings from Section [PostProcessQuality@3] File [C:/Users/tecla/Documents/Unreal Projects/Prova/Saved/Config/Windows/Scalability.ini]
[2019.08.07-16.26.39:918][  0]LogConfig: Setting CVar [[r.MotionBlurQuality:4]]
[2019.08.07-16.26.39:918][  0]LogConfig: Setting CVar [[r.AmbientOcclusionMipLevelFactor:0.4]]
[2019.08.07-16.26.39:918][  0]LogConfig: Setting CVar [[r.AmbientOcclusionMaxQuality:100]]
[2019.08.07-16.26.39:918][  0]LogConfig: Setting CVar [[r.AmbientOcclusionLevels:-1]]
[2019.08.07-16.26.39:918][  0]LogConfig: Setting CVar [[r.AmbientOcclusionRadiusScale:1.0]]
[2019.08.07-16.26.39:918][  0]LogConfig: Setting CVar [[r.DepthOfFieldQuality:2]]
[2019.08.07-16.26.39:918][  0]LogConfig: Setting CVar [[r.RenderTargetPoolMin:400]]
[2019.08.07-16.26.39:918][  0]LogConfig: Setting CVar [[r.LensFlareQuality:2]]
[2019.08.07-16.26.39:918][  0]LogConfig: Setting CVar [[r.SceneColorFringeQuality:1]]
[2019.08.07-16.26.39:918][  0]LogConfig: Setting CVar [[r.EyeAdaptationQuality:2]]
[2019.08.07-16.26.39:918][  0]LogConfig: Setting CVar [[r.BloomQuality:5]]
[2019.08.07-16.26.39:918][  0]LogConfig: Setting CVar [[r.FastBlurThreshold:100]]
[2019.08.07-16.26.39:918][  0]LogConfig: Setting CVar [[r.Upscale.Quality:3]]
[2019.08.07-16.26.39:918][  0]LogConfig: Setting CVar [[r.Tonemapper.GrainQuantization:1]]
[2019.08.07-16.26.39:918][  0]LogConfig: Setting CVar [[r.LightShaftQuality:1]]
[2019.08.07-16.26.39:918][  0]LogConfig: Setting CVar [[r.Filter.SizeScale:1]]
[2019.08.07-16.26.39:918][  0]LogConfig: Setting CVar [[r.Tonemapper.Quality:5]]
[2019.08.07-16.26.39:918][  0]LogConfig: Setting CVar [[r.DOF.Gather.AccumulatorQuality:1        ; higher gathering accumulator quality]]
[2019.08.07-16.26.39:918][  0]LogConfig: Setting CVar [[r.DOF.Gather.PostfilterMethod:1          ; Median3x3 postfilering method]]
[2019.08.07-16.26.39:918][  0]LogConfig: Setting CVar [[r.DOF.Gather.EnableBokehSettings:0       ; no bokeh simulation when gathering]]
[2019.08.07-16.26.39:918][  0]LogConfig: Setting CVar [[r.DOF.Gather.RingCount:4                 ; medium number of samples when gathering]]
[2019.08.07-16.26.39:918][  0]LogConfig: Setting CVar [[r.DOF.Scatter.ForegroundCompositing:1    ; additive foreground scattering]]
[2019.08.07-16.26.39:918][  0]LogConfig: Setting CVar [[r.DOF.Scatter.BackgroundCompositing:2    ; additive background scattering]]
[2019.08.07-16.26.39:918][  0]LogConfig: Setting CVar [[r.DOF.Scatter.EnableBokehSettings:1      ; bokeh simulation when scattering]]
[2019.08.07-16.26.39:918][  0]LogConfig: Setting CVar [[r.DOF.Scatter.MaxSpriteRatio:0.1         ; only a maximum of 10% of scattered bokeh]]
[2019.08.07-16.26.39:918][  0]LogConfig: Setting CVar [[r.DOF.Recombine.Quality:1                ; cheap slight out of focus]]
[2019.08.07-16.26.39:918][  0]LogConfig: Setting CVar [[r.DOF.Recombine.EnableBokehSettings:0    ; no bokeh simulation on slight out of focus]]
[2019.08.07-16.26.39:918][  0]LogConfig: Setting CVar [[r.DOF.TemporalAAQuality:1                ; more stable temporal accumulation]]
[2019.08.07-16.26.39:918][  0]LogConfig: Setting CVar [[r.DOF.Kernel.MaxForegroundRadius:0.025]]
[2019.08.07-16.26.39:918][  0]LogConfig: Setting CVar [[r.DOF.Kernel.MaxBackgroundRadius:0.025]]
[2019.08.07-16.26.39:918][  0]LogConfig: Applying CVar settings from Section [TextureQuality@3] File [C:/Users/tecla/Documents/Unreal Projects/Prova/Saved/Config/Windows/Scalability.ini]
[2019.08.07-16.26.39:918][  0]LogConfig: Setting CVar [[r.Streaming.MipBias:0]]
[2019.08.07-16.26.39:918][  0]LogConfig: Setting CVar [[r.Streaming.AmortizeCPUToGPUCopy:0]]
[2019.08.07-16.26.39:918][  0]LogConfig: Setting CVar [[r.Streaming.MaxNumTexturesToStreamPerFrame:0]]
[2019.08.07-16.26.39:918][  0]LogConfig: Setting CVar [[r.Streaming.Boost:1]]
[2019.08.07-16.26.39:918][  0]LogConfig: Setting CVar [[r.MaxAnisotropy:8]]
[2019.08.07-16.26.39:918][  0]LogConfig: Setting CVar [[r.Streaming.LimitPoolSizeToVRAM:0]]
[2019.08.07-16.26.39:918][  0]LogConfig: Setting CVar [[r.Streaming.PoolSize:1000]]
[2019.08.07-16.26.39:918][  0]LogConfig: Setting CVar [[r.Streaming.MaxEffectiveScreenSize:0]]
[2019.08.07-16.26.39:918][  0]LogConfig: Applying CVar settings from Section [EffectsQuality@3] File [C:/Users/tecla/Documents/Unreal Projects/Prova/Saved/Config/Windows/Scalability.ini]
[2019.08.07-16.26.39:918][  0]LogConfig: Setting CVar [[r.TranslucencyLightingVolumeDim:64]]
[2019.08.07-16.26.39:918][  0]LogConfig: Setting CVar [[r.RefractionQuality:2]]
[2019.08.07-16.26.39:918][  0]LogConfig: Setting CVar [[r.SSR.Quality:3]]
[2019.08.07-16.26.39:918][  0]LogConfig: Setting CVar [[r.SceneColorFormat:4]]
[2019.08.07-16.26.39:918][  0]LogConfig: Setting CVar [[r.DetailMode:2]]
[2019.08.07-16.26.39:918][  0]LogConfig: Setting CVar [[r.TranslucencyVolumeBlur:1]]
[2019.08.07-16.26.39:918][  0]LogConfig: Setting CVar [[r.MaterialQualityLevel:1 ; High quality]]
[2019.08.07-16.26.39:918][  0]LogConfig: Setting CVar [[r.SSS.Scale:1]]
[2019.08.07-16.26.39:918][  0]LogConfig: Setting CVar [[r.SSS.SampleSet:2]]
[2019.08.07-16.26.39:918][  0]LogConfig: Setting CVar [[r.SSS.Quality:1]]
[2019.08.07-16.26.39:918][  0]LogConfig: Setting CVar [[r.SSS.HalfRes:1]]
[2019.08.07-16.26.39:918][  0]LogConfig: Setting CVar [[r.EmitterSpawnRateScale:1.0]]
[2019.08.07-16.26.39:918][  0]LogConfig: Setting CVar [[r.ParticleLightQuality:2]]
[2019.08.07-16.26.39:918][  0]LogConfig: Applying CVar settings from Section [FoliageQuality@3] File [C:/Users/tecla/Documents/Unreal Projects/Prova/Saved/Config/Windows/Scalability.ini]
[2019.08.07-16.26.39:918][  0]LogConfig: Setting CVar [[foliage.DensityScale:1.0]]
[2019.08.07-16.26.39:918][  0]LogConfig: Setting CVar [[grass.DensityScale:1.0]]
[2019.08.07-16.26.39:918][  0]LogConfig: Applying CVar settings from Section [Startup] File [../../../Engine/Config/ConsoleVariables.ini]
[2019.08.07-16.26.39:918][  0]LogConfig: Setting CVar [[net.UseAdaptiveNetUpdateFrequency:0]]
[2019.08.07-16.26.39:918][  0]LogConfig: Setting CVar [[p.chaos.AllowCreatePhysxBodies:1]]
[2019.08.07-16.26.39:918][  0]LogConfig: Applying CVar settings from Section [ConsoleVariables] File [C:/Users/tecla/Documents/Unreal Projects/Prova/Saved/Config/Windows/Engine.ini]
[2019.08.07-16.26.39:918][  0]LogInit: Computer: DESKTOP-2RPBAVO
[2019.08.07-16.26.39:918][  0]LogInit: User: tecla
[2019.08.07-16.26.39:918][  0]LogInit: CPU Page size=4096, Cores=6
[2019.08.07-16.26.39:918][  0]LogInit: High frequency timer resolution =10.000000 MHz
[2019.08.07-16.26.39:919][  0]LogMemory: Memory total: Physical=15.9GB (16GB approx)
[2019.08.07-16.26.39:919][  0]LogMemory: Platform Memory Stats for Windows
[2019.08.07-16.26.39:919][  0]LogMemory: Process Physical Memory: 99.16 MB used, 99.17 MB peak
[2019.08.07-16.26.39:919][  0]LogMemory: Process Virtual Memory: 93.76 MB used, 93.76 MB peak
[2019.08.07-16.26.39:919][  0]LogMemory: Physical Memory: 5535.04 MB used,  10706.42 MB free, 16241.46 MB total
[2019.08.07-16.26.39:919][  0]LogMemory: Virtual Memory: 4664.38 MB used,  134213064.00 MB free, 134217728.00 MB total
[2019.08.07-16.26.39:939][  0]LogInit: Overriding language with editor language configuration option (en).
[2019.08.07-16.26.39:939][  0]LogInit: Overriding locale with editor culture configuration option ().
[2019.08.07-16.26.39:939][  0]LogInit: Using OS detected locale (es-ES).
[2019.08.07-16.26.40:075][  0]LogInit: Setting process to per monitor DPI aware
[2019.08.07-16.26.40:104][  0]LogSlate: New Slate User Created.  User Index 0, Is Virtual User: 0
[2019.08.07-16.26.40:104][  0]LogSlate: Slate User Registered.  User Index 0, Is Virtual User: 0
[2019.08.07-16.26.40:259][  0]LogHMD: Failed to initialize OpenVR with code 110
[2019.08.07-16.26.40:259][  0]LogD3D11RHI: D3D11 adapters:
[2019.08.07-16.26.40:334][  0]LogD3D11RHI:    0. 'NVIDIA GeForce RTX 2060' (Feature Level 11_0)
[2019.08.07-16.26.40:334][  0]LogD3D11RHI:       5980/0/8120 MB DedicatedVideo/DedicatedSystem/SharedSystem, Outputs:1, VendorId:0x10de
[2019.08.07-16.26.40:348][  0]LogD3D11RHI:    1. 'Intel(R) UHD Graphics 630' (Feature Level 11_0)
[2019.08.07-16.26.40:348][  0]LogD3D11RHI:       128/0/8120 MB DedicatedVideo/DedicatedSystem/SharedSystem, Outputs:0, VendorId:0x8086
[2019.08.07-16.26.40:350][  0]LogD3D11RHI:    2. 'Microsoft Basic Render Driver' (Feature Level 11_0)
[2019.08.07-16.26.40:350][  0]LogD3D11RHI:       0/0/8120 MB DedicatedVideo/DedicatedSystem/SharedSystem, Outputs:0, VendorId:0x1414
[2019.08.07-16.26.40:350][  0]LogD3D11RHI: Chosen D3D11 Adapter: 0
[2019.08.07-16.26.40:375][  0]LogD3D11RHI: Creating new Direct3DDevice
[2019.08.07-16.26.40:375][  0]LogD3D11RHI:     GPU DeviceId: 0x1f11 (for the marketing name, search the web for "GPU Device Id")
[2019.08.07-16.26.40:375][  0]LogWindows: EnumDisplayDevices:
[2019.08.07-16.26.40:376][  0]LogWindows:    0. 'Intel(R) UHD Graphics 630' (P:1 D:1)
[2019.08.07-16.26.40:378][  0]LogWindows:    1. 'Intel(R) UHD Graphics 630' (P:0 D:0)
[2019.08.07-16.26.40:378][  0]LogWindows:    2. 'Intel(R) UHD Graphics 630' (P:0 D:0)
[2019.08.07-16.26.40:378][  0]LogWindows:    3. 'NVIDIA GeForce RTX 2060' (P:0 D:0)
[2019.08.07-16.26.40:379][  0]LogWindows:    4. 'NVIDIA GeForce RTX 2060' (P:0 D:0)
[2019.08.07-16.26.40:379][  0]LogWindows:    5. 'NVIDIA GeForce RTX 2060' (P:0 D:0)
[2019.08.07-16.26.40:379][  0]LogWindows:    6. 'NVIDIA GeForce RTX 2060' (P:0 D:0)
[2019.08.07-16.26.40:379][  0]LogWindows: DebugString: PrimaryIsNotTheChoosenAdapter PrimaryIsNotTheChoosenAdapter PrimaryIsNotTheChoosenAdapter FoundDriverCount:4 
[2019.08.07-16.26.40:379][  0]LogD3D11RHI:     Adapter Name: NVIDIA GeForce RTX 2060
[2019.08.07-16.26.40:379][  0]LogD3D11RHI:   Driver Version: 431.60 (internal:26.21.14.3160, unified:431.60)
[2019.08.07-16.26.40:379][  0]LogD3D11RHI:      Driver Date: 7-17-2019
[2019.08.07-16.26.40:379][  0]LogRHI: Texture pool is 4186 MB (70% of 5980 MB)
[2019.08.07-16.26.40:418][  0]LogD3D11RHI: Async texture creation enabled
[2019.08.07-16.26.40:423][  0]LogRendererCore: FGlobalReadBuffer::InitRHI
[2019.08.07-16.26.40:424][  0]LogRendererCore: FGlobalReadBuffer::InitRHI
[2019.08.07-16.26.40:424][  0]LogRendererCore: FGlobalReadBuffer::InitRHI
[2019.08.07-16.26.40:431][  0]LogD3D11RHI: GPU Timing Frequency: 1000.000000 (Debug: 2 1)
[2019.08.07-16.26.40:652][  0]LogTemp: Display: Module 'AllDesktopTargetPlatform' loaded TargetPlatform 'AllDesktop'
[2019.08.07-16.26.40:663][  0]LogTemp: Display: Module 'MacClientTargetPlatform' loaded TargetPlatform 'MacClient'
[2019.08.07-16.26.40:676][  0]LogTemp: Display: Module 'MacNoEditorTargetPlatform' loaded TargetPlatform 'MacNoEditor'
[2019.08.07-16.26.40:688][  0]LogTemp: Display: Module 'MacServerTargetPlatform' loaded TargetPlatform 'MacServer'
[2019.08.07-16.26.40:700][  0]LogTemp: Display: Module 'MacTargetPlatform' loaded TargetPlatform 'Mac'
[2019.08.07-16.26.40:711][  0]LogTemp: Display: Module 'WindowsClientTargetPlatform' loaded TargetPlatform 'WindowsClient'
[2019.08.07-16.26.40:723][  0]LogTemp: Display: Module 'WindowsNoEditorTargetPlatform' loaded TargetPlatform 'WindowsNoEditor'
[2019.08.07-16.26.40:734][  0]LogTemp: Display: Module 'WindowsServerTargetPlatform' loaded TargetPlatform 'WindowsServer'
[2019.08.07-16.26.40:740][  0]LogTemp: Display: Module 'WindowsTargetPlatform' loaded TargetPlatform 'Windows'
[2019.08.07-16.26.40:807][  0]LogTemp: Display: Module 'AndroidTargetPlatform' loaded TargetPlatform 'Android'
[2019.08.07-16.26.40:807][  0]LogTemp: Display: Module 'AndroidTargetPlatform' loaded TargetPlatform 'Android_ASTC'
[2019.08.07-16.26.40:807][  0]LogTemp: Display: Module 'AndroidTargetPlatform' loaded TargetPlatform 'Android_ATC'
[2019.08.07-16.26.40:807][  0]LogTemp: Display: Module 'AndroidTargetPlatform' loaded TargetPlatform 'Android_DXT'
[2019.08.07-16.26.40:807][  0]LogTemp: Display: Module 'AndroidTargetPlatform' loaded TargetPlatform 'Android_ETC1'
[2019.08.07-16.26.40:807][  0]LogTemp: Display: Module 'AndroidTargetPlatform' loaded TargetPlatform 'Android_ETC1a'
[2019.08.07-16.26.40:807][  0]LogTemp: Display: Module 'AndroidTargetPlatform' loaded TargetPlatform 'Android_ETC2'
[2019.08.07-16.26.40:807][  0]LogTemp: Display: Module 'AndroidTargetPlatform' loaded TargetPlatform 'Android_PVRTC'
[2019.08.07-16.26.40:807][  0]LogTemp: Display: Module 'AndroidTargetPlatform' loaded TargetPlatform 'AndroidClient'
[2019.08.07-16.26.40:807][  0]LogTemp: Display: Module 'AndroidTargetPlatform' loaded TargetPlatform 'Android_ASTCClient'
[2019.08.07-16.26.40:807][  0]LogTemp: Display: Module 'AndroidTargetPlatform' loaded TargetPlatform 'Android_ATCClient'
[2019.08.07-16.26.40:807][  0]LogTemp: Display: Module 'AndroidTargetPlatform' loaded TargetPlatform 'Android_DXTClient'
[2019.08.07-16.26.40:807][  0]LogTemp: Display: Module 'AndroidTargetPlatform' loaded TargetPlatform 'Android_ETC1Client'
[2019.08.07-16.26.40:807][  0]LogTemp: Display: Module 'AndroidTargetPlatform' loaded TargetPlatform 'Android_ETC1aClient'
[2019.08.07-16.26.40:807][  0]LogTemp: Display: Module 'AndroidTargetPlatform' loaded TargetPlatform 'Android_ETC2Client'
[2019.08.07-16.26.40:807][  0]LogTemp: Display: Module 'AndroidTargetPlatform' loaded TargetPlatform 'Android_PVRTCClient'
[2019.08.07-16.26.40:807][  0]LogTemp: Display: Module 'AndroidTargetPlatform' loaded TargetPlatform 'Android_Multi'
[2019.08.07-16.26.40:807][  0]LogTemp: Display: Module 'AndroidTargetPlatform' loaded TargetPlatform 'Android_MultiClient'
[2019.08.07-16.26.40:808][  0]LogTemp: Display: Module 'HTML5TargetPlatform' loaded TargetPlatform 'HTML5'
[2019.08.07-16.26.40:852][  0]LogTemp: Display: Module 'IOSTargetPlatform' loaded TargetPlatform 'IOSClient'
[2019.08.07-16.26.40:852][  0]LogTemp: Display: Module 'IOSTargetPlatform' loaded TargetPlatform 'IOS'
[2019.08.07-16.26.40:872][  0]LogTemp: Display: Module 'TVOSTargetPlatform' loaded TargetPlatform 'TVOSClient'
[2019.08.07-16.26.40:872][  0]LogTemp: Display: Module 'TVOSTargetPlatform' loaded TargetPlatform 'TVOS'
[2019.08.07-16.26.40:882][  0]LogTemp: Display: Module 'LinuxClientTargetPlatform' loaded TargetPlatform 'LinuxClient'
[2019.08.07-16.26.40:892][  0]LogTemp: Display: Module 'LinuxNoEditorTargetPlatform' loaded TargetPlatform 'LinuxNoEditor'
[2019.08.07-16.26.40:902][  0]LogTemp: Display: Module 'LinuxServerTargetPlatform' loaded TargetPlatform 'LinuxServer'
[2019.08.07-16.26.40:913][  0]LogTemp: Display: Module 'LinuxTargetPlatform' loaded TargetPlatform 'Linux'
[2019.08.07-16.26.40:949][  0]LogTemp: Display: Module 'LuminTargetPlatform' loaded TargetPlatform 'Lumin'
[2019.08.07-16.26.40:949][  0]LogTemp: Display: Module 'LuminTargetPlatform' loaded TargetPlatform 'LuminClient'
[2019.08.07-16.26.40:949][  0]LogTargetPlatformManager: Display: Building Assets For Windows
[2019.08.07-16.26.40:956][  0]LogAudioDebug: Display: Lib vorbis DLL was dynamically loaded.
[2019.08.07-16.26.40:995][  0]LogShaderCompilers: Guid format shader working directory is -15 characters bigger than the processId version (../../../../../../Users/tecla/Documents/Unreal Projects/Prova/Intermediate/Shaders/WorkingDirectory/8640/).
[2019.08.07-16.26.40:995][  0]LogShaderCompilers: Cleaned the shader compiler working directory 'C:/Users/tecla/AppData/Local/Temp/UnrealShaderWorkingDir/5BDF354848C6810AF9228D803256264A/'.
[2019.08.07-16.26.40:996][  0]LogXGEController: Cannot use XGE Controller as Incredibuild is not installed on this machine.
[2019.08.07-16.26.40:997][  0]LogShaderCompilers: Cannot use XGE Shader Compiler as Incredibuild is not installed on this machine.
[2019.08.07-16.26.40:997][  0]LogShaderCompilers: Display: Using Local Shader Compiler.
[2019.08.07-16.26.41:464][  0]LogDerivedDataCache: Display: Max Cache Size: 512 MB
[2019.08.07-16.26.41:503][  0]LogDerivedDataCache: Loaded boot cache 0.04s 71MB C:/Users/tecla/AppData/Local/UnrealEngine/4.22/DerivedDataCache/Boot.ddc.
[2019.08.07-16.26.41:503][  0]LogDerivedDataCache: Display: Loaded Boot cache: C:/Users/tecla/AppData/Local/UnrealEngine/4.22/DerivedDataCache/Boot.ddc
[2019.08.07-16.26.41:503][  0]LogDerivedDataCache: FDerivedDataBackendGraph:  Pak pak cache file ../../../../../../Users/tecla/Documents/Unreal Projects/Prova/DerivedDataCache/DDC.ddp not found, will not use a pak cache.
[2019.08.07-16.26.41:503][  0]LogDerivedDataCache: Unable to find inner node Pak for hierarchical cache Hierarchy.
[2019.08.07-16.26.41:503][  0]LogDerivedDataCache: FDerivedDataBackendGraph:  CompressedPak pak cache file ../../../../../../Users/tecla/Documents/Unreal Projects/Prova/DerivedDataCache/Compressed.ddp not found, will not use a pak cache.
[2019.08.07-16.26.41:503][  0]LogDerivedDataCache: Unable to find inner node CompressedPak for hierarchical cache Hierarchy.
[2019.08.07-16.26.41:514][  0]LogDerivedDataCache: Display: Pak cache opened for reading ../../../Engine/DerivedDataCache/Compressed.ddp.
[2019.08.07-16.26.41:514][  0]LogDerivedDataCache: FDerivedDataBackendGraph:  EnterprisePak pak cache file ../../../Enterprise/DerivedDataCache/Compressed.ddp not found, will not use a pak cache.
[2019.08.07-16.26.41:514][  0]LogDerivedDataCache: Unable to find inner node EnterprisePak for hierarchical cache Hierarchy.
[2019.08.07-16.26.41:526][  0]LogDerivedDataCache: Using Local data cache path C:/Users/tecla/AppData/Local/UnrealEngine/Common/DerivedDataCache: Writable
[2019.08.07-16.26.41:526][  0]LogDerivedDataCache: Shared data cache path not found in *engine.ini, will not use an Shared cache.
[2019.08.07-16.26.41:526][  0]LogDerivedDataCache: Unable to find inner node Shared for hierarchical cache Hierarchy.
[2019.08.07-16.26.41:544][  0]LogMaterial: Verifying Global Shaders for PCD3D_SM5
[2019.08.07-16.26.41:545][  0]LogSlate: Using FreeType 2.6.0
[2019.08.07-16.26.41:545][  0]LogSlate: SlateFontServices - WITH_FREETYPE: 1, WITH_HARFBUZZ: 1
[2019.08.07-16.26.41:615][  0]LogAssetRegistry: FAssetRegistry took 0.0310 seconds to start up
[2019.08.07-16.26.41:882][  0]LogInit: Selected Device Profile: [Windows]
[2019.08.07-16.26.41:991][  0]LogMeshReduction: Using QuadricMeshReduction for automatic static mesh reduction
[2019.08.07-16.26.41:991][  0]LogMeshReduction: Using SimplygonMeshReduction for automatic skeletal mesh reduction
[2019.08.07-16.26.41:991][  0]LogMeshReduction: Using ProxyLODMeshReduction for automatic mesh merging
[2019.08.07-16.26.41:991][  0]LogMeshReduction: No distributed automatic mesh merging module available
[2019.08.07-16.26.41:991][  0]LogMeshMerging: No distributed automatic mesh merging module available
[2019.08.07-16.26.42:004][  0]LogNetVersion: Prova 1.0.0, NetCL: 5660361, EngineNetVer: 10, GameNetVer: 0 (Checksum: 914732070)
[2019.08.07-16.26.42:310][  0]LogPackageLocalizationCache: Processed 10 localized package path(s) for 1 prioritized culture(s) in 0.022801 seconds
[2019.08.07-16.26.42:315][  0]LogUObjectArray: 42205 objects as part of root set at end of initial load.
[2019.08.07-16.26.42:315][  0]LogUObjectAllocator: 7325032 out of 0 bytes used by permanent object pool.
[2019.08.07-16.26.42:315][  0]LogUObjectArray: CloseDisregardForGC: 0/0 objects in disregard for GC pool
[2019.08.07-16.26.42:966][  0]LogTcpMessaging: Initializing TcpMessaging bridge
[2019.08.07-16.26.42:979][  0]LogUdpMessaging: Initializing bridge on interface 0.0.0.0:0 to multicast group 230.0.0.1:6666.
[2019.08.07-16.26.43:072][  0]SourceControl: Source control is disabled
[2019.08.07-16.26.43:072][  0]SourceControl: Source control is disabled
[2019.08.07-16.26.43:073][  0]SourceControl: Source control is disabled
[2019.08.07-16.26.43:073][  0]SourceControl: Source control is disabled
[2019.08.07-16.26.43:126][  0]LogAndroidPermission: UAndroidPermissionCallbackProxy::GetInstance
[2019.08.07-16.26.43:185][  0]LogOcInput: OculusInput pre-init called
[2019.08.07-16.26.43:726][  0]LogEngine: Initializing Engine...
[2019.08.07-16.26.43:726][  0]LogHMD: Failed to initialize OpenVR with code 110
[2019.08.07-16.26.43:727][  0]LogStats: UGameplayTagsManager::InitializeManager -  0.000 s
[2019.08.07-16.26.43:901][  0]LogInit: Initializing FReadOnlyCVARCache
[2019.08.07-16.26.43:912][  0]LogAIModule: Creating AISystem for world Untitled
[2019.08.07-16.26.43:922][  0]LogInit: XAudio2 using 'Speakers (Realtek(R) Audio)' : 2 channels at 48 kHz using 16 bits per sample (channel mask 0x3)
[2019.08.07-16.26.43:940][  0]LogInit: FAudioDevice initialized.
[2019.08.07-16.26.43:940][  0]LogNetVersion: Set ProjectVersion to 1.0.0.0. Version Checksum will be recalculated on next use.
[2019.08.07-16.26.43:988][  0]LogDerivedDataCache: Saved boot cache 0.05s 71MB C:/Users/tecla/AppData/Local/UnrealEngine/4.22/DerivedDataCache/Boot.ddc.
[2019.08.07-16.26.43:991][  0]LogInit: Texture streaming: Enabled
[2019.08.07-16.26.44:005][  0]LogEngineSessionManager: EngineSessionManager initialized
[2019.08.07-16.26.44:020][  0]LogInit: Transaction tracking system initialized
[2019.08.07-16.26.44:038][  0]BlueprintLog: New page: Editor Load
[2019.08.07-16.26.44:101][  0]LocalizationService: Localization service is disabled
[2019.08.07-16.26.44:184][  0]LogLinker: Warning: Can't find file '/Game/ThirdPersonBP/ThirdPersonOverview'
[2019.08.07-16.26.44:185][  0]LogLinker: Warning: Can't find file '/Game/ThirdPersonBP/ThirdPersonOverview'
[2019.08.07-16.26.44:185][  0]LogUObjectGlobals: Warning: Failed to find object 'Class /Game/ThirdPersonBP/ThirdPersonOverview.ThirdPersonOverview_C'
[2019.08.07-16.26.44:344][  0]LogFileCache: Scanning file cache for directory 'C:/Users/tecla/Documents/Unreal Projects/Prova/Content/' took 0.02s
[2019.08.07-16.26.44:344][  0]LogCook: Display: Max memory allowance for cook 16384mb min free memory 0mb
[2019.08.07-16.26.44:344][  0]LogCook: Display: Mobile HDR setting 1
[2019.08.07-16.26.44:473][  0]SourceControl: Source control is disabled
[2019.08.07-16.26.44:473][  0]Cmd: MAP LOAD FILE="../../../../../../Users/tecla/Documents/Unreal Projects/Prova/Content/RuinLevel/RuinLevel.umap" TEMPLATE=0 SHOWPROGRESS=1 FEATURELEVEL=3
[2019.08.07-16.26.44:473][  0]LightingResults: New page: Lighting Build
[2019.08.07-16.26.44:475][  0]MapCheck: New page: Map Check
[2019.08.07-16.26.44:475][  0]LightingResults: New page: Lighting Build
[2019.08.07-16.26.44:501][  0]LogUObjectHash: Compacting FUObjectHashTables data took   1.25ms
[2019.08.07-16.26.44:635][  0]LogBlueprint: Warning: [Compiler StateMachineAnimatorCharacter] Node  Result  uses potentially thread-unsafe call  Try Get Pawn Owner . Disable threaded update or use a thread-safe call. Function may need BlueprintThreadSafe metadata adding.
[2019.08.07-16.26.44:635][  0]LogBlueprint: Warning: [Compiler StateMachineAnimatorCharacter] Node  Result  uses potentially thread-unsafe call  Try Get Pawn Owner . Disable threaded update or use a thread-safe call. Function may need BlueprintThreadSafe metadata adding.
[2019.08.07-16.26.44:635][  0]LogBlueprint: Warning: [Compiler StateMachineAnimatorCharacter] Node  Result  uses potentially thread-unsafe call  Get Movement Component . Disable threaded update or use a thread-safe call. Function may need BlueprintThreadSafe metadata adding.
[2019.08.07-16.26.44:635][  0]LogBlueprint: Warning: [Compiler StateMachineAnimatorCharacter] Node  Result  uses potentially thread-unsafe call  Try Get Pawn Owner . Disable threaded update or use a thread-safe call. Function may need BlueprintThreadSafe metadata adding.
[2019.08.07-16.26.44:635][  0]LogBlueprint: Warning: [Compiler StateMachineAnimatorCharacter] Node  Result  uses potentially thread-unsafe call  Try Get Pawn Owner . Disable threaded update or use a thread-safe call. Function may need BlueprintThreadSafe metadata adding.
[2019.08.07-16.26.44:635][  0]LogBlueprint: Warning: [Compiler StateMachineAnimatorCharacter] Node  Result  uses potentially thread-unsafe call  Get Movement Component . Disable threaded update or use a thread-safe call. Function may need BlueprintThreadSafe metadata adding.
[2019.08.07-16.26.44:639][  0]LogBlueprint: Warning: [Compiler StateMachineAnimatorCharacter] [0006,29] Compile of StateMachineAnimatorCharacter successful, but with 6 Warning(s) [in 33 ms] (/Game/RuinLevel/Blueprints/assets/Character/Animations/StateMachine/StateMachineAnimatorCharacter.StateMachineAnimatorCharacter)
[2019.08.07-16.26.45:036][  0]LogAIModule: Creating AISystem for world RuinLevel
[2019.08.07-16.26.45:038][  0]LogMaterial: Warning: Material /Game/InfinityBladeGrassLands/Environments/Plains/Env_Plains_Flora/Materials/M_Plains_Tree_Stump01.M_Plains_Tree_Stump01 needed to have new flag set bUsedWithInstancedStaticMeshes !
[2019.08.07-16.26.45:046][  0]LogMaterial: Display: Missing cached shader map for material M_Plains_Tree_Stump01, compiling. 
[2019.08.07-16.26.45:118][  0]MapCheck: Warning: M_Plains_Tree_Stump01 Material /Game/InfinityBladeGrassLands/Environments/Plains/Env_Plains_Flora/Materials/M_Plains_Tree_Stump01.M_Plains_Tree_Stump01 was missing the usage flag bUsedWithInstancedStaticMeshes. If the material asset is not re-saved, it may not render correctly when run outside the editor. Fix
[2019.08.07-16.26.45:135][  0]LogEditorServer: Finished looking for orphan Actors (0.000 secs)
[2019.08.07-16.26.45:177][  0]LogUObjectHash: Compacting FUObjectHashTables data took   2.91ms
[2019.08.07-16.26.45:178][  0]Cmd: MAP CHECKDEP NOCLEARLOG
[2019.08.07-16.26.45:178][  0]MapCheck: Map check complete: 0 Error(s), 1 Warning(s), took 0,192ms to complete.
[2019.08.07-16.26.45:181][  0]LogFileHelpers: Loading map 'RuinLevel' took 0.707
[2019.08.07-16.26.45:285][  0]LogSlate: Updating window title bar state: overlay mode, drag disabled, window buttons hidden, title bar hidden
[2019.08.07-16.26.45:296][  0]LogSlate: Updating window title bar state: overlay mode, drag disabled, window buttons hidden, title bar hidden
[2019.08.07-16.26.45:307][  0]LogSlate: Updating window title bar state: overlay mode, drag disabled, window buttons hidden, title bar hidden
[2019.08.07-16.26.45:317][  0]LogSlate: Updating window title bar state: overlay mode, drag disabled, window buttons hidden, title bar hidden
[2019.08.07-16.26.45:468][  0]LogCollectionManager: Loaded 0 collections in 0.002729 seconds
[2019.08.07-16.26.45:496][  0]LogFileCache: Scanning file cache for directory 'C:/Users/tecla/Documents/Unreal Projects/Prova/Saved/Collections/' took 0.01s
[2019.08.07-16.26.45:496][  0]LogFileCache: Scanning file cache for directory 'C:/Users/tecla/Documents/Unreal Projects/Prova/Content/Developers/tecla/Collections/' took 0.00s
[2019.08.07-16.26.45:496][  0]LogFileCache: Scanning file cache for directory 'C:/Users/tecla/Documents/Unreal Projects/Prova/Content/Collections/' took 0.01s
[2019.08.07-16.26.45:496][  0]LogCollectionManager: Rebuilt the GUID cache for 0 collections in 0.000000 seconds
[2019.08.07-16.26.45:508][  0]LogContentBrowser: Native class hierarchy populated in 0.0115 seconds. Added 2733 classes and 661 folders.
[2019.08.07-16.26.45:516][  0]LogContentBrowser: Native class hierarchy updated for 'WidgetCarousel' in 0.0003 seconds. Added 0 classes and 0 folders.
[2019.08.07-16.26.45:517][  0]LogPakFile: Registered encryption key '00000000000000000000000000000000': 0 pak files mounted, 0 remain pending
[2019.08.07-16.26.45:518][  0]LogPakFile: Registered encryption key '00000000000000000000000000000000': 0 pak files mounted, 0 remain pending
[2019.08.07-16.26.45:519][  0]LogPakFile: Registered encryption key '00000000000000000000000000000000': 0 pak files mounted, 0 remain pending
[2019.08.07-16.26.45:519][  0]LogPakFile: Registered encryption key '00000000000000000000000000000000': 0 pak files mounted, 0 remain pending
[2019.08.07-16.26.45:520][  0]LogPakFile: Registered encryption key '00000000000000000000000000000000': 0 pak files mounted, 0 remain pending
[2019.08.07-16.26.45:520][  0]LogPakFile: Registered encryption key '00000000000000000000000000000000': 0 pak files mounted, 0 remain pending
[2019.08.07-16.26.45:521][  0]LogPakFile: Registered encryption key '00000000000000000000000000000000': 0 pak files mounted, 0 remain pending
[2019.08.07-16.26.45:521][  0]LogPakFile: Registered encryption key '00000000000000000000000000000000': 0 pak files mounted, 0 remain pending
[2019.08.07-16.26.45:522][  0]LogPakFile: Registered encryption key '00000000000000000000000000000000': 0 pak files mounted, 0 remain pending
[2019.08.07-16.26.45:522][  0]LogPakFile: Registered encryption key '00000000000000000000000000000000': 0 pak files mounted, 0 remain pending
[2019.08.07-16.26.45:522][  0]LogPakFile: Registered encryption key '00000000000000000000000000000000': 0 pak files mounted, 0 remain pending
[2019.08.07-16.26.45:523][  0]LogPakFile: Registered encryption key '00000000000000000000000000000000': 0 pak files mounted, 0 remain pending
[2019.08.07-16.26.45:523][  0]LogPakFile: Registered encryption key '00000000000000000000000000000000': 0 pak files mounted, 0 remain pending
[2019.08.07-16.26.45:524][  0]LogPakFile: Registered encryption key '00000000000000000000000000000000': 0 pak files mounted, 0 remain pending
[2019.08.07-16.26.45:524][  0]LogPakFile: Registered encryption key '00000000000000000000000000000000': 0 pak files mounted, 0 remain pending
[2019.08.07-16.26.45:524][  0]LogPakFile: Registered encryption key '00000000000000000000000000000000': 0 pak files mounted, 0 remain pending
[2019.08.07-16.26.45:525][  0]LogPakFile: Registered encryption key '00000000000000000000000000000000': 0 pak files mounted, 0 remain pending
[2019.08.07-16.26.45:525][  0]LogPakFile: Registered encryption key '00000000000000000000000000000000': 0 pak files mounted, 0 remain pending
[2019.08.07-16.26.45:526][  0]LogPakFile: Registered encryption key '00000000000000000000000000000000': 0 pak files mounted, 0 remain pending
[2019.08.07-16.26.45:527][  0]LogPakFile: Registered encryption key '00000000000000000000000000000000': 0 pak files mounted, 0 remain pending
[2019.08.07-16.26.45:527][  0]LogPakFile: Registered encryption key '00000000000000000000000000000000': 0 pak files mounted, 0 remain pending
[2019.08.07-16.26.45:528][  0]LogPakFile: Registered encryption key '00000000000000000000000000000000': 0 pak files mounted, 0 remain pending
[2019.08.07-16.26.45:529][  0]LogPakFile: Registered encryption key '00000000000000000000000000000000': 0 pak files mounted, 0 remain pending
[2019.08.07-16.26.45:529][  0]LogPakFile: Registered encryption key '00000000000000000000000000000000': 0 pak files mounted, 0 remain pending
[2019.08.07-16.26.45:530][  0]LogPakFile: Registered encryption key '00000000000000000000000000000000': 0 pak files mounted, 0 remain pending
[2019.08.07-16.26.45:530][  0]LogPakFile: Registered encryption key '00000000000000000000000000000000': 0 pak files mounted, 0 remain pending
[2019.08.07-16.26.45:557][  0]LogContentBrowser: Native class hierarchy updated for 'AddContentDialog' in 0.0002 seconds. Added 0 classes and 0 folders.
[2019.08.07-16.26.45:562][  0]LogSlate: Took 0.000130 seconds to synchronously load lazily loaded font '../../../Engine/Content/Slate/Fonts/Roboto-Regular.ttf' (155K)
[2019.08.07-16.26.45:565][  0]LogSlate: Took 0.000247 seconds to synchronously load lazily loaded font '../../../Engine/Content/Slate/Fonts/Roboto-Bold.ttf' (160K)
[2019.08.07-16.26.45:644][  0]LogRenderer: Reallocating scene render targets to support 828x708 Format 10 NumSamples 1 (Frame:1).
[2019.08.07-16.26.45:830][  0]LogContentBrowser: Native class hierarchy updated for 'HierarchicalLODOutliner' in 0.0004 seconds. Added 0 classes and 0 folders.
[2019.08.07-16.26.45:830][  0]LogLoad: (Engine Initialization) Total time: 7.48 seconds
[2019.08.07-16.26.45:830][  0]LogLoad: (Engine Initialization) Total Blueprint compile time: 0.00 seconds
[2019.08.07-16.26.45:884][  0]LogAssetRegistry: Asset discovery search completed in 4.2904 seconds
[2019.08.07-16.26.45:887][  0]LogCollectionManager: Rebuilt the object cache for 0 collections in 0.000000 seconds (found 0 objects)
[2019.08.07-16.26.45:887][  0]LogCollectionManager: Fixed up redirectors for 0 collections in 0.000089 seconds (updated 0 objects)
[2019.08.07-16.26.45:888][  0]LogContentStreaming: Texture pool size now 1000 MB
[2019.08.07-16.26.46:866][ 50]LogSlate: Took 0.000133 seconds to synchronously load lazily loaded font '../../../Engine/Content/Slate/Fonts/Roboto-Light.ttf' (167K)
[2019.08.07-16.26.46:867][ 50]LogSlate: FSceneViewport::OnFocusLost() reason 2
[2019.08.07-16.26.46:872][ 50]LogAssetEditorManager: Opening Asset editor for Blueprint /Game/RuinLevel/Blueprints/assets/Character/GameModeRuin.GameModeRuin
[2019.08.07-16.26.47:161][ 50]LogContentBrowser: Native class hierarchy updated for 'BlueprintGraph' in 0.0006 seconds. Added 121 classes and 0 folders.
[2019.08.07-16.26.48:072][ 50]LogSlate: Took 0.000149 seconds to synchronously load lazily loaded font '../../../Engine/Content/Editor/Slate/Fonts/FontAwesome.ttf' (139K)
[2019.08.07-16.26.48:073][ 50]LogSlate: Took 0.000095 seconds to synchronously load lazily loaded font '../../../Engine/Content/Slate/Fonts/Roboto-BoldCondensed.ttf' (158K)
[2019.08.07-16.26.48:143][ 51]LogSlate: Took 0.000224 seconds to synchronously load lazily loaded font '../../../Engine/Content/Slate/Fonts/Roboto-Italic.ttf' (157K)
[2019.08.07-16.29.00:974][205]BlueprintLog: New page: Compile GameModeRuin
[2019.08.07-16.29.01:114][205]LogUObjectHash: Compacting FUObjectHashTables data took   2.84ms
[2019.08.07-16.29.58:833][335]Cmd: DELETE
[2019.08.07-16.29.58:833][335]Cmd: ACTOR DELETE
[2019.08.07-16.29.58:841][335]LogEditorActor: Deleted Actor: PlayerStart
[2019.08.07-16.29.58:841][335]LogEditorActor: Deleted Actor: PlayerStart
[2019.08.07-16.29.58:842][335]LogEditorActor: Deleted Actor: PlayerStart
[2019.08.07-16.29.58:842][335]LogEditorActor: Deleted Actor: PlayerStart
[2019.08.07-16.29.58:843][335]LogEditorActor: Deleted Actor: PlayerStart
[2019.08.07-16.29.58:843][335]LogEditorActor: Deleted Actor: PlayerStart
[2019.08.07-16.29.58:844][335]LogEditorActor: Deleted Actor: PlayerStart
[2019.08.07-16.29.58:876][335]LogUObjectHash: Compacting FUObjectHashTables data took   2.39ms
[2019.08.07-16.29.58:876][335]LogEditorActor: Deleted 7 Actors (0.043 secs)
[2019.08.07-16.30.02:756][568]Cmd: CAMERA ALIGN ACTIVEVIEWPORTONLY
[2019.08.07-16.30.11:576][ 95]LogNavigationPoint: PostEditMove Clear paths rebuilt
[2019.08.07-16.30.12:539][153]LogNavigationPoint: PostEditMove Clear paths rebuilt
[2019.08.07-16.30.13:543][212]LogNavigationPoint: PostEditMove Clear paths rebuilt
[2019.08.07-16.30.14:290][257]LogNavigationPoint: PostEditMove Clear paths rebuilt
[2019.08.07-16.30.15:227][312]LogNavigationPoint: PostEditMove Clear paths rebuilt
[2019.08.07-16.30.16:158][368]LogNavigationPoint: PostEditMove Clear paths rebuilt
[2019.08.07-16.30.18:062][481]LogNavigationPoint: PostEditMove Clear paths rebuilt
[2019.08.07-16.30.18:858][529]LogNavigationPoint: PostEditMove Clear paths rebuilt
[2019.08.07-16.30.20:800][645]LogNavigationPoint: PostEditMove Clear paths rebuilt
[2019.08.07-16.30.22:428][742]LogNavigationPoint: PostEditMove Clear paths rebuilt
[2019.08.07-16.30.23:989][835]LogNavigationPoint: PostEditMove Clear paths rebuilt
[2019.08.07-16.30.24:943][891]LogNavigationPoint: PostEditMove Clear paths rebuilt
[2019.08.07-16.30.26:756][  0]LogNavigationPoint: PostEditMove Clear paths rebuilt
[2019.08.07-16.30.27:623][ 51]LogNavigationPoint: PostEditMove Clear paths rebuilt
[2019.08.07-16.30.28:653][113]LogNavigationPoint: PostEditMove Clear paths rebuilt
[2019.08.07-16.30.30:932][249]LogSlate: FSceneViewport::OnFocusLost() reason 0
[2019.08.07-16.30.31:018][253]Cmd: OBJ SAVEPACKAGE PACKAGE="/Game/RuinLevel/RuinLevel" FILE="../../../../../../Users/tecla/Documents/Unreal Projects/Prova/Content/RuinLevel/RuinLevel.umap" SILENT=true AUTOSAVING=false KEEPDIRTY=false
[2019.08.07-16.30.31:046][253]LogUObjectHash: Compacting FUObjectHashTables data took   1.18ms
[2019.08.07-16.30.31:450][253]LogSavePackage: Moving '../../../../../../Users/tecla/Documents/Unreal Projects/Prova/Saved/RuinLevel917C827C4A649542B5C56DBDC787FBE1.tmp' to '../../../../../../Users/tecla/Documents/Unreal Projects/Prova/Content/RuinLevel/RuinLevel.umap'
[2019.08.07-16.30.31:474][253]Cmd: OBJ SAVEPACKAGE PACKAGE="/Game/RuinLevel/RuinLevel_BuiltData" FILE="../../../../../../Users/tecla/Documents/Unreal Projects/Prova/Content/RuinLevel/RuinLevel_BuiltData.uasset" SILENT=true
[2019.08.07-16.30.32:189][253]LogSavePackage: Moving '../../../../../../Users/tecla/Documents/Unreal Projects/Prova/Saved/RuinLevel_BuiltDataAFB941274F4249D85A6EF0A3A21523F4.tmp' to '../../../../../../Users/tecla/Documents/Unreal Projects/Prova/Content/RuinLevel/RuinLevel_BuiltData.uasset'
[2019.08.07-16.30.33:943][357]LogTemp: Repeating last play command: Selected Viewport
[2019.08.07-16.30.33:956][357]LogBlueprintUserMessages: Early PlayInEditor Detection: Level '/Game/RuinLevel/RuinLevel.RuinLevel:PersistentLevel' has LevelScriptBlueprint '/Game/RuinLevel/RuinLevel.RuinLevel:PersistentLevel.RuinLevel' with GeneratedClass '/Game/RuinLevel/RuinLevel.RuinLevel_C' with ClassGeneratedBy '/Game/RuinLevel/RuinLevel.RuinLevel:PersistentLevel.RuinLevel'
[2019.08.07-16.30.33:957][357]LogPlayLevel: PlayLevel: No blueprints needed recompiling
[2019.08.07-16.30.33:957][357]PIE: New page: PIE session: RuinLevel (7/8/2019 20:30:33)
[2019.08.07-16.30.33:970][357]LogPlayLevel: Creating play world package: /Game/RuinLevel/UEDPIE_0_RuinLevel
[2019.08.07-16.30.34:001][357]LogPlayLevel: PIE: StaticDuplicateObject took: (0.031438s)
[2019.08.07-16.30.34:002][357]LogAIModule: Creating AISystem for world RuinLevel
[2019.08.07-16.30.34:002][357]LogPlayLevel: PIE: World Init took: (0.000544s)
[2019.08.07-16.30.34:002][357]LogPlayLevel: PIE: Created PIE world by copying editor world from /Game/RuinLevel/RuinLevel.RuinLevel to /Game/RuinLevel/UEDPIE_0_RuinLevel.RuinLevel (0.032293s)
[2019.08.07-16.30.34:031][357]LogUObjectHash: Compacting FUObjectHashTables data took   2.40ms
[2019.08.07-16.30.34:034][357]LogInit: XAudio2 using 'Speakers (Realtek(R) Audio)' : 2 channels at 48 kHz using 16 bits per sample (channel mask 0x3)
[2019.08.07-16.30.34:048][357]LogInit: FAudioDevice initialized.
[2019.08.07-16.30.34:086][357]LogLoad: Game class is 'GameModeRuin_C'
[2019.08.07-16.30.34:092][357]LogWorld: Bringing World /Game/RuinLevel/UEDPIE_0_RuinLevel.RuinLevel up for play (max tick rate 60) at 2019.08.07-18.30.34
[2019.08.07-16.30.34:092][357]LogWorld: Bringing up level for play took: 0.005030
[2019.08.07-16.30.34:108][357]LogBlueprintActionDatabase: Requesting refresh due to module change: Voice (loaded)
[2019.08.07-16.30.34:112][357]LogBlueprintActionDatabase: Requesting refresh due to module change: MovieSceneCapture (loaded)
[2019.08.07-16.30.34:112][357]LogContentBrowser: Native class hierarchy updated for 'MovieSceneCapture' in 0.0003 seconds. Added 20 classes and 0 folders.
[2019.08.07-16.30.34:114][357]PIE: Play in editor start time for /Game/RuinLevel/UEDPIE_0_RuinLevel -0,781
[2019.08.07-16.30.34:114][357]LogBlueprintUserMessages: Late PlayInEditor Detection: Level '/Game/RuinLevel/RuinLevel.RuinLevel:PersistentLevel' has LevelScriptBlueprint '/Game/RuinLevel/RuinLevel.RuinLevel:PersistentLevel.RuinLevel' with GeneratedClass '/Game/RuinLevel/RuinLevel.RuinLevel_C' with ClassGeneratedBy '/Game/RuinLevel/RuinLevel.RuinLevel:PersistentLevel.RuinLevel'
[2019.08.07-16.31.27:959][573]LogSlate: FSceneViewport::OnFocusLost() reason 0
[2019.08.07-16.31.28:027][577]LogBlueprintUserMessages: Early EndPlayMap Detection: Level '/Game/RuinLevel/RuinLevel.RuinLevel:PersistentLevel' has LevelScriptBlueprint '/Game/RuinLevel/RuinLevel.RuinLevel:PersistentLevel.RuinLevel' with GeneratedClass '/Game/RuinLevel/RuinLevel.RuinLevel_C' with ClassGeneratedBy '/Game/RuinLevel/RuinLevel.RuinLevel:PersistentLevel.RuinLevel'
[2019.08.07-16.31.28:027][577]LogSlate: Updating window title bar state: overlay mode, drag disabled, window buttons hidden, title bar hidden
[2019.08.07-16.31.28:055][577]LogPlayLevel: Display: Shutting down PIE online subsystems
[2019.08.07-16.31.28:055][577]LogBlueprintUserMessages: Late EndPlayMap Detection: Level '/Game/RuinLevel/RuinLevel.RuinLevel:PersistentLevel' has LevelScriptBlueprint '/Game/RuinLevel/RuinLevel.RuinLevel:PersistentLevel.RuinLevel' with GeneratedClass '/Game/RuinLevel/RuinLevel.RuinLevel_C' with ClassGeneratedBy '/Game/RuinLevel/RuinLevel.RuinLevel:PersistentLevel.RuinLevel'
[2019.08.07-16.31.28:093][577]LogSlate: Updating window title bar state: overlay mode, drag disabled, window buttons hidden, title bar hidden
[2019.08.07-16.31.28:112][577]LogUObjectHash: Compacting FUObjectHashTables data took   4.16ms
[2019.08.07-16.31.28:126][578]LogPlayLevel: Display: Destroying online subsystem :Context_2
[2019.08.07-16.31.30:160][700]LogTemp: Repeating last play command: Selected Viewport
[2019.08.07-16.31.30:172][700]LogBlueprintUserMessages: Early PlayInEditor Detection: Level '/Game/RuinLevel/RuinLevel.RuinLevel:PersistentLevel' has LevelScriptBlueprint '/Game/RuinLevel/RuinLevel.RuinLevel:PersistentLevel.RuinLevel' with GeneratedClass '/Game/RuinLevel/RuinLevel.RuinLevel_C' with ClassGeneratedBy '/Game/RuinLevel/RuinLevel.RuinLevel:PersistentLevel.RuinLevel'
[2019.08.07-16.31.30:172][700]LogPlayLevel: PlayLevel: No blueprints needed recompiling
[2019.08.07-16.31.30:173][700]PIE: New page: PIE session: RuinLevel (7/8/2019 20:31:30)
[2019.08.07-16.31.30:173][700]LogPlayLevel: Creating play world package: /Game/RuinLevel/UEDPIE_0_RuinLevel
[2019.08.07-16.31.30:204][700]LogPlayLevel: PIE: StaticDuplicateObject took: (0.030531s)
[2019.08.07-16.31.30:204][700]LogAIModule: Creating AISystem for world RuinLevel
[2019.08.07-16.31.30:205][700]LogPlayLevel: PIE: World Init took: (0.000460s)
[2019.08.07-16.31.30:205][700]LogPlayLevel: PIE: Created PIE world by copying editor world from /Game/RuinLevel/RuinLevel.RuinLevel to /Game/RuinLevel/UEDPIE_0_RuinLevel.RuinLevel (0.031396s)
[2019.08.07-16.31.30:233][700]LogUObjectHash: Compacting FUObjectHashTables data took   2.41ms
[2019.08.07-16.31.30:236][700]LogInit: XAudio2 using 'Speakers (Realtek(R) Audio)' : 2 channels at 48 kHz using 16 bits per sample (channel mask 0x3)
[2019.08.07-16.31.30:250][700]LogInit: FAudioDevice initialized.
[2019.08.07-16.31.30:277][700]LogLoad: Game class is 'GameModeRuin_C'
[2019.08.07-16.31.30:283][700]LogWorld: Bringing World /Game/RuinLevel/UEDPIE_0_RuinLevel.RuinLevel up for play (max tick rate 60) at 2019.08.07-18.31.30
[2019.08.07-16.31.30:283][700]LogWorld: Bringing up level for play took: 0.004860
[2019.08.07-16.31.30:297][700]PIE: Play in editor start time for /Game/RuinLevel/UEDPIE_0_RuinLevel -0,599
[2019.08.07-16.31.30:297][700]LogBlueprintUserMessages: Late PlayInEditor Detection: Level '/Game/RuinLevel/RuinLevel.RuinLevel:PersistentLevel' has LevelScriptBlueprint '/Game/RuinLevel/RuinLevel.RuinLevel:PersistentLevel.RuinLevel' with GeneratedClass '/Game/RuinLevel/RuinLevel.RuinLevel_C' with ClassGeneratedBy '/Game/RuinLevel/RuinLevel.RuinLevel:PersistentLevel.RuinLevel'
[2019.08.07-16.32.01:015][541]LogScript: Warning: Attempted to access index 2 from array WaveEnemies of length 2!
	GameModeRuin_C /Game/RuinLevel/UEDPIE_0_RuinLevel.RuinLevel:PersistentLevel.GameModeRuin_C_0
	Function /Game/RuinLevel/Blueprints/assets/Character/GameModeRuin.GameModeRuin_C:ExecuteUbergraph_GameModeRuin:0050
[2019.08.07-16.32.01:015][541]PIE: Error: Blueprint Runtime Error: "Attempted to access index 2 from array WaveEnemies of length 2!". Blueprint:  GameModeRuin Function:  Execute Ubergraph Game Mode Ruin Graph:  EventGraph Node:  Set EnemiesCue
[2019.08.07-16.32.01:015][541]LogScript: Warning: Accessed None reading structure WaveEnemies_4_C6B831D24F7A366828B177B44CC4FD38
	GameModeRuin_C /Game/RuinLevel/UEDPIE_0_RuinLevel.RuinLevel:PersistentLevel.GameModeRuin_C_0
	Function /Game/RuinLevel/Blueprints/assets/Character/GameModeRuin.GameModeRuin_C:ExecuteUbergraph_GameModeRuin:0050
[2019.08.07-16.32.01:016][541]PIE: Error: Blueprint Runtime Error: "Accessed None reading structure WaveEnemies_4_C6B831D24F7A366828B177B44CC4FD38". Blueprint:  GameModeRuin Function:  Execute Ubergraph Game Mode Ruin Graph:  EventGraph Node:  Set EnemiesCue
[2019.08.07-16.32.05:580][815]LogSlate: FSceneViewport::OnFocusLost() reason 0
[2019.08.07-16.32.05:665][820]LogBlueprintUserMessages: Early EndPlayMap Detection: Level '/Game/RuinLevel/RuinLevel.RuinLevel:PersistentLevel' has LevelScriptBlueprint '/Game/RuinLevel/RuinLevel.RuinLevel:PersistentLevel.RuinLevel' with GeneratedClass '/Game/RuinLevel/RuinLevel.RuinLevel_C' with ClassGeneratedBy '/Game/RuinLevel/RuinLevel.RuinLevel:PersistentLevel.RuinLevel'
[2019.08.07-16.32.05:665][820]LogSlate: Updating window title bar state: overlay mode, drag disabled, window buttons hidden, title bar hidden
[2019.08.07-16.32.05:696][820]LogPlayLevel: Display: Shutting down PIE online subsystems
[2019.08.07-16.32.05:697][820]LogBlueprintUserMessages: Late EndPlayMap Detection: Level '/Game/RuinLevel/RuinLevel.RuinLevel:PersistentLevel' has LevelScriptBlueprint '/Game/RuinLevel/RuinLevel.RuinLevel:PersistentLevel.RuinLevel' with GeneratedClass '/Game/RuinLevel/RuinLevel.RuinLevel_C' with ClassGeneratedBy '/Game/RuinLevel/RuinLevel.RuinLevel:PersistentLevel.RuinLevel'
[2019.08.07-16.32.05:731][820]LogSlate: Updating window title bar state: overlay mode, drag disabled, window buttons hidden, title bar hidden
[2019.08.07-16.32.05:736][820]LogUObjectHash: Compacting FUObjectHashTables data took   1.80ms
[2019.08.07-16.32.05:766][821]LogPlayLevel: Display: Destroying online subsystem :Context_3
[2019.08.07-16.32.11:799][183]LogSlate: Window 'Message Log' being destroyed
[2019.08.07-16.32.11:804][183]LogSlate: Window 'Message Log' being destroyed
[2019.08.07-16.32.36:595][594]LogSavePackage: Moving '../../../../../../Users/tecla/Documents/Unreal Projects/Prova/Saved/GameModeRuin810CA52F4E7A3567AAB3519CB7CB4BDC.tmp' to '../../../../../../Users/tecla/Documents/Unreal Projects/Prova/Content/RuinLevel/Blueprints/assets/Character/GameModeRuin.uasset'
