Log file open, 08/02/19 17:49:02
LogWindows: Failed to load 'aqProf.dll' (GetLastError=126)
LogWindows: File 'aqProf.dll' does not exist
LogWindows: Failed to load 'VtuneApi.dll' (GetLastError=126)
LogWindows: File 'VtuneApi.dll' does not exist
LogWindows: Failed to load 'VtuneApi32e.dll' (GetLastError=126)
LogWindows: File 'VtuneApi32e.dll' does not exist
LogConsoleResponse: Display: Failed to find resolution value strings in scalability ini. Falling back to default.
LogInit: Display: Running engine for game: Prova
LogPakFile: Registered encryption key '00000000000000000000000000000000': 0 pak files mounted, 0 remain pending
LogPlatformFile: Not using cached read wrapper
LogTaskGraph: Started task graph with 5 named threads and 35 total threads with 3 sets of task threads.
LogStats: Stats thread started at 0.395876
LogD3D11RHI: Loaded GFSDK_Aftermath_Lib.x64.dll
LogICUInternationalization: ICU TimeZone Detection - Raw Offset: +1:00, Platform Override: ''
LogPluginManager: Mounting plugin Paper2D
LogPluginManager: Mounting plugin AISupport
LogPluginManager: Mounting plugin LightPropagationVolume
LogPluginManager: Mounting plugin ActorLayerUtilities
LogPluginManager: Mounting plugin AnimationSharing
LogPluginManager: Mounting plugin CLionSourceCodeAccess
LogPluginManager: Mounting plugin CodeLiteSourceCodeAccess
LogPluginManager: Mounting plugin GitSourceControl
LogPluginManager: Mounting plugin KDevelopSourceCodeAccess
LogPluginManager: Mounting plugin NullSourceCodeAccess
LogPluginManager: Mounting plugin PerforceSourceControl
LogPluginManager: Mounting plugin SubversionSourceControl
LogPluginManager: Mounting plugin UObjectPlugin
LogPluginManager: Mounting plugin VisualStudioCodeSourceCodeAccess
LogPluginManager: Mounting plugin VisualStudioSourceCodeAccess
LogPluginManager: Mounting plugin XCodeSourceCodeAccess
LogPluginManager: Mounting plugin AssetManagerEditor
LogPluginManager: Mounting plugin CryptoKeys
LogPluginManager: Mounting plugin DataValidation
LogPluginManager: Mounting plugin FacialAnimation
LogPluginManager: Mounting plugin GameplayTagsEditor
LogPluginManager: Mounting plugin MacGraphicsSwitching
LogPluginManager: Mounting plugin MaterialAnalyzer
LogPluginManager: Mounting plugin MobileLauncherProfileWizard
LogPluginManager: Mounting plugin PluginBrowser
LogPluginManager: Mounting plugin SpeedTreeImporter
LogPluginManager: Mounting plugin DatasmithContent
LogPluginManager: Mounting plugin VariantManagerContent
LogPluginManager: Mounting plugin AlembicImporter
LogPluginManager: Mounting plugin AppleImageUtils
LogPluginManager: Mounting plugin AppleVision
LogPluginManager: Mounting plugin BackChannel
LogPluginManager: Mounting plugin CharacterAI
LogPluginManager: Mounting plugin GeometryCache
LogPluginManager: Mounting plugin HTML5Networking
LogPluginManager: Mounting plugin ProxyLODPlugin
LogPluginManager: Mounting plugin SkeletalReduction
LogPluginManager: Mounting plugin MagicLeap
LogPluginManager: Mounting plugin MagicLeapMedia
LogPluginManager: Mounting plugin AndroidMedia
LogPluginManager: Mounting plugin AvfMedia
LogPluginManager: Mounting plugin ImgMedia
LogPluginManager: Mounting plugin LinearTimecode
LogPluginManager: Mounting plugin MediaCompositing
LogPluginManager: Mounting plugin MediaPlayerEditor
LogPluginManager: Mounting plugin WebMMedia
LogPluginManager: Mounting plugin WmfMedia
LogPluginManager: Mounting plugin TcpMessaging
LogPluginManager: Mounting plugin UdpMessaging
LogPluginManager: Mounting plugin ActorSequence
LogPluginManager: Mounting plugin LevelSequenceEditor
LogPluginManager: Mounting plugin MatineeToLevelSequence
LogPluginManager: Mounting plugin NetcodeUnitTest
LogPluginManager: Mounting plugin NUTUnrealEngine4
LogPluginManager: Mounting plugin OnlineSubsystemGooglePlay
LogPluginManager: Mounting plugin OnlineSubsystemIOS
LogPluginManager: Mounting plugin OnlineSubsystem
LogPluginManager: Mounting plugin OnlineSubsystemNull
LogPluginManager: Mounting plugin OnlineSubsystemUtils
LogPluginManager: Mounting plugin LauncherChunkInstaller
LogPluginManager: Mounting plugin AndroidDeviceProfileSelector
LogPluginManager: Mounting plugin AndroidMoviePlayer
LogPluginManager: Mounting plugin AndroidPermission
LogPluginManager: Mounting plugin AppleMoviePlayer
LogPluginManager: Mounting plugin ArchVisCharacter
LogPluginManager: Mounting plugin AudioCapture
LogPluginManager: Mounting plugin CableComponent
LogPluginManager: Mounting plugin CustomMeshComponent
LogPluginManager: Mounting plugin EditableMesh
LogPluginManager: Mounting plugin ExampleDeviceProfileSelector
LogPluginManager: Mounting plugin Firebase
LogPluginManager: Mounting plugin GoogleCloudMessaging
LogPluginManager: Mounting plugin IOSDeviceProfileSelector
LogPluginManager: Mounting plugin LinuxDeviceProfileSelector
LogPluginManager: Mounting plugin LocationServicesBPLibrary
LogPluginManager: Mounting plugin MobilePatchingUtils
LogPluginManager: Mounting plugin OculusVR
LogPluginManager: Mounting plugin PhysXVehicles
LogPluginManager: Mounting plugin ProceduralMeshComponent
LogPluginManager: Mounting plugin RuntimePhysXCooking
LogPluginManager: Mounting plugin SignificanceManager
LogPluginManager: Mounting plugin SteamVR
LogPluginManager: Mounting plugin WebMMoviePlayer
LogPluginManager: Mounting plugin WindowsMoviePlayer
LogInit: Using libcurl 7.55.1-DEV
LogInit:  - built for x86_64-pc-win32
LogInit:  - supports SSL with OpenSSL/1.1.1
LogInit:  - supports HTTP deflate (compression) using libz 1.2.8
LogInit:  - other features:
LogInit:      CURL_VERSION_SSL
LogInit:      CURL_VERSION_LIBZ
LogInit:      CURL_VERSION_IPV6
LogInit:      CURL_VERSION_ASYNCHDNS
LogInit:      CURL_VERSION_LARGEFILE
LogInit:      CURL_VERSION_IDN
LogInit:  CurlRequestOptions (configurable via config and command line):
LogInit:  - bVerifyPeer = true  - Libcurl will verify peer certificate
LogInit:  - bUseHttpProxy = false  - Libcurl will NOT use HTTP proxy
LogInit:  - bDontReuseConnections = false  - Libcurl will reuse connections
LogInit:  - MaxHostConnections = 16  - Libcurl will limit the number of connections to a host
LogInit:  - LocalHostAddr = Default
LogInit:  - BufferSize = 65536
LogInit: WinSock: version 1.1 (2.2), MaxSocks=32767, MaxUdp=65467
LogInit: Build: ++UE4+Release-4.22-CL-7053642
LogInit: Engine Version: 4.22.3-7053642+++UE4+Release-4.22
LogInit: Compatible Engine Version: 4.22.0-5660361+++UE4+Release-4.22
LogInit: Net CL: 5660361
LogInit: OS: Windows 10 (Release 1903) (), CPU: Intel(R) Core(TM) i7-8750H CPU @ 2.20GHz, GPU: Intel(R) UHD Graphics 630
LogInit: Compiled (64-bit): Jun 18 2019 03:09:11
LogInit: Compiled with Visual C++: 19.16.27025.01
LogInit: Build Configuration: Development
LogInit: Branch Name: ++UE4+Release-4.22
LogInit: Command Line: 
LogInit: Base Directory: C:/Program Files/Epic Games/UE_4.22/Engine/Binaries/Win64/
LogInit: Installed Engine Build: 1
LogDevObjectVersion: Number of dev versions registered: 23
LogDevObjectVersion:   Dev-Blueprints (B0D832E4-1F89-4F0D-ACCF-7EB736FD4AA2): 10
LogDevObjectVersion:   Dev-Build (E1C64328-A22C-4D53-A36C-8E866417BD8C): 0
LogDevObjectVersion:   Dev-Core (375EC13C-06E4-48FB-B500-84F0262A717E): 3
LogDevObjectVersion:   Dev-Editor (E4B068ED-F494-42E9-A231-DA0B2E46BB41): 30
LogDevObjectVersion:   Dev-Framework (CFFC743F-43B0-4480-9391-14DF171D2073): 35
LogDevObjectVersion:   Dev-Mobile (B02B49B5-BB20-44E9-A304-32B752E40360): 2
LogDevObjectVersion:   Dev-Networking (A4E4105C-59A1-49B5-A7C5-40C4547EDFEE): 0
LogDevObjectVersion:   Dev-Online (39C831C9-5AE6-47DC-9A44-9C173E1C8E7C): 0
LogDevObjectVersion:   Dev-Physics (78F01B33-EBEA-4F98-B9B4-84EACCB95AA2): 0
LogDevObjectVersion:   Dev-Platform (6631380F-2D4D-43E0-8009-CF276956A95A): 0
LogDevObjectVersion:   Dev-Rendering (12F88B9F-8875-4AFC-A67C-D90C383ABD29): 28
LogDevObjectVersion:   Dev-Sequencer (7B5AE74C-D270-4C10-A958-57980B212A5A): 11
LogDevObjectVersion:   Dev-VR (D7296918-1DD6-4BDD-9DE2-64A83CC13884): 2
LogDevObjectVersion:   Dev-LoadTimes (C2A15278-BFE7-4AFE-6C17-90FF531DF755): 1
LogDevObjectVersion:   Private-Geometry (6EACA3D4-40EC-4CC1-B786-8BED09428FC5): 3
LogDevObjectVersion:   Dev-AnimPhys (29E575DD-E0A3-4627-9D10-D276232CDCEA): 17
LogDevObjectVersion:   Dev-Anim (AF43A65D-7FD3-4947-9873-3E8ED9C1BB05): 2
LogDevObjectVersion:   Dev-ReflectionCapture (6B266CEC-1EC7-4B8F-A30B-E4D90942FC07): 1
LogDevObjectVersion:   Dev-Automation (0DF73D61-A23F-47EA-B727-89E90C41499A): 1
LogDevObjectVersion:   FortniteMain (601D1886-AC64-4F84-AA16-D3DE0DEAC7D6): 25
LogDevObjectVersion:   Dev-Enterprise (9DFFBCD6-494F-0158-E221-12823C92A888): 6
LogDevObjectVersion:   Dev-Niagara (F2AED0AC-9AFE-416F-8664-AA7FFA26D6FC): 1
LogDevObjectVersion:   Dev-Destruction (174F1F0B-B4C6-45A5-B13F-2EE8D0FB917D): 2
LogInit: Presizing for max 16777216 objects, including 0 objects not considered by GC, pre-allocating 0 bytes for permanent pool.
LogInit: Object subsystem initialized
LogConfig: Setting CVar [[con.DebugEarlyDefault:1]]
LogConfig: Setting CVar [[r.setres:1280x720]]
[2019.08.02-15.49.02:598][  0]LogConfig: Setting CVar [[r.VSync:0]]
[2019.08.02-15.49.02:598][  0]LogConfig: Setting CVar [[r.RHICmdBypass:0]]
[2019.08.02-15.49.02:598][  0]LogConfig: Applying CVar settings from Section [/Script/Engine.RendererSettings] File [C:/Users/tecla/Documents/Unreal Projects/Prova/Saved/Config/Windows/Engine.ini]
[2019.08.02-15.49.02:598][  0]LogConfig: Setting CVar [[r.GPUCrashDebugging:0]]
[2019.08.02-15.49.02:598][  0]LogConfig: Setting CVar [[r.DefaultFeature.AutoExposure.ExtendDefaultLuminanceRange:1]]
[2019.08.02-15.49.02:598][  0]LogConfig: Applying CVar settings from Section [/Script/Engine.RendererOverrideSettings] File [C:/Users/tecla/Documents/Unreal Projects/Prova/Saved/Config/Windows/Engine.ini]
[2019.08.02-15.49.02:598][  0]LogConfig: Applying CVar settings from Section [/Script/Engine.StreamingSettings] File [C:/Users/tecla/Documents/Unreal Projects/Prova/Saved/Config/Windows/Engine.ini]
[2019.08.02-15.49.02:598][  0]LogConfig: Setting CVar [[s.MinBulkDataSizeForAsyncLoading:131072]]
[2019.08.02-15.49.02:598][  0]LogConfig: Setting CVar [[s.AsyncLoadingThreadEnabled:0]]
[2019.08.02-15.49.02:598][  0]LogConfig: Setting CVar [[s.EventDrivenLoaderEnabled:1]]
[2019.08.02-15.49.02:598][  0]LogConfig: Setting CVar [[s.WarnIfTimeLimitExceeded:0]]
[2019.08.02-15.49.02:598][  0]LogConfig: Setting CVar [[s.TimeLimitExceededMultiplier:1.5]]
[2019.08.02-15.49.02:598][  0]LogConfig: Setting CVar [[s.TimeLimitExceededMinTime:0.005]]
[2019.08.02-15.49.02:598][  0]LogConfig: Setting CVar [[s.UseBackgroundLevelStreaming:1]]
[2019.08.02-15.49.02:598][  0]LogConfig: Setting CVar [[s.PriorityAsyncLoadingExtraTime:15.0]]
[2019.08.02-15.49.02:598][  0]LogConfig: Setting CVar [[s.LevelStreamingActorsUpdateTimeLimit:5.0]]
[2019.08.02-15.49.02:598][  0]LogConfig: Setting CVar [[s.PriorityLevelStreamingActorsUpdateExtraTime:5.0]]
[2019.08.02-15.49.02:598][  0]LogConfig: Setting CVar [[s.LevelStreamingComponentsRegistrationGranularity:10]]
[2019.08.02-15.49.02:598][  0]LogConfig: Setting CVar [[s.UnregisterComponentsTimeLimit:1.0]]
[2019.08.02-15.49.02:598][  0]LogConfig: Setting CVar [[s.LevelStreamingComponentsUnregistrationGranularity:5]]
[2019.08.02-15.49.02:598][  0]LogConfig: Applying CVar settings from Section [/Script/Engine.GarbageCollectionSettings] File [C:/Users/tecla/Documents/Unreal Projects/Prova/Saved/Config/Windows/Engine.ini]
[2019.08.02-15.49.02:598][  0]LogConfig: Setting CVar [[gc.MaxObjectsNotConsideredByGC:1]]
[2019.08.02-15.49.02:598][  0]LogConfig: Setting CVar [[gc.SizeOfPermanentObjectPool:0]]
[2019.08.02-15.49.02:598][  0]LogConfig: Setting CVar [[gc.FlushStreamingOnGC:0]]
[2019.08.02-15.49.02:598][  0]LogConfig: Setting CVar [[gc.NumRetriesBeforeForcingGC:10]]
[2019.08.02-15.49.02:598][  0]LogConfig: Setting CVar [[gc.AllowParallelGC:1]]
[2019.08.02-15.49.02:598][  0]LogConfig: Setting CVar [[gc.TimeBetweenPurgingPendingKillObjects:61.1]]
[2019.08.02-15.49.02:598][  0]LogConfig: Setting CVar [[gc.MaxObjectsInEditor:16777216]]
[2019.08.02-15.49.02:598][  0]LogConfig: Setting CVar [[gc.IncrementalBeginDestroyEnabled:1]]
[2019.08.02-15.49.02:598][  0]LogConfig: Setting CVar [[gc.CreateGCClusters:1]]
[2019.08.02-15.49.02:598][  0]LogConfig: Setting CVar [[gc.MinGCClusterSize:5]]
[2019.08.02-15.49.02:598][  0]LogConfig: Setting CVar [[gc.ActorClusteringEnabled:0]]
[2019.08.02-15.49.02:598][  0]LogConfig: Setting CVar [[gc.BlueprintClusteringEnabled:0]]
[2019.08.02-15.49.02:598][  0]LogConfig: Setting CVar [[gc.UseDisregardForGCOnDedicatedServers:0]]
[2019.08.02-15.49.02:598][  0]LogConfig: Applying CVar settings from Section [/Script/Engine.NetworkSettings] File [C:/Users/tecla/Documents/Unreal Projects/Prova/Saved/Config/Windows/Engine.ini]
[2019.08.02-15.49.02:598][  0]LogConfig: Applying CVar settings from Section [/Script/UnrealEd.CookerSettings] File [C:/Users/tecla/Documents/Unreal Projects/Prova/Saved/Config/Windows/Engine.ini]
[2019.08.02-15.49.02:600][  0]LogConfig: Applying CVar settings from Section [ViewDistanceQuality@3] File [C:/Users/tecla/Documents/Unreal Projects/Prova/Saved/Config/Windows/Scalability.ini]
[2019.08.02-15.49.02:600][  0]LogConfig: Setting CVar [[r.SkeletalMeshLODBias:0]]
[2019.08.02-15.49.02:600][  0]LogConfig: Setting CVar [[r.ViewDistanceScale:1.0]]
[2019.08.02-15.49.02:600][  0]LogConfig: Applying CVar settings from Section [AntiAliasingQuality@3] File [C:/Users/tecla/Documents/Unreal Projects/Prova/Saved/Config/Windows/Scalability.ini]
[2019.08.02-15.49.02:600][  0]LogConfig: Setting CVar [[r.PostProcessAAQuality:4]]
[2019.08.02-15.49.02:600][  0]LogConfig: Applying CVar settings from Section [ShadowQuality@3] File [C:/Users/tecla/Documents/Unreal Projects/Prova/Saved/Config/Windows/Scalability.ini]
[2019.08.02-15.49.02:600][  0]LogConfig: Setting CVar [[r.LightFunctionQuality:1]]
[2019.08.02-15.49.02:600][  0]LogConfig: Setting CVar [[r.ShadowQuality:5]]
[2019.08.02-15.49.02:600][  0]LogConfig: Setting CVar [[r.Shadow.CSM.MaxCascades:10]]
[2019.08.02-15.49.02:600][  0]LogConfig: Setting CVar [[r.Shadow.MaxResolution:2048]]
[2019.08.02-15.49.02:600][  0]LogConfig: Setting CVar [[r.Shadow.MaxCSMResolution:2048]]
[2019.08.02-15.49.02:600][  0]LogConfig: Setting CVar [[r.Shadow.RadiusThreshold:0.01]]
[2019.08.02-15.49.02:600][  0]LogConfig: Setting CVar [[r.Shadow.DistanceScale:1.0]]
[2019.08.02-15.49.02:600][  0]LogConfig: Setting CVar [[r.Shadow.CSM.TransitionScale:1.0]]
[2019.08.02-15.49.02:600][  0]LogConfig: Setting CVar [[r.Shadow.PreShadowResolutionFactor:1.0]]
[2019.08.02-15.49.02:600][  0]LogConfig: Setting CVar [[r.DistanceFieldShadowing:1]]
[2019.08.02-15.49.02:600][  0]LogConfig: Setting CVar [[r.DistanceFieldAO:1]]
[2019.08.02-15.49.02:600][  0]LogConfig: Setting CVar [[r.AOQuality:2]]
[2019.08.02-15.49.02:600][  0]LogConfig: Setting CVar [[r.VolumetricFog:1]]
[2019.08.02-15.49.02:600][  0]LogConfig: Setting CVar [[r.VolumetricFog.GridPixelSize:8]]
[2019.08.02-15.49.02:600][  0]LogConfig: Setting CVar [[r.VolumetricFog.GridSizeZ:128]]
[2019.08.02-15.49.02:600][  0]LogConfig: Setting CVar [[r.VolumetricFog.HistoryMissSupersampleCount:4]]
[2019.08.02-15.49.02:600][  0]LogConfig: Setting CVar [[r.LightMaxDrawDistanceScale:1]]
[2019.08.02-15.49.02:600][  0]LogConfig: Setting CVar [[r.CapsuleShadows:1]]
[2019.08.02-15.49.02:600][  0]LogConfig: Applying CVar settings from Section [PostProcessQuality@3] File [C:/Users/tecla/Documents/Unreal Projects/Prova/Saved/Config/Windows/Scalability.ini]
[2019.08.02-15.49.02:600][  0]LogConfig: Setting CVar [[r.MotionBlurQuality:4]]
[2019.08.02-15.49.02:600][  0]LogConfig: Setting CVar [[r.AmbientOcclusionMipLevelFactor:0.4]]
[2019.08.02-15.49.02:600][  0]LogConfig: Setting CVar [[r.AmbientOcclusionMaxQuality:100]]
[2019.08.02-15.49.02:600][  0]LogConfig: Setting CVar [[r.AmbientOcclusionLevels:-1]]
[2019.08.02-15.49.02:600][  0]LogConfig: Setting CVar [[r.AmbientOcclusionRadiusScale:1.0]]
[2019.08.02-15.49.02:600][  0]LogConfig: Setting CVar [[r.DepthOfFieldQuality:2]]
[2019.08.02-15.49.02:600][  0]LogConfig: Setting CVar [[r.RenderTargetPoolMin:400]]
[2019.08.02-15.49.02:600][  0]LogConfig: Setting CVar [[r.LensFlareQuality:2]]
[2019.08.02-15.49.02:600][  0]LogConfig: Setting CVar [[r.SceneColorFringeQuality:1]]
[2019.08.02-15.49.02:600][  0]LogConfig: Setting CVar [[r.EyeAdaptationQuality:2]]
[2019.08.02-15.49.02:600][  0]LogConfig: Setting CVar [[r.BloomQuality:5]]
[2019.08.02-15.49.02:600][  0]LogConfig: Setting CVar [[r.FastBlurThreshold:100]]
[2019.08.02-15.49.02:600][  0]LogConfig: Setting CVar [[r.Upscale.Quality:3]]
[2019.08.02-15.49.02:600][  0]LogConfig: Setting CVar [[r.Tonemapper.GrainQuantization:1]]
[2019.08.02-15.49.02:600][  0]LogConfig: Setting CVar [[r.LightShaftQuality:1]]
[2019.08.02-15.49.02:600][  0]LogConfig: Setting CVar [[r.Filter.SizeScale:1]]
[2019.08.02-15.49.02:600][  0]LogConfig: Setting CVar [[r.Tonemapper.Quality:5]]
[2019.08.02-15.49.02:600][  0]LogConfig: Setting CVar [[r.DOF.Gather.AccumulatorQuality:1        ; higher gathering accumulator quality]]
[2019.08.02-15.49.02:600][  0]LogConfig: Setting CVar [[r.DOF.Gather.PostfilterMethod:1          ; Median3x3 postfilering method]]
[2019.08.02-15.49.02:600][  0]LogConfig: Setting CVar [[r.DOF.Gather.EnableBokehSettings:0       ; no bokeh simulation when gathering]]
[2019.08.02-15.49.02:600][  0]LogConfig: Setting CVar [[r.DOF.Gather.RingCount:4                 ; medium number of samples when gathering]]
[2019.08.02-15.49.02:600][  0]LogConfig: Setting CVar [[r.DOF.Scatter.ForegroundCompositing:1    ; additive foreground scattering]]
[2019.08.02-15.49.02:600][  0]LogConfig: Setting CVar [[r.DOF.Scatter.BackgroundCompositing:2    ; additive background scattering]]
[2019.08.02-15.49.02:600][  0]LogConfig: Setting CVar [[r.DOF.Scatter.EnableBokehSettings:1      ; bokeh simulation when scattering]]
[2019.08.02-15.49.02:600][  0]LogConfig: Setting CVar [[r.DOF.Scatter.MaxSpriteRatio:0.1         ; only a maximum of 10% of scattered bokeh]]
[2019.08.02-15.49.02:600][  0]LogConfig: Setting CVar [[r.DOF.Recombine.Quality:1                ; cheap slight out of focus]]
[2019.08.02-15.49.02:600][  0]LogConfig: Setting CVar [[r.DOF.Recombine.EnableBokehSettings:0    ; no bokeh simulation on slight out of focus]]
[2019.08.02-15.49.02:600][  0]LogConfig: Setting CVar [[r.DOF.TemporalAAQuality:1                ; more stable temporal accumulation]]
[2019.08.02-15.49.02:600][  0]LogConfig: Setting CVar [[r.DOF.Kernel.MaxForegroundRadius:0.025]]
[2019.08.02-15.49.02:600][  0]LogConfig: Setting CVar [[r.DOF.Kernel.MaxBackgroundRadius:0.025]]
[2019.08.02-15.49.02:600][  0]LogConfig: Applying CVar settings from Section [TextureQuality@3] File [C:/Users/tecla/Documents/Unreal Projects/Prova/Saved/Config/Windows/Scalability.ini]
[2019.08.02-15.49.02:600][  0]LogConfig: Setting CVar [[r.Streaming.MipBias:0]]
[2019.08.02-15.49.02:600][  0]LogConfig: Setting CVar [[r.Streaming.AmortizeCPUToGPUCopy:0]]
[2019.08.02-15.49.02:600][  0]LogConfig: Setting CVar [[r.Streaming.MaxNumTexturesToStreamPerFrame:0]]
[2019.08.02-15.49.02:600][  0]LogConfig: Setting CVar [[r.Streaming.Boost:1]]
[2019.08.02-15.49.02:600][  0]LogConfig: Setting CVar [[r.MaxAnisotropy:8]]
[2019.08.02-15.49.02:600][  0]LogConfig: Setting CVar [[r.Streaming.LimitPoolSizeToVRAM:0]]
[2019.08.02-15.49.02:600][  0]LogConfig: Setting CVar [[r.Streaming.PoolSize:1000]]
[2019.08.02-15.49.02:600][  0]LogConfig: Setting CVar [[r.Streaming.MaxEffectiveScreenSize:0]]
[2019.08.02-15.49.02:600][  0]LogConfig: Applying CVar settings from Section [EffectsQuality@3] File [C:/Users/tecla/Documents/Unreal Projects/Prova/Saved/Config/Windows/Scalability.ini]
[2019.08.02-15.49.02:600][  0]LogConfig: Setting CVar [[r.TranslucencyLightingVolumeDim:64]]
[2019.08.02-15.49.02:600][  0]LogConfig: Setting CVar [[r.RefractionQuality:2]]
[2019.08.02-15.49.02:601][  0]LogConfig: Setting CVar [[r.SSR.Quality:3]]
[2019.08.02-15.49.02:601][  0]LogConfig: Setting CVar [[r.SceneColorFormat:4]]
[2019.08.02-15.49.02:601][  0]LogConfig: Setting CVar [[r.DetailMode:2]]
[2019.08.02-15.49.02:601][  0]LogConfig: Setting CVar [[r.TranslucencyVolumeBlur:1]]
[2019.08.02-15.49.02:601][  0]LogConfig: Setting CVar [[r.MaterialQualityLevel:1 ; High quality]]
[2019.08.02-15.49.02:601][  0]LogConfig: Setting CVar [[r.SSS.Scale:1]]
[2019.08.02-15.49.02:601][  0]LogConfig: Setting CVar [[r.SSS.SampleSet:2]]
[2019.08.02-15.49.02:601][  0]LogConfig: Setting CVar [[r.SSS.Quality:1]]
[2019.08.02-15.49.02:601][  0]LogConfig: Setting CVar [[r.SSS.HalfRes:1]]
[2019.08.02-15.49.02:601][  0]LogConfig: Setting CVar [[r.EmitterSpawnRateScale:1.0]]
[2019.08.02-15.49.02:601][  0]LogConfig: Setting CVar [[r.ParticleLightQuality:2]]
[2019.08.02-15.49.02:601][  0]LogConfig: Applying CVar settings from Section [FoliageQuality@3] File [C:/Users/tecla/Documents/Unreal Projects/Prova/Saved/Config/Windows/Scalability.ini]
[2019.08.02-15.49.02:601][  0]LogConfig: Setting CVar [[foliage.DensityScale:1.0]]
[2019.08.02-15.49.02:601][  0]LogConfig: Setting CVar [[grass.DensityScale:1.0]]
[2019.08.02-15.49.02:601][  0]LogInit: Selected Device Profile: [Windows]
[2019.08.02-15.49.02:601][  0]LogInit: Applying CVar settings loaded from the selected device profile: [Windows]
[2019.08.02-15.49.02:607][  0]LogHAL: Display: Platform has ~ 16 GB [17030406144 / 17179869184 / 16], which maps to Larger [LargestMinGB=32, LargerMinGB=12, DefaultMinGB=8, SmallerMinGB=6, SmallestMinGB=0)
[2019.08.02-15.49.02:607][  0]LogConfig: Setting CVar [[r.Vulkan.UseRealUBs:0		; Required until we fix HLR fall-out]]
[2019.08.02-15.49.02:607][  0]LogInit: Going up to parent DeviceProfile []
[2019.08.02-15.49.02:607][  0]LogConfig: Applying CVar settings from Section [ViewDistanceQuality@3] File [C:/Users/tecla/Documents/Unreal Projects/Prova/Saved/Config/Windows/Scalability.ini]
[2019.08.02-15.49.02:607][  0]LogConfig: Setting CVar [[r.SkeletalMeshLODBias:0]]
[2019.08.02-15.49.02:607][  0]LogConfig: Setting CVar [[r.ViewDistanceScale:1.0]]
[2019.08.02-15.49.02:607][  0]LogConfig: Applying CVar settings from Section [AntiAliasingQuality@3] File [C:/Users/tecla/Documents/Unreal Projects/Prova/Saved/Config/Windows/Scalability.ini]
[2019.08.02-15.49.02:607][  0]LogConfig: Setting CVar [[r.PostProcessAAQuality:4]]
[2019.08.02-15.49.02:607][  0]LogConfig: Applying CVar settings from Section [ShadowQuality@3] File [C:/Users/tecla/Documents/Unreal Projects/Prova/Saved/Config/Windows/Scalability.ini]
[2019.08.02-15.49.02:607][  0]LogConfig: Setting CVar [[r.LightFunctionQuality:1]]
[2019.08.02-15.49.02:607][  0]LogConfig: Setting CVar [[r.ShadowQuality:5]]
[2019.08.02-15.49.02:607][  0]LogConfig: Setting CVar [[r.Shadow.CSM.MaxCascades:10]]
[2019.08.02-15.49.02:607][  0]LogConfig: Setting CVar [[r.Shadow.MaxResolution:2048]]
[2019.08.02-15.49.02:607][  0]LogConfig: Setting CVar [[r.Shadow.MaxCSMResolution:2048]]
[2019.08.02-15.49.02:607][  0]LogConfig: Setting CVar [[r.Shadow.RadiusThreshold:0.01]]
[2019.08.02-15.49.02:607][  0]LogConfig: Setting CVar [[r.Shadow.DistanceScale:1.0]]
[2019.08.02-15.49.02:607][  0]LogConfig: Setting CVar [[r.Shadow.CSM.TransitionScale:1.0]]
[2019.08.02-15.49.02:607][  0]LogConfig: Setting CVar [[r.Shadow.PreShadowResolutionFactor:1.0]]
[2019.08.02-15.49.02:607][  0]LogConfig: Setting CVar [[r.DistanceFieldShadowing:1]]
[2019.08.02-15.49.02:607][  0]LogConfig: Setting CVar [[r.DistanceFieldAO:1]]
[2019.08.02-15.49.02:607][  0]LogConfig: Setting CVar [[r.AOQuality:2]]
[2019.08.02-15.49.02:607][  0]LogConfig: Setting CVar [[r.VolumetricFog:1]]
[2019.08.02-15.49.02:607][  0]LogConfig: Setting CVar [[r.VolumetricFog.GridPixelSize:8]]
[2019.08.02-15.49.02:607][  0]LogConfig: Setting CVar [[r.VolumetricFog.GridSizeZ:128]]
[2019.08.02-15.49.02:607][  0]LogConfig: Setting CVar [[r.VolumetricFog.HistoryMissSupersampleCount:4]]
[2019.08.02-15.49.02:607][  0]LogConfig: Setting CVar [[r.LightMaxDrawDistanceScale:1]]
[2019.08.02-15.49.02:607][  0]LogConfig: Setting CVar [[r.CapsuleShadows:1]]
[2019.08.02-15.49.02:607][  0]LogConfig: Applying CVar settings from Section [PostProcessQuality@3] File [C:/Users/tecla/Documents/Unreal Projects/Prova/Saved/Config/Windows/Scalability.ini]
[2019.08.02-15.49.02:607][  0]LogConfig: Setting CVar [[r.MotionBlurQuality:4]]
[2019.08.02-15.49.02:607][  0]LogConfig: Setting CVar [[r.AmbientOcclusionMipLevelFactor:0.4]]
[2019.08.02-15.49.02:607][  0]LogConfig: Setting CVar [[r.AmbientOcclusionMaxQuality:100]]
[2019.08.02-15.49.02:607][  0]LogConfig: Setting CVar [[r.AmbientOcclusionLevels:-1]]
[2019.08.02-15.49.02:608][  0]LogConfig: Setting CVar [[r.AmbientOcclusionRadiusScale:1.0]]
[2019.08.02-15.49.02:608][  0]LogConfig: Setting CVar [[r.DepthOfFieldQuality:2]]
[2019.08.02-15.49.02:608][  0]LogConfig: Setting CVar [[r.RenderTargetPoolMin:400]]
[2019.08.02-15.49.02:608][  0]LogConfig: Setting CVar [[r.LensFlareQuality:2]]
[2019.08.02-15.49.02:608][  0]LogConfig: Setting CVar [[r.SceneColorFringeQuality:1]]
[2019.08.02-15.49.02:608][  0]LogConfig: Setting CVar [[r.EyeAdaptationQuality:2]]
[2019.08.02-15.49.02:608][  0]LogConfig: Setting CVar [[r.BloomQuality:5]]
[2019.08.02-15.49.02:608][  0]LogConfig: Setting CVar [[r.FastBlurThreshold:100]]
[2019.08.02-15.49.02:608][  0]LogConfig: Setting CVar [[r.Upscale.Quality:3]]
[2019.08.02-15.49.02:608][  0]LogConfig: Setting CVar [[r.Tonemapper.GrainQuantization:1]]
[2019.08.02-15.49.02:608][  0]LogConfig: Setting CVar [[r.LightShaftQuality:1]]
[2019.08.02-15.49.02:608][  0]LogConfig: Setting CVar [[r.Filter.SizeScale:1]]
[2019.08.02-15.49.02:608][  0]LogConfig: Setting CVar [[r.Tonemapper.Quality:5]]
[2019.08.02-15.49.02:608][  0]LogConfig: Setting CVar [[r.DOF.Gather.AccumulatorQuality:1        ; higher gathering accumulator quality]]
[2019.08.02-15.49.02:608][  0]LogConfig: Setting CVar [[r.DOF.Gather.PostfilterMethod:1          ; Median3x3 postfilering method]]
[2019.08.02-15.49.02:608][  0]LogConfig: Setting CVar [[r.DOF.Gather.EnableBokehSettings:0       ; no bokeh simulation when gathering]]
[2019.08.02-15.49.02:608][  0]LogConfig: Setting CVar [[r.DOF.Gather.RingCount:4                 ; medium number of samples when gathering]]
[2019.08.02-15.49.02:608][  0]LogConfig: Setting CVar [[r.DOF.Scatter.ForegroundCompositing:1    ; additive foreground scattering]]
[2019.08.02-15.49.02:608][  0]LogConfig: Setting CVar [[r.DOF.Scatter.BackgroundCompositing:2    ; additive background scattering]]
[2019.08.02-15.49.02:608][  0]LogConfig: Setting CVar [[r.DOF.Scatter.EnableBokehSettings:1      ; bokeh simulation when scattering]]
[2019.08.02-15.49.02:608][  0]LogConfig: Setting CVar [[r.DOF.Scatter.MaxSpriteRatio:0.1         ; only a maximum of 10% of scattered bokeh]]
[2019.08.02-15.49.02:608][  0]LogConfig: Setting CVar [[r.DOF.Recombine.Quality:1                ; cheap slight out of focus]]
[2019.08.02-15.49.02:608][  0]LogConfig: Setting CVar [[r.DOF.Recombine.EnableBokehSettings:0    ; no bokeh simulation on slight out of focus]]
[2019.08.02-15.49.02:608][  0]LogConfig: Setting CVar [[r.DOF.TemporalAAQuality:1                ; more stable temporal accumulation]]
[2019.08.02-15.49.02:608][  0]LogConfig: Setting CVar [[r.DOF.Kernel.MaxForegroundRadius:0.025]]
[2019.08.02-15.49.02:608][  0]LogConfig: Setting CVar [[r.DOF.Kernel.MaxBackgroundRadius:0.025]]
[2019.08.02-15.49.02:608][  0]LogConfig: Applying CVar settings from Section [TextureQuality@3] File [C:/Users/tecla/Documents/Unreal Projects/Prova/Saved/Config/Windows/Scalability.ini]
[2019.08.02-15.49.02:608][  0]LogConfig: Setting CVar [[r.Streaming.MipBias:0]]
[2019.08.02-15.49.02:608][  0]LogConfig: Setting CVar [[r.Streaming.AmortizeCPUToGPUCopy:0]]
[2019.08.02-15.49.02:608][  0]LogConfig: Setting CVar [[r.Streaming.MaxNumTexturesToStreamPerFrame:0]]
[2019.08.02-15.49.02:608][  0]LogConfig: Setting CVar [[r.Streaming.Boost:1]]
[2019.08.02-15.49.02:608][  0]LogConfig: Setting CVar [[r.MaxAnisotropy:8]]
[2019.08.02-15.49.02:608][  0]LogConfig: Setting CVar [[r.Streaming.LimitPoolSizeToVRAM:0]]
[2019.08.02-15.49.02:608][  0]LogConfig: Setting CVar [[r.Streaming.PoolSize:1000]]
[2019.08.02-15.49.02:608][  0]LogConfig: Setting CVar [[r.Streaming.MaxEffectiveScreenSize:0]]
[2019.08.02-15.49.02:608][  0]LogConfig: Applying CVar settings from Section [EffectsQuality@3] File [C:/Users/tecla/Documents/Unreal Projects/Prova/Saved/Config/Windows/Scalability.ini]
[2019.08.02-15.49.02:608][  0]LogConfig: Setting CVar [[r.TranslucencyLightingVolumeDim:64]]
[2019.08.02-15.49.02:608][  0]LogConfig: Setting CVar [[r.RefractionQuality:2]]
[2019.08.02-15.49.02:608][  0]LogConfig: Setting CVar [[r.SSR.Quality:3]]
[2019.08.02-15.49.02:608][  0]LogConfig: Setting CVar [[r.SceneColorFormat:4]]
[2019.08.02-15.49.02:608][  0]LogConfig: Setting CVar [[r.DetailMode:2]]
[2019.08.02-15.49.02:608][  0]LogConfig: Setting CVar [[r.TranslucencyVolumeBlur:1]]
[2019.08.02-15.49.02:608][  0]LogConfig: Setting CVar [[r.MaterialQualityLevel:1 ; High quality]]
[2019.08.02-15.49.02:608][  0]LogConfig: Setting CVar [[r.SSS.Scale:1]]
[2019.08.02-15.49.02:608][  0]LogConfig: Setting CVar [[r.SSS.SampleSet:2]]
[2019.08.02-15.49.02:608][  0]LogConfig: Setting CVar [[r.SSS.Quality:1]]
[2019.08.02-15.49.02:608][  0]LogConfig: Setting CVar [[r.SSS.HalfRes:1]]
[2019.08.02-15.49.02:608][  0]LogConfig: Setting CVar [[r.EmitterSpawnRateScale:1.0]]
[2019.08.02-15.49.02:608][  0]LogConfig: Setting CVar [[r.ParticleLightQuality:2]]
[2019.08.02-15.49.02:608][  0]LogConfig: Applying CVar settings from Section [FoliageQuality@3] File [C:/Users/tecla/Documents/Unreal Projects/Prova/Saved/Config/Windows/Scalability.ini]
[2019.08.02-15.49.02:608][  0]LogConfig: Setting CVar [[foliage.DensityScale:1.0]]
[2019.08.02-15.49.02:608][  0]LogConfig: Setting CVar [[grass.DensityScale:1.0]]
[2019.08.02-15.49.02:608][  0]LogConfig: Applying CVar settings from Section [Startup] File [../../../Engine/Config/ConsoleVariables.ini]
[2019.08.02-15.49.02:608][  0]LogConfig: Setting CVar [[net.UseAdaptiveNetUpdateFrequency:0]]
[2019.08.02-15.49.02:608][  0]LogConfig: Setting CVar [[p.chaos.AllowCreatePhysxBodies:1]]
[2019.08.02-15.49.02:608][  0]LogConfig: Applying CVar settings from Section [ConsoleVariables] File [C:/Users/tecla/Documents/Unreal Projects/Prova/Saved/Config/Windows/Engine.ini]
[2019.08.02-15.49.02:608][  0]LogInit: Computer: DESKTOP-2RPBAVO
[2019.08.02-15.49.02:608][  0]LogInit: User: tecla
[2019.08.02-15.49.02:608][  0]LogInit: CPU Page size=4096, Cores=6
[2019.08.02-15.49.02:608][  0]LogInit: High frequency timer resolution =10.000000 MHz
[2019.08.02-15.49.02:609][  0]LogMemory: Memory total: Physical=15.9GB (16GB approx)
[2019.08.02-15.49.02:609][  0]LogMemory: Platform Memory Stats for Windows
[2019.08.02-15.49.02:609][  0]LogMemory: Process Physical Memory: 98.51 MB used, 98.51 MB peak
[2019.08.02-15.49.02:609][  0]LogMemory: Process Virtual Memory: 89.74 MB used, 89.74 MB peak
[2019.08.02-15.49.02:609][  0]LogMemory: Physical Memory: 5809.38 MB used,  10432.08 MB free, 16241.46 MB total
[2019.08.02-15.49.02:609][  0]LogMemory: Virtual Memory: 4660.38 MB used,  134213064.00 MB free, 134217728.00 MB total
[2019.08.02-15.49.02:627][  0]LogInit: Overriding language with editor language configuration option (en).
[2019.08.02-15.49.02:627][  0]LogInit: Overriding locale with editor culture configuration option ().
[2019.08.02-15.49.02:627][  0]LogInit: Using OS detected locale (es-ES).
[2019.08.02-15.49.02:751][  0]LogInit: Setting process to per monitor DPI aware
[2019.08.02-15.49.02:778][  0]LogSlate: New Slate User Created.  User Index 0, Is Virtual User: 0
[2019.08.02-15.49.02:778][  0]LogSlate: Slate User Registered.  User Index 0, Is Virtual User: 0
[2019.08.02-15.49.02:940][  0]LogHMD: Failed to initialize OpenVR with code 110
[2019.08.02-15.49.02:940][  0]LogD3D11RHI: D3D11 adapters:
[2019.08.02-15.49.03:004][  0]LogD3D11RHI:    0. 'NVIDIA GeForce RTX 2060' (Feature Level 11_0)
[2019.08.02-15.49.03:004][  0]LogD3D11RHI:       5980/0/8120 MB DedicatedVideo/DedicatedSystem/SharedSystem, Outputs:1, VendorId:0x10de
[2019.08.02-15.49.03:017][  0]LogD3D11RHI:    1. 'Intel(R) UHD Graphics 630' (Feature Level 11_0)
[2019.08.02-15.49.03:017][  0]LogD3D11RHI:       128/0/8120 MB DedicatedVideo/DedicatedSystem/SharedSystem, Outputs:0, VendorId:0x8086
[2019.08.02-15.49.03:019][  0]LogD3D11RHI:    2. 'Microsoft Basic Render Driver' (Feature Level 11_0)
[2019.08.02-15.49.03:019][  0]LogD3D11RHI:       0/0/8120 MB DedicatedVideo/DedicatedSystem/SharedSystem, Outputs:0, VendorId:0x1414
[2019.08.02-15.49.03:019][  0]LogD3D11RHI: Chosen D3D11 Adapter: 0
[2019.08.02-15.49.03:045][  0]LogD3D11RHI: Creating new Direct3DDevice
[2019.08.02-15.49.03:045][  0]LogD3D11RHI:     GPU DeviceId: 0x1f11 (for the marketing name, search the web for "GPU Device Id")
[2019.08.02-15.49.03:045][  0]LogWindows: EnumDisplayDevices:
[2019.08.02-15.49.03:046][  0]LogWindows:    0. 'Intel(R) UHD Graphics 630' (P:1 D:1)
[2019.08.02-15.49.03:046][  0]LogWindows:    1. 'Intel(R) UHD Graphics 630' (P:0 D:0)
[2019.08.02-15.49.03:046][  0]LogWindows:    2. 'Intel(R) UHD Graphics 630' (P:0 D:0)
[2019.08.02-15.49.03:046][  0]LogWindows:    3. 'NVIDIA GeForce RTX 2060' (P:0 D:0)
[2019.08.02-15.49.03:047][  0]LogWindows:    4. 'NVIDIA GeForce RTX 2060' (P:0 D:0)
[2019.08.02-15.49.03:047][  0]LogWindows:    5. 'NVIDIA GeForce RTX 2060' (P:0 D:0)
[2019.08.02-15.49.03:047][  0]LogWindows:    6. 'NVIDIA GeForce RTX 2060' (P:0 D:0)
[2019.08.02-15.49.03:047][  0]LogWindows: DebugString: PrimaryIsNotTheChoosenAdapter PrimaryIsNotTheChoosenAdapter PrimaryIsNotTheChoosenAdapter FoundDriverCount:4 
[2019.08.02-15.49.03:047][  0]LogD3D11RHI:     Adapter Name: NVIDIA GeForce RTX 2060
[2019.08.02-15.49.03:047][  0]LogD3D11RHI:   Driver Version: 431.60 (internal:26.21.14.3160, unified:431.60)
[2019.08.02-15.49.03:047][  0]LogD3D11RHI:      Driver Date: 7-17-2019
[2019.08.02-15.49.03:047][  0]LogRHI: Texture pool is 4186 MB (70% of 5980 MB)
[2019.08.02-15.49.03:088][  0]LogD3D11RHI: Async texture creation enabled
[2019.08.02-15.49.03:094][  0]LogRendererCore: FGlobalReadBuffer::InitRHI
[2019.08.02-15.49.03:094][  0]LogRendererCore: FGlobalReadBuffer::InitRHI
[2019.08.02-15.49.03:094][  0]LogRendererCore: FGlobalReadBuffer::InitRHI
[2019.08.02-15.49.03:101][  0]LogD3D11RHI: GPU Timing Frequency: 1000.000000 (Debug: 2 1)
[2019.08.02-15.49.03:322][  0]LogTemp: Display: Module 'AllDesktopTargetPlatform' loaded TargetPlatform 'AllDesktop'
[2019.08.02-15.49.03:333][  0]LogTemp: Display: Module 'MacClientTargetPlatform' loaded TargetPlatform 'MacClient'
[2019.08.02-15.49.03:344][  0]LogTemp: Display: Module 'MacNoEditorTargetPlatform' loaded TargetPlatform 'MacNoEditor'
[2019.08.02-15.49.03:356][  0]LogTemp: Display: Module 'MacServerTargetPlatform' loaded TargetPlatform 'MacServer'
[2019.08.02-15.49.03:367][  0]LogTemp: Display: Module 'MacTargetPlatform' loaded TargetPlatform 'Mac'
[2019.08.02-15.49.03:379][  0]LogTemp: Display: Module 'WindowsClientTargetPlatform' loaded TargetPlatform 'WindowsClient'
[2019.08.02-15.49.03:390][  0]LogTemp: Display: Module 'WindowsNoEditorTargetPlatform' loaded TargetPlatform 'WindowsNoEditor'
[2019.08.02-15.49.03:401][  0]LogTemp: Display: Module 'WindowsServerTargetPlatform' loaded TargetPlatform 'WindowsServer'
[2019.08.02-15.49.03:407][  0]LogTemp: Display: Module 'WindowsTargetPlatform' loaded TargetPlatform 'Windows'
[2019.08.02-15.49.03:474][  0]LogTemp: Display: Module 'AndroidTargetPlatform' loaded TargetPlatform 'Android'
[2019.08.02-15.49.03:474][  0]LogTemp: Display: Module 'AndroidTargetPlatform' loaded TargetPlatform 'Android_ASTC'
[2019.08.02-15.49.03:474][  0]LogTemp: Display: Module 'AndroidTargetPlatform' loaded TargetPlatform 'Android_ATC'
[2019.08.02-15.49.03:474][  0]LogTemp: Display: Module 'AndroidTargetPlatform' loaded TargetPlatform 'Android_DXT'
[2019.08.02-15.49.03:474][  0]LogTemp: Display: Module 'AndroidTargetPlatform' loaded TargetPlatform 'Android_ETC1'
[2019.08.02-15.49.03:474][  0]LogTemp: Display: Module 'AndroidTargetPlatform' loaded TargetPlatform 'Android_ETC1a'
[2019.08.02-15.49.03:474][  0]LogTemp: Display: Module 'AndroidTargetPlatform' loaded TargetPlatform 'Android_ETC2'
[2019.08.02-15.49.03:474][  0]LogTemp: Display: Module 'AndroidTargetPlatform' loaded TargetPlatform 'Android_PVRTC'
[2019.08.02-15.49.03:474][  0]LogTemp: Display: Module 'AndroidTargetPlatform' loaded TargetPlatform 'AndroidClient'
[2019.08.02-15.49.03:474][  0]LogTemp: Display: Module 'AndroidTargetPlatform' loaded TargetPlatform 'Android_ASTCClient'
[2019.08.02-15.49.03:474][  0]LogTemp: Display: Module 'AndroidTargetPlatform' loaded TargetPlatform 'Android_ATCClient'
[2019.08.02-15.49.03:474][  0]LogTemp: Display: Module 'AndroidTargetPlatform' loaded TargetPlatform 'Android_DXTClient'
[2019.08.02-15.49.03:474][  0]LogTemp: Display: Module 'AndroidTargetPlatform' loaded TargetPlatform 'Android_ETC1Client'
[2019.08.02-15.49.03:474][  0]LogTemp: Display: Module 'AndroidTargetPlatform' loaded TargetPlatform 'Android_ETC1aClient'
[2019.08.02-15.49.03:474][  0]LogTemp: Display: Module 'AndroidTargetPlatform' loaded TargetPlatform 'Android_ETC2Client'
[2019.08.02-15.49.03:474][  0]LogTemp: Display: Module 'AndroidTargetPlatform' loaded TargetPlatform 'Android_PVRTCClient'
[2019.08.02-15.49.03:474][  0]LogTemp: Display: Module 'AndroidTargetPlatform' loaded TargetPlatform 'Android_Multi'
[2019.08.02-15.49.03:474][  0]LogTemp: Display: Module 'AndroidTargetPlatform' loaded TargetPlatform 'Android_MultiClient'
[2019.08.02-15.49.03:475][  0]LogTemp: Display: Module 'HTML5TargetPlatform' loaded TargetPlatform 'HTML5'
[2019.08.02-15.49.03:519][  0]LogTemp: Display: Module 'IOSTargetPlatform' loaded TargetPlatform 'IOSClient'
[2019.08.02-15.49.03:519][  0]LogTemp: Display: Module 'IOSTargetPlatform' loaded TargetPlatform 'IOS'
[2019.08.02-15.49.03:538][  0]LogTemp: Display: Module 'TVOSTargetPlatform' loaded TargetPlatform 'TVOSClient'
[2019.08.02-15.49.03:538][  0]LogTemp: Display: Module 'TVOSTargetPlatform' loaded TargetPlatform 'TVOS'
[2019.08.02-15.49.03:549][  0]LogTemp: Display: Module 'LinuxClientTargetPlatform' loaded TargetPlatform 'LinuxClient'
[2019.08.02-15.49.03:560][  0]LogTemp: Display: Module 'LinuxNoEditorTargetPlatform' loaded TargetPlatform 'LinuxNoEditor'
[2019.08.02-15.49.03:570][  0]LogTemp: Display: Module 'LinuxServerTargetPlatform' loaded TargetPlatform 'LinuxServer'
[2019.08.02-15.49.03:580][  0]LogTemp: Display: Module 'LinuxTargetPlatform' loaded TargetPlatform 'Linux'
[2019.08.02-15.49.03:617][  0]LogTemp: Display: Module 'LuminTargetPlatform' loaded TargetPlatform 'Lumin'
[2019.08.02-15.49.03:617][  0]LogTemp: Display: Module 'LuminTargetPlatform' loaded TargetPlatform 'LuminClient'
[2019.08.02-15.49.03:617][  0]LogTargetPlatformManager: Display: Building Assets For Windows
[2019.08.02-15.49.03:623][  0]LogAudioDebug: Display: Lib vorbis DLL was dynamically loaded.
[2019.08.02-15.49.03:662][  0]LogShaderCompilers: Guid format shader working directory is -16 characters bigger than the processId version (../../../../../../Users/tecla/Documents/Unreal Projects/Prova/Intermediate/Shaders/WorkingDirectory/11940/).
[2019.08.02-15.49.03:662][  0]LogShaderCompilers: Cleaned the shader compiler working directory 'C:/Users/tecla/AppData/Local/Temp/UnrealShaderWorkingDir/B950D00441D8B8CC04DB42911017A4A7/'.
[2019.08.02-15.49.03:664][  0]LogXGEController: Cannot use XGE Controller as Incredibuild is not installed on this machine.
[2019.08.02-15.49.03:664][  0]LogShaderCompilers: Cannot use XGE Shader Compiler as Incredibuild is not installed on this machine.
[2019.08.02-15.49.03:664][  0]LogShaderCompilers: Display: Using Local Shader Compiler.
[2019.08.02-15.49.04:134][  0]LogDerivedDataCache: Display: Max Cache Size: 512 MB
[2019.08.02-15.49.04:172][  0]LogDerivedDataCache: Loaded boot cache 0.04s 71MB C:/Users/tecla/AppData/Local/UnrealEngine/4.22/DerivedDataCache/Boot.ddc.
[2019.08.02-15.49.04:173][  0]LogDerivedDataCache: Display: Loaded Boot cache: C:/Users/tecla/AppData/Local/UnrealEngine/4.22/DerivedDataCache/Boot.ddc
[2019.08.02-15.49.04:173][  0]LogDerivedDataCache: FDerivedDataBackendGraph:  Pak pak cache file ../../../../../../Users/tecla/Documents/Unreal Projects/Prova/DerivedDataCache/DDC.ddp not found, will not use a pak cache.
[2019.08.02-15.49.04:173][  0]LogDerivedDataCache: Unable to find inner node Pak for hierarchical cache Hierarchy.
[2019.08.02-15.49.04:173][  0]LogDerivedDataCache: FDerivedDataBackendGraph:  CompressedPak pak cache file ../../../../../../Users/tecla/Documents/Unreal Projects/Prova/DerivedDataCache/Compressed.ddp not found, will not use a pak cache.
[2019.08.02-15.49.04:173][  0]LogDerivedDataCache: Unable to find inner node CompressedPak for hierarchical cache Hierarchy.
[2019.08.02-15.49.04:183][  0]LogDerivedDataCache: Display: Pak cache opened for reading ../../../Engine/DerivedDataCache/Compressed.ddp.
[2019.08.02-15.49.04:183][  0]LogDerivedDataCache: FDerivedDataBackendGraph:  EnterprisePak pak cache file ../../../Enterprise/DerivedDataCache/Compressed.ddp not found, will not use a pak cache.
[2019.08.02-15.49.04:183][  0]LogDerivedDataCache: Unable to find inner node EnterprisePak for hierarchical cache Hierarchy.
[2019.08.02-15.49.04:195][  0]LogDerivedDataCache: Using Local data cache path C:/Users/tecla/AppData/Local/UnrealEngine/Common/DerivedDataCache: Writable
[2019.08.02-15.49.04:195][  0]LogDerivedDataCache: Shared data cache path not found in *engine.ini, will not use an Shared cache.
[2019.08.02-15.49.04:195][  0]LogDerivedDataCache: Unable to find inner node Shared for hierarchical cache Hierarchy.
[2019.08.02-15.49.04:214][  0]LogMaterial: Verifying Global Shaders for PCD3D_SM5
[2019.08.02-15.49.04:215][  0]LogSlate: Using FreeType 2.6.0
[2019.08.02-15.49.04:215][  0]LogSlate: SlateFontServices - WITH_FREETYPE: 1, WITH_HARFBUZZ: 1
[2019.08.02-15.49.04:284][  0]LogAssetRegistry: FAssetRegistry took 0.0310 seconds to start up
[2019.08.02-15.49.04:547][  0]LogInit: Selected Device Profile: [Windows]
[2019.08.02-15.49.04:657][  0]LogMeshReduction: Using QuadricMeshReduction for automatic static mesh reduction
[2019.08.02-15.49.04:657][  0]LogMeshReduction: Using SimplygonMeshReduction for automatic skeletal mesh reduction
[2019.08.02-15.49.04:657][  0]LogMeshReduction: Using ProxyLODMeshReduction for automatic mesh merging
[2019.08.02-15.49.04:657][  0]LogMeshReduction: No distributed automatic mesh merging module available
[2019.08.02-15.49.04:657][  0]LogMeshMerging: No distributed automatic mesh merging module available
[2019.08.02-15.49.04:666][  0]LogNetVersion: Prova 1.0.0, NetCL: 5660361, EngineNetVer: 10, GameNetVer: 0 (Checksum: 914732070)
[2019.08.02-15.49.04:970][  0]LogPackageLocalizationCache: Processed 10 localized package path(s) for 1 prioritized culture(s) in 0.022357 seconds
[2019.08.02-15.49.04:974][  0]LogUObjectArray: 42205 objects as part of root set at end of initial load.
[2019.08.02-15.49.04:974][  0]LogUObjectAllocator: 7325032 out of 0 bytes used by permanent object pool.
[2019.08.02-15.49.04:974][  0]LogUObjectArray: CloseDisregardForGC: 0/0 objects in disregard for GC pool
[2019.08.02-15.49.05:618][  0]LogTcpMessaging: Initializing TcpMessaging bridge
[2019.08.02-15.49.05:631][  0]LogUdpMessaging: Initializing bridge on interface 0.0.0.0:0 to multicast group 230.0.0.1:6666.
[2019.08.02-15.49.05:723][  0]SourceControl: Source control is disabled
[2019.08.02-15.49.05:723][  0]SourceControl: Source control is disabled
[2019.08.02-15.49.05:724][  0]SourceControl: Source control is disabled
[2019.08.02-15.49.05:725][  0]SourceControl: Source control is disabled
[2019.08.02-15.49.05:781][  0]LogAndroidPermission: UAndroidPermissionCallbackProxy::GetInstance
[2019.08.02-15.49.05:845][  0]LogOcInput: OculusInput pre-init called
[2019.08.02-15.49.06:386][  0]LogEngine: Initializing Engine...
[2019.08.02-15.49.06:387][  0]LogHMD: Failed to initialize OpenVR with code 110
[2019.08.02-15.49.06:388][  0]LogStats: UGameplayTagsManager::InitializeManager -  0.000 s
[2019.08.02-15.49.06:553][  0]LogInit: Initializing FReadOnlyCVARCache
[2019.08.02-15.49.06:564][  0]LogAIModule: Creating AISystem for world Untitled
[2019.08.02-15.49.06:574][  0]LogInit: XAudio2 using 'Speakers (Realtek(R) Audio)' : 2 channels at 48 kHz using 16 bits per sample (channel mask 0x3)
[2019.08.02-15.49.06:829][  0]LogInit: FAudioDevice initialized.
[2019.08.02-15.49.06:829][  0]LogNetVersion: Set ProjectVersion to 1.0.0.0. Version Checksum will be recalculated on next use.
[2019.08.02-15.49.06:886][  0]LogDerivedDataCache: Saved boot cache 0.06s 71MB C:/Users/tecla/AppData/Local/UnrealEngine/4.22/DerivedDataCache/Boot.ddc.
[2019.08.02-15.49.06:887][  0]LogInit: Texture streaming: Enabled
[2019.08.02-15.49.06:900][  0]LogEngineSessionManager: EngineSessionManager initialized
[2019.08.02-15.49.06:915][  0]LogInit: Transaction tracking system initialized
[2019.08.02-15.49.06:934][  0]BlueprintLog: New page: Editor Load
[2019.08.02-15.49.06:996][  0]LocalizationService: Localization service is disabled
[2019.08.02-15.49.07:084][  0]LogLinker: Warning: Can't find file '/Game/ThirdPersonBP/ThirdPersonOverview'
[2019.08.02-15.49.07:084][  0]LogLinker: Warning: Can't find file '/Game/ThirdPersonBP/ThirdPersonOverview'
[2019.08.02-15.49.07:084][  0]LogUObjectGlobals: Warning: Failed to find object 'Class /Game/ThirdPersonBP/ThirdPersonOverview.ThirdPersonOverview_C'
[2019.08.02-15.49.07:235][  0]LogFileCache: Scanning file cache for directory 'C:/Users/tecla/Documents/Unreal Projects/Prova/Content/' took 0.02s
[2019.08.02-15.49.07:235][  0]LogCook: Display: Max memory allowance for cook 16384mb min free memory 0mb
[2019.08.02-15.49.07:235][  0]LogCook: Display: Mobile HDR setting 1
[2019.08.02-15.49.07:364][  0]SourceControl: Source control is disabled
[2019.08.02-15.49.07:364][  0]Cmd: MAP LOAD FILE="../../../../../../Users/tecla/Documents/Unreal Projects/Prova/Content/RuinLevel/RuinLevel.umap" TEMPLATE=0 SHOWPROGRESS=1 FEATURELEVEL=3
[2019.08.02-15.49.07:365][  0]LightingResults: New page: Lighting Build
[2019.08.02-15.49.07:367][  0]MapCheck: New page: Map Check
[2019.08.02-15.49.07:367][  0]LightingResults: New page: Lighting Build
[2019.08.02-15.49.07:393][  0]LogUObjectHash: Compacting FUObjectHashTables data took   1.27ms
[2019.08.02-15.49.07:766][  0]LogAIModule: Creating AISystem for world RuinLevel
[2019.08.02-15.49.07:768][  0]LogMaterial: Warning: Material /Game/InfinityBladeGrassLands/Environments/Plains/Env_Plains_Flora/Materials/M_Plains_Tree_Stump01.M_Plains_Tree_Stump01 needed to have new flag set bUsedWithInstancedStaticMeshes !
[2019.08.02-15.49.07:777][  0]LogMaterial: Display: Missing cached shader map for material M_Plains_Tree_Stump01, compiling. 
[2019.08.02-15.49.07:849][  0]MapCheck: Warning: M_Plains_Tree_Stump01 Material /Game/InfinityBladeGrassLands/Environments/Plains/Env_Plains_Flora/Materials/M_Plains_Tree_Stump01.M_Plains_Tree_Stump01 was missing the usage flag bUsedWithInstancedStaticMeshes. If the material asset is not re-saved, it may not render correctly when run outside the editor. Fix
[2019.08.02-15.49.07:866][  0]LogEditorServer: Finished looking for orphan Actors (0.000 secs)
[2019.08.02-15.49.07:897][  0]LogUObjectHash: Compacting FUObjectHashTables data took   2.56ms
[2019.08.02-15.49.07:897][  0]Cmd: MAP CHECKDEP NOCLEARLOG
[2019.08.02-15.49.07:897][  0]MapCheck: Map check complete: 0 Error(s), 1 Warning(s), took 0,207ms to complete.
[2019.08.02-15.49.07:900][  0]LogFileHelpers: Loading map 'RuinLevel' took 0.535
[2019.08.02-15.49.08:000][  0]LogSlate: Updating window title bar state: overlay mode, drag disabled, window buttons hidden, title bar hidden
[2019.08.02-15.49.08:008][  0]LogSlate: Updating window title bar state: overlay mode, drag disabled, window buttons hidden, title bar hidden
[2019.08.02-15.49.08:021][  0]LogSlate: Updating window title bar state: overlay mode, drag disabled, window buttons hidden, title bar hidden
[2019.08.02-15.49.08:031][  0]LogSlate: Updating window title bar state: overlay mode, drag disabled, window buttons hidden, title bar hidden
[2019.08.02-15.49.08:151][  0]LogCollectionManager: Loaded 0 collections in 0.002354 seconds
[2019.08.02-15.49.08:167][  0]LogFileCache: Scanning file cache for directory 'C:/Users/tecla/Documents/Unreal Projects/Prova/Saved/Collections/' took 0.01s
[2019.08.02-15.49.08:167][  0]LogFileCache: Scanning file cache for directory 'C:/Users/tecla/Documents/Unreal Projects/Prova/Content/Developers/tecla/Collections/' took 0.00s
[2019.08.02-15.49.08:167][  0]LogFileCache: Scanning file cache for directory 'C:/Users/tecla/Documents/Unreal Projects/Prova/Content/Collections/' took 0.00s
[2019.08.02-15.49.08:167][  0]LogCollectionManager: Rebuilt the GUID cache for 0 collections in 0.000001 seconds
[2019.08.02-15.49.08:176][  0]LogContentBrowser: Native class hierarchy populated in 0.0087 seconds. Added 2733 classes and 661 folders.
[2019.08.02-15.49.08:184][  0]LogContentBrowser: Native class hierarchy updated for 'WidgetCarousel' in 0.0003 seconds. Added 0 classes and 0 folders.
[2019.08.02-15.49.08:186][  0]LogPakFile: Registered encryption key '00000000000000000000000000000000': 0 pak files mounted, 0 remain pending
[2019.08.02-15.49.08:186][  0]LogPakFile: Registered encryption key '00000000000000000000000000000000': 0 pak files mounted, 0 remain pending
[2019.08.02-15.49.08:187][  0]LogPakFile: Registered encryption key '00000000000000000000000000000000': 0 pak files mounted, 0 remain pending
[2019.08.02-15.49.08:187][  0]LogPakFile: Registered encryption key '00000000000000000000000000000000': 0 pak files mounted, 0 remain pending
[2019.08.02-15.49.08:188][  0]LogPakFile: Registered encryption key '00000000000000000000000000000000': 0 pak files mounted, 0 remain pending
[2019.08.02-15.49.08:188][  0]LogPakFile: Registered encryption key '00000000000000000000000000000000': 0 pak files mounted, 0 remain pending
[2019.08.02-15.49.08:188][  0]LogPakFile: Registered encryption key '00000000000000000000000000000000': 0 pak files mounted, 0 remain pending
[2019.08.02-15.49.08:189][  0]LogPakFile: Registered encryption key '00000000000000000000000000000000': 0 pak files mounted, 0 remain pending
[2019.08.02-15.49.08:189][  0]LogPakFile: Registered encryption key '00000000000000000000000000000000': 0 pak files mounted, 0 remain pending
[2019.08.02-15.49.08:190][  0]LogPakFile: Registered encryption key '00000000000000000000000000000000': 0 pak files mounted, 0 remain pending
[2019.08.02-15.49.08:190][  0]LogPakFile: Registered encryption key '00000000000000000000000000000000': 0 pak files mounted, 0 remain pending
[2019.08.02-15.49.08:190][  0]LogPakFile: Registered encryption key '00000000000000000000000000000000': 0 pak files mounted, 0 remain pending
[2019.08.02-15.49.08:191][  0]LogPakFile: Registered encryption key '00000000000000000000000000000000': 0 pak files mounted, 0 remain pending
[2019.08.02-15.49.08:191][  0]LogPakFile: Registered encryption key '00000000000000000000000000000000': 0 pak files mounted, 0 remain pending
[2019.08.02-15.49.08:192][  0]LogPakFile: Registered encryption key '00000000000000000000000000000000': 0 pak files mounted, 0 remain pending
[2019.08.02-15.49.08:192][  0]LogPakFile: Registered encryption key '00000000000000000000000000000000': 0 pak files mounted, 0 remain pending
[2019.08.02-15.49.08:193][  0]LogPakFile: Registered encryption key '00000000000000000000000000000000': 0 pak files mounted, 0 remain pending
[2019.08.02-15.49.08:193][  0]LogPakFile: Registered encryption key '00000000000000000000000000000000': 0 pak files mounted, 0 remain pending
[2019.08.02-15.49.08:194][  0]LogPakFile: Registered encryption key '00000000000000000000000000000000': 0 pak files mounted, 0 remain pending
[2019.08.02-15.49.08:194][  0]LogPakFile: Registered encryption key '00000000000000000000000000000000': 0 pak files mounted, 0 remain pending
[2019.08.02-15.49.08:195][  0]LogPakFile: Registered encryption key '00000000000000000000000000000000': 0 pak files mounted, 0 remain pending
[2019.08.02-15.49.08:195][  0]LogPakFile: Registered encryption key '00000000000000000000000000000000': 0 pak files mounted, 0 remain pending
[2019.08.02-15.49.08:196][  0]LogPakFile: Registered encryption key '00000000000000000000000000000000': 0 pak files mounted, 0 remain pending
[2019.08.02-15.49.08:197][  0]LogPakFile: Registered encryption key '00000000000000000000000000000000': 0 pak files mounted, 0 remain pending
[2019.08.02-15.49.08:197][  0]LogPakFile: Registered encryption key '00000000000000000000000000000000': 0 pak files mounted, 0 remain pending
[2019.08.02-15.49.08:198][  0]LogPakFile: Registered encryption key '00000000000000000000000000000000': 0 pak files mounted, 0 remain pending
[2019.08.02-15.49.08:226][  0]LogContentBrowser: Native class hierarchy updated for 'AddContentDialog' in 0.0003 seconds. Added 0 classes and 0 folders.
[2019.08.02-15.49.08:232][  0]LogSlate: Took 0.000189 seconds to synchronously load lazily loaded font '../../../Engine/Content/Slate/Fonts/Roboto-Regular.ttf' (155K)
[2019.08.02-15.49.08:234][  0]LogSlate: Took 0.000156 seconds to synchronously load lazily loaded font '../../../Engine/Content/Slate/Fonts/Roboto-Bold.ttf' (160K)
[2019.08.02-15.49.08:315][  0]LogRenderer: Reallocating scene render targets to support 828x708 Format 10 NumSamples 1 (Frame:1).
[2019.08.02-15.49.08:519][  0]LogContentBrowser: Native class hierarchy updated for 'HierarchicalLODOutliner' in 0.0004 seconds. Added 0 classes and 0 folders.
[2019.08.02-15.49.08:520][  0]LogLoad: (Engine Initialization) Total time: 7.46 seconds
[2019.08.02-15.49.08:520][  0]LogLoad: (Engine Initialization) Total Blueprint compile time: 0.00 seconds
[2019.08.02-15.49.08:567][  0]LogAssetRegistry: Asset discovery search completed in 4.3047 seconds
[2019.08.02-15.49.08:570][  0]LogCollectionManager: Rebuilt the object cache for 0 collections in 0.000001 seconds (found 0 objects)
[2019.08.02-15.49.08:570][  0]LogCollectionManager: Fixed up redirectors for 0 collections in 0.000088 seconds (updated 0 objects)
[2019.08.02-15.49.08:570][  0]LogContentStreaming: Texture pool size now 1000 MB
[2019.08.02-15.49.15:980][435]LogSlate: FSceneViewport::OnFocusLost() reason 0
[2019.08.02-15.49.15:981][435]LogSlate: Took 0.000110 seconds to synchronously load lazily loaded font '../../../Engine/Content/Editor/Slate/Fonts/FontAwesome.ttf' (139K)
[2019.08.02-15.49.27:677][136]LogMaterial: Display: Missing cached shader map for material Material_0, compiling. 
[2019.08.02-15.49.27:705][137]LogMaterial: Display: Missing cached shader map for material Material_1, compiling. 
[2019.08.02-15.50.18:073][446]LogSlate: Took 0.000169 seconds to synchronously load lazily loaded font '../../../Engine/Content/Slate/Fonts/Roboto-Light.ttf' (167K)
[2019.08.02-15.50.19:079][446]LogSlate: Window 'Pick Parent Class' being destroyed
[2019.08.02-15.50.47:116][724]LogUObjectHash: Compacting FUObjectHashTables data took   1.54ms
[2019.08.02-15.50.47:116][724]LogMetaData: Removing '/Game/RuinLevel/Blueprints/RuinCharacter.RuinCharacter:UserConstructionScript.K2Node_FunctionEntry_0' ref from Metadata '/Game/RuinLevel/Blueprints/NewBlueprint.PackageMetaData'
[2019.08.02-15.50.47:116][724]LogMetaData: Removing '/Game/RuinLevel/Blueprints/RuinCharacter.SKEL_RuinCharacter_C' ref from Metadata '/Game/RuinLevel/Blueprints/NewBlueprint.PackageMetaData'
[2019.08.02-15.50.47:116][724]LogMetaData: Removing '/Game/RuinLevel/Blueprints/RuinCharacter.RuinCharacter_C' ref from Metadata '/Game/RuinLevel/Blueprints/NewBlueprint.PackageMetaData'
[2019.08.02-15.50.47:116][724]LogMetaData: Removing '/Game/RuinLevel/Blueprints/RuinCharacter.RuinCharacter:EventGraph.K2Node_Event_0' ref from Metadata '/Game/RuinLevel/Blueprints/NewBlueprint.PackageMetaData'
[2019.08.02-15.50.47:116][724]LogMetaData: Removing '/Game/RuinLevel/Blueprints/RuinCharacter.RuinCharacter:EventGraph.K2Node_Event_1' ref from Metadata '/Game/RuinLevel/Blueprints/NewBlueprint.PackageMetaData'
[2019.08.02-15.50.47:116][724]LogMetaData: Removing '/Game/RuinLevel/Blueprints/RuinCharacter.RuinCharacter:EventGraph.K2Node_Event_2' ref from Metadata '/Game/RuinLevel/Blueprints/NewBlueprint.PackageMetaData'
[2019.08.02-15.50.47:137][724]Cmd: OBJ SAVEPACKAGE PACKAGE="/Game/RuinLevel/Blueprints/RuinCharacter" FILE="../../../../../../Users/tecla/Documents/Unreal Projects/Prova/Content/RuinLevel/Blueprints/RuinCharacter.uasset" SILENT=true
[2019.08.02-15.50.47:145][724]LogSavePackage: Moving '../../../../../../Users/tecla/Documents/Unreal Projects/Prova/Saved/RuinCharacterBCAA55DE48CC5D6FA318E7B7596EDB8A.tmp' to '../../../../../../Users/tecla/Documents/Unreal Projects/Prova/Content/RuinLevel/Blueprints/RuinCharacter.uasset'
[2019.08.02-15.50.47:235][724]LogUObjectHash: Compacting FUObjectHashTables data took   1.37ms
[2019.08.02-15.50.47:261][724]LogUObjectHash: Compacting FUObjectHashTables data took   1.22ms
[2019.08.02-15.50.47:283][724]LogUObjectHash: Compacting FUObjectHashTables data took   0.49ms
[2019.08.02-15.50.58:609][400]LogUObjectHash: Compacting FUObjectHashTables data took   1.57ms
[2019.08.02-15.50.58:609][400]LogMetaData: Removing '/Game/RuinLevel/Blueprints/RuinCharacter_BP.RuinCharacter_BP_C' ref from Metadata '/Game/RuinLevel/Blueprints/RuinCharacter.PackageMetaData'
[2019.08.02-15.50.58:609][400]LogMetaData: Removing '/Game/RuinLevel/Blueprints/RuinCharacter_BP.SKEL_RuinCharacter_BP_C' ref from Metadata '/Game/RuinLevel/Blueprints/RuinCharacter.PackageMetaData'
[2019.08.02-15.50.58:609][400]LogMetaData: Removing '/Game/RuinLevel/Blueprints/RuinCharacter_BP.RuinCharacter_BP:UserConstructionScript.K2Node_FunctionEntry_0' ref from Metadata '/Game/RuinLevel/Blueprints/RuinCharacter.PackageMetaData'
[2019.08.02-15.50.58:609][400]LogMetaData: Removing '/Game/RuinLevel/Blueprints/RuinCharacter_BP.RuinCharacter_BP:EventGraph.K2Node_Event_0' ref from Metadata '/Game/RuinLevel/Blueprints/RuinCharacter.PackageMetaData'
[2019.08.02-15.50.58:609][400]LogMetaData: Removing '/Game/RuinLevel/Blueprints/RuinCharacter_BP.RuinCharacter_BP:EventGraph.K2Node_Event_1' ref from Metadata '/Game/RuinLevel/Blueprints/RuinCharacter.PackageMetaData'
[2019.08.02-15.50.58:609][400]LogMetaData: Removing '/Game/RuinLevel/Blueprints/RuinCharacter_BP.RuinCharacter_BP:EventGraph.K2Node_Event_2' ref from Metadata '/Game/RuinLevel/Blueprints/RuinCharacter.PackageMetaData'
[2019.08.02-15.50.58:635][400]LogSavePackage: Moving '../../../../../../Users/tecla/Documents/Unreal Projects/Prova/Saved/RuinCharacter_BP00BA6B41466DB9E6EF0593AD73C46724.tmp' to '../../../../../../Users/tecla/Documents/Unreal Projects/Prova/Content/RuinLevel/Blueprints/RuinCharacter_BP.uasset'
[2019.08.02-15.50.58:730][400]LogUObjectHash: Compacting FUObjectHashTables data took   1.14ms
[2019.08.02-15.50.58:755][400]LogUObjectHash: Compacting FUObjectHashTables data took   1.23ms
[2019.08.02-15.50.58:778][400]LogUObjectHash: Compacting FUObjectHashTables data took   0.54ms
[2019.08.02-15.51.00:384][495]LogAssetEditorManager: Opening Asset editor for Blueprint /Game/RuinLevel/Blueprints/RuinCharacter_BP.RuinCharacter_BP
[2019.08.02-15.51.00:605][495]LogContentBrowser: Native class hierarchy updated for 'BlueprintGraph' in 0.0005 seconds. Added 121 classes and 0 folders.
[2019.08.02-15.51.01:301][496]LogRenderer: Reallocating scene render targets to support 912x708 Format 10 NumSamples 1 (Frame:1).
[2019.08.02-15.51.22:426][714]LogSlate: Took 0.000127 seconds to synchronously load lazily loaded font '../../../Engine/Content/Slate/Fonts/Roboto-Italic.ttf' (157K)
[2019.08.02-15.51.51:776][ 14]LogBlueprintActionDatabase: Requesting refresh due to module change: HierarchicalLODUtilities (loaded)
[2019.08.02-15.52.19:317][553]LogSlate: FSceneViewport::OnFocusLost() reason 2
[2019.08.02-15.52.20:742][625]BlueprintLog: New page: Compile RuinCharacter_BP
[2019.08.02-15.52.20:929][625]LogUObjectHash: Compacting FUObjectHashTables data took   4.68ms
[2019.08.02-15.52.45:845][446]Cmd: CAMERA ALIGN ACTIVEVIEWPORTONLY
[2019.08.02-15.52.59:457][261]LogSlate: FSceneViewport::OnFocusLost() reason 2
[2019.08.02-15.52.59:471][261]Cmd: OBJ SAVEPACKAGE PACKAGE="/Game/RuinLevel/RuinLevel" FILE="../../../../../../Users/tecla/Documents/Unreal Projects/Prova/Content/RuinLevel/RuinLevel.umap" SILENT=true AUTOSAVING=false KEEPDIRTY=false
[2019.08.02-15.52.59:505][261]LogUObjectHash: Compacting FUObjectHashTables data took   3.01ms
[2019.08.02-15.52.59:916][261]LogSavePackage: Moving '../../../../../../Users/tecla/Documents/Unreal Projects/Prova/Saved/RuinLevelEBACC0DA4C2FC8B4432AB5A54296822F.tmp' to '../../../../../../Users/tecla/Documents/Unreal Projects/Prova/Content/RuinLevel/RuinLevel.umap'
[2019.08.02-15.52.59:934][261]Cmd: OBJ SAVEPACKAGE PACKAGE="/Game/RuinLevel/RuinLevel_BuiltData" FILE="../../../../../../Users/tecla/Documents/Unreal Projects/Prova/Content/RuinLevel/RuinLevel_BuiltData.uasset" SILENT=true
[2019.08.02-15.53.00:647][261]LogSavePackage: Moving '../../../../../../Users/tecla/Documents/Unreal Projects/Prova/Saved/RuinLevel_BuiltDataBA17977141F7C5BCCEB6F99DE6309791.tmp' to '../../../../../../Users/tecla/Documents/Unreal Projects/Prova/Content/RuinLevel/RuinLevel_BuiltData.uasset'
[2019.08.02-15.53.03:171][411]LogTemp: Repeating last play command: New Editor Window (PIE)
[2019.08.02-15.53.03:181][411]LogBlueprintUserMessages: Early PlayInEditor Detection: Level '/Game/RuinLevel/RuinLevel.RuinLevel:PersistentLevel' has LevelScriptBlueprint '/Game/RuinLevel/RuinLevel.RuinLevel:PersistentLevel.RuinLevel' with GeneratedClass '/Game/RuinLevel/RuinLevel.RuinLevel_C' with ClassGeneratedBy '/Game/RuinLevel/RuinLevel.RuinLevel:PersistentLevel.RuinLevel'
[2019.08.02-15.53.03:181][411]LogPlayLevel: PlayLevel: No blueprints needed recompiling
[2019.08.02-15.53.03:181][411]PIE: New page: PIE session: RuinLevel (2/8/2019 19:53:03)
[2019.08.02-15.53.03:193][411]LogPlayLevel: Creating play world package: /Game/RuinLevel/UEDPIE_0_RuinLevel
[2019.08.02-15.53.03:224][411]LogPlayLevel: PIE: StaticDuplicateObject took: (0.030439s)
[2019.08.02-15.53.03:224][411]LogAIModule: Creating AISystem for world RuinLevel
[2019.08.02-15.53.03:224][411]LogPlayLevel: PIE: World Init took: (0.000472s)
[2019.08.02-15.53.03:225][411]LogPlayLevel: PIE: Created PIE world by copying editor world from /Game/RuinLevel/RuinLevel.RuinLevel to /Game/RuinLevel/UEDPIE_0_RuinLevel.RuinLevel (0.031217s)
[2019.08.02-15.53.03:250][411]LogUObjectHash: Compacting FUObjectHashTables data took   2.32ms
[2019.08.02-15.53.03:254][411]LogInit: XAudio2 using 'Speakers (Realtek(R) Audio)' : 2 channels at 48 kHz using 16 bits per sample (channel mask 0x3)
[2019.08.02-15.53.03:268][411]LogInit: FAudioDevice initialized.
[2019.08.02-15.53.03:274][411]LogSlate: Updating window title bar state: overlay mode, drag disabled, window buttons hidden, title bar hidden
[2019.08.02-15.53.03:312][411]LogLoad: Game class is 'GameModeBase'
[2019.08.02-15.53.03:320][411]LogWorld: Bringing World /Game/RuinLevel/UEDPIE_0_RuinLevel.RuinLevel up for play (max tick rate 60) at 2019.08.02-17.53.03
[2019.08.02-15.53.03:322][411]LogWorld: Bringing up level for play took: 0.008770
[2019.08.02-15.53.03:337][411]LogBlueprintActionDatabase: Requesting refresh due to module change: Voice (loaded)
[2019.08.02-15.53.03:339][411]LogBlueprintActionDatabase: Requesting refresh due to module change: MovieSceneCapture (loaded)
[2019.08.02-15.53.03:339][411]LogContentBrowser: Native class hierarchy updated for 'MovieSceneCapture' in 0.0003 seconds. Added 20 classes and 0 folders.
[2019.08.02-15.53.03:342][411]PIE: Play in editor start time for /Game/RuinLevel/UEDPIE_0_RuinLevel 0,451
[2019.08.02-15.53.03:343][411]LogBlueprintUserMessages: Late PlayInEditor Detection: Level '/Game/RuinLevel/RuinLevel.RuinLevel:PersistentLevel' has LevelScriptBlueprint '/Game/RuinLevel/RuinLevel.RuinLevel:PersistentLevel.RuinLevel' with GeneratedClass '/Game/RuinLevel/RuinLevel.RuinLevel_C' with ClassGeneratedBy '/Game/RuinLevel/RuinLevel.RuinLevel:PersistentLevel.RuinLevel'
[2019.08.02-15.53.03:398][412]LogRenderer: Reallocating scene render targets to support 1016x708 Format 10 NumSamples 1 (Frame:1).
[2019.08.02-15.53.06:859][606]LogBlueprintUserMessages: Early EndPlayMap Detection: Level '/Game/RuinLevel/RuinLevel.RuinLevel:PersistentLevel' has LevelScriptBlueprint '/Game/RuinLevel/RuinLevel.RuinLevel:PersistentLevel.RuinLevel' with GeneratedClass '/Game/RuinLevel/RuinLevel.RuinLevel_C' with ClassGeneratedBy '/Game/RuinLevel/RuinLevel.RuinLevel:PersistentLevel.RuinLevel'
[2019.08.02-15.53.06:859][606]LogSlate: Updating window title bar state: overlay mode, drag disabled, window buttons hidden, title bar hidden
[2019.08.02-15.53.06:868][606]LogSlate: Window 'Prova Game Preview Standalone (64-bit/PCD3D_SM5)' being destroyed
[2019.08.02-15.53.06:901][606]LogPlayLevel: Display: Shutting down PIE online subsystems
[2019.08.02-15.53.06:901][606]LogBlueprintUserMessages: Late EndPlayMap Detection: Level '/Game/RuinLevel/RuinLevel.RuinLevel:PersistentLevel' has LevelScriptBlueprint '/Game/RuinLevel/RuinLevel.RuinLevel:PersistentLevel.RuinLevel' with GeneratedClass '/Game/RuinLevel/RuinLevel.RuinLevel_C' with ClassGeneratedBy '/Game/RuinLevel/RuinLevel.RuinLevel:PersistentLevel.RuinLevel'
[2019.08.02-15.53.06:977][606]LogUObjectHash: Compacting FUObjectHashTables data took   4.64ms
[2019.08.02-15.53.06:993][607]LogPlayLevel: Display: Destroying online subsystem :Context_6
[2019.08.02-15.53.11:209][859]LogBlueprintUserMessages: Early PlayInEditor Detection: Level '/Game/RuinLevel/RuinLevel.RuinLevel:PersistentLevel' has LevelScriptBlueprint '/Game/RuinLevel/RuinLevel.RuinLevel:PersistentLevel.RuinLevel' with GeneratedClass '/Game/RuinLevel/RuinLevel.RuinLevel_C' with ClassGeneratedBy '/Game/RuinLevel/RuinLevel.RuinLevel:PersistentLevel.RuinLevel'
[2019.08.02-15.53.11:209][859]LogPlayLevel: PlayLevel: No blueprints needed recompiling
[2019.08.02-15.53.11:209][859]PIE: New page: PIE session: RuinLevel (2/8/2019 19:53:11)
[2019.08.02-15.53.11:209][859]LogPlayLevel: Creating play world package: /Game/RuinLevel/UEDPIE_0_RuinLevel
[2019.08.02-15.53.11:239][859]LogPlayLevel: PIE: StaticDuplicateObject took: (0.029555s)
[2019.08.02-15.53.11:240][859]LogAIModule: Creating AISystem for world RuinLevel
[2019.08.02-15.53.11:240][859]LogPlayLevel: PIE: World Init took: (0.000460s)
[2019.08.02-15.53.11:240][859]LogPlayLevel: PIE: Created PIE world by copying editor world from /Game/RuinLevel/RuinLevel.RuinLevel to /Game/RuinLevel/UEDPIE_0_RuinLevel.RuinLevel (0.030406s)
[2019.08.02-15.53.11:285][859]LogUObjectHash: Compacting FUObjectHashTables data took   2.52ms
[2019.08.02-15.53.11:288][859]LogInit: XAudio2 using 'Speakers (Realtek(R) Audio)' : 2 channels at 48 kHz using 16 bits per sample (channel mask 0x3)
[2019.08.02-15.53.11:303][859]LogInit: FAudioDevice initialized.
[2019.08.02-15.53.11:330][859]LogLoad: Game class is 'GameModeBase'
[2019.08.02-15.53.11:336][859]LogWorld: Bringing World /Game/RuinLevel/UEDPIE_0_RuinLevel.RuinLevel up for play (max tick rate 60) at 2019.08.02-17.53.11
[2019.08.02-15.53.11:336][859]LogWorld: Bringing up level for play took: 0.005079
[2019.08.02-15.53.11:348][859]PIE: Play in editor start time for /Game/RuinLevel/UEDPIE_0_RuinLevel 0,457
[2019.08.02-15.53.11:348][859]LogBlueprintUserMessages: Late PlayInEditor Detection: Level '/Game/RuinLevel/RuinLevel.RuinLevel:PersistentLevel' has LevelScriptBlueprint '/Game/RuinLevel/RuinLevel.RuinLevel:PersistentLevel.RuinLevel' with GeneratedClass '/Game/RuinLevel/RuinLevel.RuinLevel_C' with ClassGeneratedBy '/Game/RuinLevel/RuinLevel.RuinLevel:PersistentLevel.RuinLevel'
[2019.08.02-15.53.16:528][164]LogUObjectHash: Compacting FUObjectHashTables data took   2.02ms
[2019.08.02-15.53.16:569][164]LogSavePackage: Moving '../../../../../../Users/tecla/Documents/Unreal Projects/Prova/Saved/RuinCharacter_BPD4DBCD63460CE59A245F21BE2F78F36F.tmp' to '../../../../../../Users/tecla/Documents/Unreal Projects/Prova/Content/RuinLevel/Blueprints/RuinCharacter_BP.uasset'
[2019.08.02-15.53.59:307][911]LogBlueprintUserMessages: Early EndPlayMap Detection: Level '/Game/RuinLevel/RuinLevel.RuinLevel:PersistentLevel' has LevelScriptBlueprint '/Game/RuinLevel/RuinLevel.RuinLevel:PersistentLevel.RuinLevel' with GeneratedClass '/Game/RuinLevel/RuinLevel.RuinLevel_C' with ClassGeneratedBy '/Game/RuinLevel/RuinLevel.RuinLevel:PersistentLevel.RuinLevel'
[2019.08.02-15.53.59:307][911]LogSlate: Updating window title bar state: overlay mode, drag disabled, window buttons hidden, title bar hidden
[2019.08.02-15.53.59:341][911]LogPlayLevel: Display: Shutting down PIE online subsystems
[2019.08.02-15.53.59:342][911]LogBlueprintUserMessages: Late EndPlayMap Detection: Level '/Game/RuinLevel/RuinLevel.RuinLevel:PersistentLevel' has LevelScriptBlueprint '/Game/RuinLevel/RuinLevel.RuinLevel:PersistentLevel.RuinLevel' with GeneratedClass '/Game/RuinLevel/RuinLevel.RuinLevel_C' with ClassGeneratedBy '/Game/RuinLevel/RuinLevel.RuinLevel:PersistentLevel.RuinLevel'
[2019.08.02-15.53.59:379][911]LogSlate: Updating window title bar state: overlay mode, drag disabled, window buttons hidden, title bar hidden
[2019.08.02-15.53.59:384][911]LogUObjectHash: Compacting FUObjectHashTables data took   2.01ms
[2019.08.02-15.53.59:416][913]LogPlayLevel: Display: Destroying online subsystem :Context_7
[2019.08.02-15.54.10:933][604]Cmd: CAMERA ALIGN ACTIVEVIEWPORTONLY
[2019.08.02-15.54.23:643][366]LogSlate: FSceneViewport::OnFocusLost() reason 0
[2019.08.02-15.56.14:128][ 37]LogSlate: FSceneViewport::OnFocusLost() reason 0
[2019.08.02-15.59.46:344][551]LogSlate: FSceneViewport::OnFocusLost() reason 0
[2019.08.02-15.59.53:882][  2]Cmd: CAMERA ALIGN ACTIVEVIEWPORTONLY
[2019.08.02-16.01.23:795][342]LogSlate: FSceneViewport::OnFocusLost() reason 0
[2019.08.02-16.01.26:996][534]LogEditorViewport: Clicking on Actor (LMB): Landscape (Landscape5)
[2019.08.02-16.01.27:921][588]LogEditorViewport: Clicking on Actor (LMB): StaticMeshActor (SM_Plains_Floors_Block01)
[2019.08.02-16.01.30:883][764]LogSlate: FSceneViewport::OnFocusLost() reason 0
[2019.08.02-16.02.00:582][540]LogSlate: FSceneViewport::OnFocusLost() reason 2
[2019.08.02-16.02.12:747][270]LogEditorViewport: Clicking on Actor (LMB): StaticMeshActor (SM_Plains_LargeRock01)
[2019.08.02-16.02.13:944][340]LogEditorViewport: Clicking on Actor (LMB): StaticMeshActor (SM_Plains_LargeRock4)
[2019.08.02-16.02.15:739][446]LogSlate: FSceneViewport::OnFocusLost() reason 0
[2019.08.02-16.02.15:856][453]LogTemp: Repeating last play command: Selected Viewport
[2019.08.02-16.02.15:865][453]LogBlueprintUserMessages: Early PlayInEditor Detection: Level '/Game/RuinLevel/RuinLevel.RuinLevel:PersistentLevel' has LevelScriptBlueprint '/Game/RuinLevel/RuinLevel.RuinLevel:PersistentLevel.RuinLevel' with GeneratedClass '/Game/RuinLevel/RuinLevel.RuinLevel_C' with ClassGeneratedBy '/Game/RuinLevel/RuinLevel.RuinLevel:PersistentLevel.RuinLevel'
[2019.08.02-16.02.15:865][453]LogPlayLevel: PlayLevel: No blueprints needed recompiling
[2019.08.02-16.02.15:865][453]PIE: New page: PIE session: RuinLevel (2/8/2019 20:02:15)
[2019.08.02-16.02.15:865][453]LogPlayLevel: Creating play world package: /Game/RuinLevel/UEDPIE_0_RuinLevel
[2019.08.02-16.02.15:896][453]LogPlayLevel: PIE: StaticDuplicateObject took: (0.031565s)
[2019.08.02-16.02.15:896][453]LogAIModule: Creating AISystem for world RuinLevel
[2019.08.02-16.02.15:896][453]LogPlayLevel: PIE: World Init took: (0.000609s)
[2019.08.02-16.02.15:896][453]LogPlayLevel: PIE: Created PIE world by copying editor world from /Game/RuinLevel/RuinLevel.RuinLevel to /Game/RuinLevel/UEDPIE_0_RuinLevel.RuinLevel (0.032314s)
[2019.08.02-16.02.15:928][453]LogUObjectHash: Compacting FUObjectHashTables data took   2.40ms
[2019.08.02-16.02.15:932][453]LogInit: XAudio2 using 'Speakers (Realtek(R) Audio)' : 2 channels at 48 kHz using 16 bits per sample (channel mask 0x3)
[2019.08.02-16.02.15:948][453]LogInit: FAudioDevice initialized.
[2019.08.02-16.02.15:975][453]LogLoad: Game class is 'GameModeBase'
[2019.08.02-16.02.15:980][453]LogWorld: Bringing World /Game/RuinLevel/UEDPIE_0_RuinLevel.RuinLevel up for play (max tick rate 60) at 2019.08.02-18.02.15
[2019.08.02-16.02.15:981][453]LogWorld: Bringing up level for play took: 0.005343
[2019.08.02-16.02.15:994][453]PIE: Play in editor start time for /Game/RuinLevel/UEDPIE_0_RuinLevel 1,102
[2019.08.02-16.02.15:994][453]LogBlueprintUserMessages: Late PlayInEditor Detection: Level '/Game/RuinLevel/RuinLevel.RuinLevel:PersistentLevel' has LevelScriptBlueprint '/Game/RuinLevel/RuinLevel.RuinLevel:PersistentLevel.RuinLevel' with GeneratedClass '/Game/RuinLevel/RuinLevel.RuinLevel_C' with ClassGeneratedBy '/Game/RuinLevel/RuinLevel.RuinLevel:PersistentLevel.RuinLevel'
[2019.08.02-16.02.18:524][604]LogBlueprintUserMessages: Early EndPlayMap Detection: Level '/Game/RuinLevel/RuinLevel.RuinLevel:PersistentLevel' has LevelScriptBlueprint '/Game/RuinLevel/RuinLevel.RuinLevel:PersistentLevel.RuinLevel' with GeneratedClass '/Game/RuinLevel/RuinLevel.RuinLevel_C' with ClassGeneratedBy '/Game/RuinLevel/RuinLevel.RuinLevel:PersistentLevel.RuinLevel'
[2019.08.02-16.02.18:524][604]LogSlate: Updating window title bar state: overlay mode, drag disabled, window buttons hidden, title bar hidden
[2019.08.02-16.02.18:554][604]LogPlayLevel: Display: Shutting down PIE online subsystems
[2019.08.02-16.02.18:555][604]LogBlueprintUserMessages: Late EndPlayMap Detection: Level '/Game/RuinLevel/RuinLevel.RuinLevel:PersistentLevel' has LevelScriptBlueprint '/Game/RuinLevel/RuinLevel.RuinLevel:PersistentLevel.RuinLevel' with GeneratedClass '/Game/RuinLevel/RuinLevel.RuinLevel_C' with ClassGeneratedBy '/Game/RuinLevel/RuinLevel.RuinLevel:PersistentLevel.RuinLevel'
[2019.08.02-16.02.18:589][604]LogSlate: Updating window title bar state: overlay mode, drag disabled, window buttons hidden, title bar hidden
[2019.08.02-16.02.18:594][604]LogUObjectHash: Compacting FUObjectHashTables data took   1.99ms
[2019.08.02-16.02.18:639][607]LogPlayLevel: Display: Destroying online subsystem :Context_8
[2019.08.02-16.02.21:256][764]LogEditorViewport: Clicking on Actor (context menu): StaticMeshActor (SM_Plains_Floors_Block3)
[2019.08.02-16.02.21:295][764]LogSlate: FSceneViewport::OnFocusLost() reason 2
[2019.08.02-16.03.25:595][404]LogEditorViewport: Clicking on Actor (LMB): StaticMeshActor (SM_Plains_CastleWall_Ruin_9)
[2019.08.02-16.03.26:639][465]LogEditorViewport: Clicking on Actor (LMB): StaticMeshActor (SM_Plains_Floors_Block2)
[2019.08.02-16.03.32:035][787]LogSlate: FSceneViewport::OnFocusLost() reason 0
[2019.08.02-16.03.33:990][904]LogEditorViewport: Clicking on Actor (LMB): StaticMeshActor (SM_Plains_Floors_Block3)
[2019.08.02-16.03.43:617][481]LogSlate: FSceneViewport::OnFocusLost() reason 0
[2019.08.02-16.05.11:827][760]LogEditorViewport: Clicking on Actor (LMB): StaticMeshActor (SM_Plains_Floors_Block12)
[2019.08.02-16.05.30:587][ 41]LogSlate: FSceneViewport::OnFocusLost() reason 0
[2019.08.02-16.05.46:308][246]LogSlate: Window 'Pick Parent Class' being destroyed
[2019.08.02-16.05.49:348][428]LogSlate: Warning: Ignoring SetUserFocus because it's not an active modal Window (user 0 not set to SAssetTileView [SAssetView.cpp(1745)].
[2019.08.02-16.05.49:394][428]LogUObjectHash: Compacting FUObjectHashTables data took   2.15ms
[2019.08.02-16.05.49:815][428]LogSavePackage: Moving '../../../../../../Users/tecla/Documents/Unreal Projects/Prova/Saved/RuinLevel_Auto15DDB1DEA43788ECF2AA3C2ADF93B3D25.tmp' to '../../../../../../Users/tecla/Documents/Unreal Projects/Prova/Saved/Autosaves/Game/RuinLevel/RuinLevel_Auto1.umap'
[2019.08.02-16.05.49:817][428]LogFileHelpers: Editor autosave (incl. sublevels) for '/Game/RuinLevel/RuinLevel' took 0.452
[2019.08.02-16.05.49:817][428]LogFileHelpers: Editor autosave (incl. sublevels) for all levels took 0.452
[2019.08.02-16.05.49:819][428]OBJ SavePackage: Generating thumbnails for [0] asset(s) in package [/Game/RuinLevel/Blueprints/NewBlueprint] ([1] browsable assets)...
[2019.08.02-16.05.49:819][428]OBJ SavePackage: Finished generating thumbnails for package [/Game/RuinLevel/Blueprints/NewBlueprint]
[2019.08.02-16.05.49:826][428]LogSavePackage: Moving '../../../../../../Users/tecla/Documents/Unreal Projects/Prova/Saved/NewBlueprint_Auto1044A966F43C88C9E99002AB14812FE9D.tmp' to '../../../../../../Users/tecla/Documents/Unreal Projects/Prova/Saved/Autosaves/Game/RuinLevel/Blueprints/NewBlueprint_Auto1.uasset'
[2019.08.02-16.05.49:827][428]LogFileHelpers: Auto-saving content packages took 0.009
[2019.08.02-16.06.20:274][882]LogUObjectHash: Compacting FUObjectHashTables data took   2.53ms
[2019.08.02-16.06.20:280][882]LogMetaData: Removing '/Game/RuinLevel/Blueprints/EnemyCharacter.EnemyCharacter_C' ref from Metadata '/Game/RuinLevel/Blueprints/RuinCharacter_BP.PackageMetaData'
[2019.08.02-16.06.20:280][882]LogMetaData: Removing '/Game/RuinLevel/Blueprints/EnemyCharacter.SKEL_EnemyCharacter_C' ref from Metadata '/Game/RuinLevel/Blueprints/RuinCharacter_BP.PackageMetaData'
[2019.08.02-16.06.20:280][882]LogMetaData: Removing '/Game/RuinLevel/Blueprints/EnemyCharacter.EnemyCharacter:UserConstructionScript.K2Node_FunctionEntry_0' ref from Metadata '/Game/RuinLevel/Blueprints/RuinCharacter_BP.PackageMetaData'
[2019.08.02-16.06.20:281][882]LogMetaData: Removing '/Game/RuinLevel/Blueprints/EnemyCharacter.EnemyCharacter:EventGraph.K2Node_Event_0' ref from Metadata '/Game/RuinLevel/Blueprints/RuinCharacter_BP.PackageMetaData'
[2019.08.02-16.06.20:281][882]LogMetaData: Removing '/Game/RuinLevel/Blueprints/EnemyCharacter.EnemyCharacter:EventGraph.K2Node_Event_1' ref from Metadata '/Game/RuinLevel/Blueprints/RuinCharacter_BP.PackageMetaData'
[2019.08.02-16.06.20:281][882]LogMetaData: Removing '/Game/RuinLevel/Blueprints/EnemyCharacter.EnemyCharacter:EventGraph.K2Node_Event_2' ref from Metadata '/Game/RuinLevel/Blueprints/RuinCharacter_BP.PackageMetaData'
[2019.08.02-16.06.20:323][882]Cmd: OBJ SAVEPACKAGE PACKAGE="/Game/RuinLevel/Blueprints/EnemyCharacter" FILE="../../../../../../Users/tecla/Documents/Unreal Projects/Prova/Content/RuinLevel/Blueprints/EnemyCharacter.uasset" SILENT=true
[2019.08.02-16.06.20:338][882]LogSavePackage: Moving '../../../../../../Users/tecla/Documents/Unreal Projects/Prova/Saved/EnemyCharacter5A233EF94F463C41F5726792FFE02802.tmp' to '../../../../../../Users/tecla/Documents/Unreal Projects/Prova/Content/RuinLevel/Blueprints/EnemyCharacter.uasset'
[2019.08.02-16.06.20:362][882]LogSavePackage: Moving '../../../../../../Users/tecla/Documents/Unreal Projects/Prova/Saved/RuinCharacter_BP04B22E744F457979C666B187D0824FCB.tmp' to '../../../../../../Users/tecla/Documents/Unreal Projects/Prova/Content/RuinLevel/Blueprints/RuinCharacter_BP.uasset'
[2019.08.02-16.06.29:562][429]LogUObjectHash: Compacting FUObjectHashTables data took   2.90ms
[2019.08.02-16.06.29:562][429]LogMetaData: Removing '/Game/RuinLevel/Blueprints/EnemyAI.EnemyAI:UserConstructionScript.K2Node_FunctionEntry_0' ref from Metadata '/Game/RuinLevel/Blueprints/NewBlueprint.PackageMetaData'
[2019.08.02-16.06.29:562][429]LogMetaData: Removing '/Game/RuinLevel/Blueprints/EnemyAI.SKEL_EnemyAI_C' ref from Metadata '/Game/RuinLevel/Blueprints/NewBlueprint.PackageMetaData'
[2019.08.02-16.06.29:562][429]LogMetaData: Removing '/Game/RuinLevel/Blueprints/EnemyAI.EnemyAI_C' ref from Metadata '/Game/RuinLevel/Blueprints/NewBlueprint.PackageMetaData'
[2019.08.02-16.06.29:562][429]LogMetaData: Removing '/Game/RuinLevel/Blueprints/EnemyAI.EnemyAI:EventGraph.K2Node_Event_0' ref from Metadata '/Game/RuinLevel/Blueprints/NewBlueprint.PackageMetaData'
[2019.08.02-16.06.29:562][429]LogMetaData: Removing '/Game/RuinLevel/Blueprints/EnemyAI.EnemyAI:EventGraph.K2Node_Event_1' ref from Metadata '/Game/RuinLevel/Blueprints/NewBlueprint.PackageMetaData'
[2019.08.02-16.06.29:584][429]Cmd: OBJ SAVEPACKAGE PACKAGE="/Game/RuinLevel/Blueprints/EnemyAI" FILE="../../../../../../Users/tecla/Documents/Unreal Projects/Prova/Content/RuinLevel/Blueprints/EnemyAI.uasset" SILENT=true
[2019.08.02-16.06.29:590][429]LogSavePackage: Moving '../../../../../../Users/tecla/Documents/Unreal Projects/Prova/Saved/EnemyAIB4CC81B44A01BEA2FD6B1FAB6BD23045.tmp' to '../../../../../../Users/tecla/Documents/Unreal Projects/Prova/Content/RuinLevel/Blueprints/EnemyAI.uasset'
[2019.08.02-16.06.29:724][429]LogUObjectHash: Compacting FUObjectHashTables data took   2.34ms
[2019.08.02-16.06.29:755][429]LogUObjectHash: Compacting FUObjectHashTables data took   1.74ms
[2019.08.02-16.06.29:785][429]LogUObjectHash: Compacting FUObjectHashTables data took   0.70ms
[2019.08.02-16.06.41:457][128]LogEditorViewport: Clicking on Actor (LMB): Landscape (Landscape5)
[2019.08.02-16.06.42:272][175]LogSlate: FSceneViewport::OnFocusLost() reason 2
[2019.08.02-16.06.42:284][175]Cmd: OBJ SAVEPACKAGE PACKAGE="/Game/RuinLevel/RuinLevel" FILE="../../../../../../Users/tecla/Documents/Unreal Projects/Prova/Content/RuinLevel/RuinLevel.umap" SILENT=true AUTOSAVING=false KEEPDIRTY=false
[2019.08.02-16.06.42:317][175]LogUObjectHash: Compacting FUObjectHashTables data took   2.18ms
[2019.08.02-16.06.42:731][175]LogSavePackage: Moving '../../../../../../Users/tecla/Documents/Unreal Projects/Prova/Saved/RuinLevel468D873D4AB24C1A0E007585BC173358.tmp' to '../../../../../../Users/tecla/Documents/Unreal Projects/Prova/Content/RuinLevel/RuinLevel.umap'
[2019.08.02-16.06.42:750][175]Cmd: OBJ SAVEPACKAGE PACKAGE="/Game/RuinLevel/RuinLevel_BuiltData" FILE="../../../../../../Users/tecla/Documents/Unreal Projects/Prova/Content/RuinLevel/RuinLevel_BuiltData.uasset" SILENT=true
[2019.08.02-16.06.43:230][175]LogSavePackage: Moving '../../../../../../Users/tecla/Documents/Unreal Projects/Prova/Saved/RuinLevel_BuiltData3F5E2C374165FA8F6A8B0FB56FECCD3E.tmp' to '../../../../../../Users/tecla/Documents/Unreal Projects/Prova/Content/RuinLevel/RuinLevel_BuiltData.uasset'
[2019.08.02-16.07.08:764][790]LogAssetEditorManager: Opening Asset editor for Blueprint /Game/RuinLevel/Blueprints/EnemyAI.EnemyAI
[2019.08.02-16.07.10:733][889]LogSlate: Took 0.006921 seconds to synchronously load lazily loaded font '../../../Engine/Content/Slate/Fonts/Roboto-BoldCondensed.ttf' (158K)
[2019.08.02-16.14.51:918][247]BlueprintLog: New page: Compile EnemyAI
[2019.08.02-16.14.52:079][247]LogUObjectHash: Compacting FUObjectHashTables data took   3.31ms
[2019.08.02-16.14.53:935][356]LogUObjectHash: Compacting FUObjectHashTables data took   2.50ms
[2019.08.02-16.14.53:954][356]Cmd: OBJ SAVEPACKAGE PACKAGE="/Game/RuinLevel/RuinLevel" FILE="../../../../../../Users/tecla/Documents/Unreal Projects/Prova/Content/RuinLevel/RuinLevel.umap" SILENT=true AUTOSAVING=false KEEPDIRTY=false
[2019.08.02-16.14.53:988][356]LogUObjectHash: Compacting FUObjectHashTables data took   0.72ms
[2019.08.02-16.14.54:407][356]LogSavePackage: Moving '../../../../../../Users/tecla/Documents/Unreal Projects/Prova/Saved/RuinLevelB3A5D6C14AD84DF11EEC1E867295EA3C.tmp' to '../../../../../../Users/tecla/Documents/Unreal Projects/Prova/Content/RuinLevel/RuinLevel.umap'
[2019.08.02-16.14.54:425][356]LogFileHelpers: Saving map 'RuinLevel' took 0.471
[2019.08.02-16.14.54:427][356]Cmd: OBJ SAVEPACKAGE PACKAGE="/Game/RuinLevel/Blueprints/EnemyAI" FILE="../../../../../../Users/tecla/Documents/Unreal Projects/Prova/Content/RuinLevel/Blueprints/EnemyAI.uasset" SILENT=true
[2019.08.02-16.14.54:441][356]LogSavePackage: Moving '../../../../../../Users/tecla/Documents/Unreal Projects/Prova/Saved/EnemyAIC05CAE924BB6A0D9CDBE57A10D5E2011.tmp' to '../../../../../../Users/tecla/Documents/Unreal Projects/Prova/Content/RuinLevel/Blueprints/EnemyAI.uasset'
[2019.08.02-16.14.54:467][356]Cmd: OBJ SAVEPACKAGE PACKAGE="/Game/RuinLevel/Blueprints/EnemyCharacter" FILE="../../../../../../Users/tecla/Documents/Unreal Projects/Prova/Content/RuinLevel/Blueprints/EnemyCharacter.uasset" SILENT=true
[2019.08.02-16.14.54:495][356]LogSavePackage: Moving '../../../../../../Users/tecla/Documents/Unreal Projects/Prova/Saved/EnemyCharacterC93F2AE64AC62CFFA8B6809B4F36DCF7.tmp' to '../../../../../../Users/tecla/Documents/Unreal Projects/Prova/Content/RuinLevel/Blueprints/EnemyCharacter.uasset'
[2019.08.02-16.16.00:536][694]LogSlate: Prevented a slow task dialog from being summoned while a context menu was open
[2019.08.02-16.16.26:126][560]BlueprintLog: New page: Compile EnemyAI
[2019.08.02-16.16.26:284][560]LogUObjectHash: Compacting FUObjectHashTables data took   2.54ms
[2019.08.02-16.16.30:009][783]LogSlate: Prevented a slow task dialog from being summoned while a context menu was open
[2019.08.02-16.16.38:932][317]BlueprintLog: New page: Compile EnemyCharacter
[2019.08.02-16.16.38:934][317]LogBlueprint: Error: [Compiler EnemyCharacter] This blueprint (self) is not a Controller, therefore ' Target ' must have a connection.
[2019.08.02-16.16.39:104][317]LogUObjectHash: Compacting FUObjectHashTables data took   3.06ms
[2019.08.02-16.16.39:110][317]LogBlueprint: Warning: [Compiler EnemyCharacter] [1658,05] Compile of EnemyCharacter failed. 1 Fatal Issue(s) 0 Warning(s) [in 179 ms] (/Game/RuinLevel/Blueprints/EnemyCharacter.EnemyCharacter)
[2019.08.02-16.17.33:064][844]BlueprintLog: New page: Compile EnemyAI
[2019.08.02-16.17.33:238][844]LogUObjectHash: Compacting FUObjectHashTables data took   3.79ms
[2019.08.02-16.17.57:529][690]LogAssetEditorManager: Opening Asset editor for Blueprint /Game/RuinLevel/Blueprints/EnemyCharacter.EnemyCharacter
[2019.08.02-16.18.12:097][546]LogSlate: Prevented a slow task dialog from being summoned while a context menu was open
[2019.08.02-16.18.15:299][737]BlueprintLog: New page: Compile EnemyCharacter
[2019.08.02-16.18.15:301][737]LogBlueprint: Error: [Compiler EnemyCharacter] This blueprint (self) is not a Controller, therefore ' Target ' must have a connection.
[2019.08.02-16.18.15:489][737]LogUObjectHash: Compacting FUObjectHashTables data took   3.29ms
[2019.08.02-16.18.15:494][737]LogBlueprint: Warning: [Compiler EnemyCharacter] [1754,43] Compile of EnemyCharacter failed. 1 Fatal Issue(s) 0 Warning(s) [in 194 ms] (/Game/RuinLevel/Blueprints/EnemyCharacter.EnemyCharacter)
[2019.08.02-16.18.33:737][810]Cmd: TRANSACTION UNDO
[2019.08.02-16.18.33:737][810]LogEditorTransaction: Undo Delete current selection
[2019.08.02-16.18.54:549][ 25]LogEditorTransaction: Undo Delete current selection
[2019.08.02-16.19.05:123][643]LogBlueprint: Warning: [Compiler ] Pasted node  CustomEvent   conflicted with  Wondering  and was replaced as a Custom Event!
[2019.08.02-16.19.12:635][ 93]LogEditorTransaction: Undo Move Node
[2019.08.02-16.19.13:259][130]LogEditorTransaction: Undo Paste clipboard contents
[2019.08.02-16.19.14:516][130]LogWindows: Error: === Critical error: ===
[2019.08.02-16.19.14:516][130]LogWindows: Error: 
[2019.08.02-16.19.14:516][130]LogWindows: Error: Fatal error!
[2019.08.02-16.19.14:516][130]LogWindows: Error: 
[2019.08.02-16.19.14:516][130]LogWindows: Error: Unhandled Exception: EXCEPTION_ACCESS_VIOLATION reading address 0xffffffff
[2019.08.02-16.19.14:516][130]LogWindows: Error: 
[2019.08.02-16.19.14:516][130]LogWindows: Error: [Callstack] 0x00007ffbf0aabe95 UE4Editor-CoreUObject.dll!UnknownFunction []
[2019.08.02-16.19.14:516][130]LogWindows: Error: [Callstack] 0x00007ffbd014cd35 UE4Editor-Engine.dll!UnknownFunction []
[2019.08.02-16.19.14:516][130]LogWindows: Error: [Callstack] 0x00007ffbd01526c5 UE4Editor-Engine.dll!UnknownFunction []
[2019.08.02-16.19.14:516][130]LogWindows: Error: [Callstack] 0x00007ffbda9320fe UE4Editor-GraphEditor.dll!UnknownFunction []
[2019.08.02-16.19.14:516][130]LogWindows: Error: [Callstack] 0x00007ffbda8f1cb8 UE4Editor-GraphEditor.dll!UnknownFunction []
[2019.08.02-16.19.14:516][130]LogWindows: Error: [Callstack] 0x00007ffbf0262eb2 UE4Editor-SlateCore.dll!UnknownFunction []
[2019.08.02-16.19.14:516][130]LogWindows: Error: [Callstack] 0x00007ffbf0262efd UE4Editor-SlateCore.dll!UnknownFunction []
[2019.08.02-16.19.14:516][130]LogWindows: Error: [Callstack] 0x00007ffbf0262efd UE4Editor-SlateCore.dll!UnknownFunction []
[2019.08.02-16.19.14:516][130]LogWindows: Error: [Callstack] 0x00007ffbf0262efd UE4Editor-SlateCore.dll!UnknownFunction []
[2019.08.02-16.19.14:516][130]LogWindows: Error: [Callstack] 0x00007ffbf0262efd UE4Editor-SlateCore.dll!UnknownFunction []
[2019.08.02-16.19.14:516][130]LogWindows: Error: [Callstack] 0x00007ffbf0262efd UE4Editor-SlateCore.dll!UnknownFunction []
[2019.08.02-16.19.14:516][130]LogWindows: Error: [Callstack] 0x00007ffbf0262efd UE4Editor-SlateCore.dll!UnknownFunction []
[2019.08.02-16.19.14:516][130]LogWindows: Error: [Callstack] 0x00007ffbf0262efd UE4Editor-SlateCore.dll!UnknownFunction []
[2019.08.02-16.19.14:516][130]LogWindows: Error: [Callstack] 0x00007ffbf0262efd UE4Editor-SlateCore.dll!UnknownFunction []
[2019.08.02-16.19.14:516][130]LogWindows: Error: [Callstack] 0x00007ffbf0262efd UE4Editor-SlateCore.dll!UnknownFunction []
[2019.08.02-16.19.14:516][130]LogWindows: Error: [Callstack] 0x00007ffbf0262efd UE4Editor-SlateCore.dll!UnknownFunction []
[2019.08.02-16.19.14:516][130]LogWindows: Error: [Callstack] 0x00007ffbf0262efd UE4Editor-SlateCore.dll!UnknownFunction []
[2019.08.02-16.19.14:516][130]LogWindows: Error: [Callstack] 0x00007ffbf0262efd UE4Editor-SlateCore.dll!UnknownFunction []
[2019.08.02-16.19.14:516][130]LogWindows: Error: [Callstack] 0x00007ffbf0262efd UE4Editor-SlateCore.dll!UnknownFunction []
[2019.08.02-16.19.14:516][130]LogWindows: Error: [Callstack] 0x00007ffbf0262efd UE4Editor-SlateCore.dll!UnknownFunction []
[2019.08.02-16.19.14:516][130]LogWindows: Error: [Callstack] 0x00007ffbf0262efd UE4Editor-SlateCore.dll!UnknownFunction []
[2019.08.02-16.19.14:516][130]LogWindows: Error: [Callstack] 0x00007ffbf0262efd UE4Editor-SlateCore.dll!UnknownFunction []
[2019.08.02-16.19.14:516][130]LogWindows: Error: [Callstack] 0x00007ffbf0262efd UE4Editor-SlateCore.dll!UnknownFunction []
[2019.08.02-16.19.14:516][130]LogWindows: Error: [Callstack] 0x00007ffbf0262efd UE4Editor-SlateCore.dll!UnknownFunction []
[2019.08.02-16.19.14:516][130]LogWindows: Error: [Callstack] 0x00007ffbf0262efd UE4Editor-SlateCore.dll!UnknownFunction []
[2019.08.02-16.19.14:516][130]LogWindows: Error: [Callstack] 0x00007ffbf0262efd UE4Editor-SlateCore.dll!UnknownFunction []
[2019.08.02-16.19.14:516][130]LogWindows: Error: [Callstack] 0x00007ffbf0262efd UE4Editor-SlateCore.dll!UnknownFunction []
[2019.08.02-16.19.14:517][130]LogWindows: Error: [Callstack] 0x00007ffbf0262efd UE4Editor-SlateCore.dll!UnknownFunction []
[2019.08.02-16.19.14:517][130]LogWindows: Error: [Callstack] 0x00007ffbf0262efd UE4Editor-SlateCore.dll!UnknownFunction []
[2019.08.02-16.19.14:517][130]LogWindows: Error: [Callstack] 0x00007ffbf0262efd UE4Editor-SlateCore.dll!UnknownFunction []
[2019.08.02-16.19.14:517][130]LogWindows: Error: [Callstack] 0x00007ffbf0262efd UE4Editor-SlateCore.dll!UnknownFunction []
[2019.08.02-16.19.14:517][130]LogWindows: Error: [Callstack] 0x00007ffbf0262efd UE4Editor-SlateCore.dll!UnknownFunction []
[2019.08.02-16.19.14:517][130]LogWindows: Error: [Callstack] 0x00007ffbf0262efd UE4Editor-SlateCore.dll!UnknownFunction []
[2019.08.02-16.19.14:517][130]LogWindows: Error: [Callstack] 0x00007ffbf0262efd UE4Editor-SlateCore.dll!UnknownFunction []
[2019.08.02-16.19.14:517][130]LogWindows: Error: [Callstack] 0x00007ffbf0262efd UE4Editor-SlateCore.dll!UnknownFunction []
[2019.08.02-16.19.14:517][130]LogWindows: Error: [Callstack] 0x00007ffbf0262efd UE4Editor-SlateCore.dll!UnknownFunction []
[2019.08.02-16.19.14:517][130]LogWindows: Error: [Callstack] 0x00007ffbf0262efd UE4Editor-SlateCore.dll!UnknownFunction []
[2019.08.02-16.19.14:517][130]LogWindows: Error: [Callstack] 0x00007ffbf0262efd UE4Editor-SlateCore.dll!UnknownFunction []
[2019.08.02-16.19.14:517][130]LogWindows: Error: [Callstack] 0x00007ffbf0262efd UE4Editor-SlateCore.dll!UnknownFunction []
[2019.08.02-16.19.14:517][130]LogWindows: Error: [Callstack] 0x00007ffbf0262efd UE4Editor-SlateCore.dll!UnknownFunction []
[2019.08.02-16.19.14:517][130]LogWindows: Error: [Callstack] 0x00007ffbf0262efd UE4Editor-SlateCore.dll!UnknownFunction []
[2019.08.02-16.19.14:517][130]LogWindows: Error: [Callstack] 0x00007ffbf0262efd UE4Editor-SlateCore.dll!UnknownFunction []
[2019.08.02-16.19.14:517][130]LogWindows: Error: [Callstack] 0x00007ffbf04f5bf6 UE4Editor-Slate.dll!UnknownFunction []
[2019.08.02-16.19.14:517][130]LogWindows: Error: [Callstack] 0x00007ffbf04cd459 UE4Editor-Slate.dll!UnknownFunction []
[2019.08.02-16.19.14:517][130]LogWindows: Error: [Callstack] 0x00007ffbf04f63bd UE4Editor-Slate.dll!UnknownFunction []
[2019.08.02-16.19.14:517][130]LogWindows: Error: [Callstack] 0x00007ffbf04ce2a2 UE4Editor-Slate.dll!UnknownFunction []
[2019.08.02-16.19.14:517][130]LogWindows: Error: [Callstack] 0x00007ffbf051a859 UE4Editor-Slate.dll!UnknownFunction []
[2019.08.02-16.19.14:517][130]LogWindows: Error: [Callstack] 0x00007ffbf0519a4d UE4Editor-Slate.dll!UnknownFunction []
[2019.08.02-16.19.14:517][130]LogWindows: Error: [Callstack] 0x00007ff7a5ec7a6a UE4Editor.exe!UnknownFunction []
[2019.08.02-16.19.14:517][130]LogWindows: Error: [Callstack] 0x00007ff7a5ed554c UE4Editor.exe!UnknownFunction []
[2019.08.02-16.19.14:517][130]LogWindows: Error: [Callstack] 0x00007ff7a5ed55ca UE4Editor.exe!UnknownFunction []
[2019.08.02-16.19.14:517][130]LogWindows: Error: [Callstack] 0x00007ff7a5ee316c UE4Editor.exe!UnknownFunction []
[2019.08.02-16.19.14:517][130]LogWindows: Error: [Callstack] 0x00007ff7a5ee5b8e UE4Editor.exe!UnknownFunction []
[2019.08.02-16.19.14:517][130]LogWindows: Error: [Callstack] 0x00007ffc42917bd4 KERNEL32.DLL!UnknownFunction []
[2019.08.02-16.19.14:517][130]LogWindows: Error: [Callstack] 0x00007ffc4328ce71 ntdll.dll!UnknownFunction []
[2019.08.02-16.19.14:517][130]LogWindows: Error: 
[2019.08.02-16.19.14:534][130]LogExit: Executing StaticShutdownAfterError
[2019.08.02-16.19.14:537][130]LogWindows: FPlatformMisc::RequestExit(1)
[2019.08.02-16.19.14:541][130]Log file closed, 08/02/19 18:19:14
